13-Jun-2024 18:59:31.285 INFO [Thread-2] org.apache.coyote.AbstractProtocol.pause Pausing ProtocolHandler ["http-nio-8509"]
13-Jun-2024 18:59:31.648 INFO [Thread-2] org.apache.coyote.AbstractProtocol.pause Pausing ProtocolHandler ["https-jsse-nio-8543"]
13-Jun-2024 18:59:31.673 INFO [Thread-2] org.apache.catalina.core.StandardService.stopInternal Stopping service [Catalina]
13-Jun-2024 18:59:31.745 SEVERE [Thread-2] org.apache.catalina.mapper.MapperListener.findDefaultHost Unknown default host [localhost] for service [StandardService[Catalina]]. Tomcat will not be able process HTTP/1.0 requests that do not specify a host name.
13-Jun-2024 18:59:32.042 INFO [Thread-2] org.apache.catalina.core.ApplicationContext.log SessionListener: contextDestroyed()
13-Jun-2024 18:59:32.042 INFO [Thread-2] org.apache.catalina.core.ApplicationContext.log ContextListener: contextDestroyed()
13-Jun-2024 18:59:33.840 WARNING [Thread-2] org.apache.catalina.loader.WebappClassLoaderBase.clearReferencesThreads The web application [OAuth2Client] appears to have started a thread named [mysql-cj-abandoned-connection-cleanup] but has failed to stop it. This is very likely to create a memory leak. Stack trace of thread:
 java.base/java.io.WinNTFileSystem.getBooleanAttributes0(Native Method)
 java.base/java.io.WinNTFileSystem.getBooleanAttributes(WinNTFileSystem.java:588)
 java.base/java.io.FileSystem.hasBooleanAttributes(FileSystem.java:125)
 java.base/java.io.File.isDirectory(File.java:867)
 java.base/java.io.File.toURI(File.java:746)
 org.apache.catalina.webresources.FileResource.getURL(FileResource.java:253)
 org.apache.catalina.webresources.CachedResource.getURL(CachedResource.java:338)
 org.apache.catalina.loader.WebappClassLoaderBase.findResource(WebappClassLoaderBase.java:956)
 org.apache.catalina.loader.WebappClassLoaderBase.getResource(WebappClassLoaderBase.java:1078)
 com.mysql.cj.jdbc.AbandonedConnectionCleanupThread.checkThreadContextClassLoader(AbandonedConnectionCleanupThread.java:123)
 com.mysql.cj.jdbc.AbandonedConnectionCleanupThread.run(AbandonedConnectionCleanupThread.java:90)
 java.base/java.util.concurrent.ThreadPoolExecutor.runWorker(ThreadPoolExecutor.java:1144)
 java.base/java.util.concurrent.ThreadPoolExecutor$Worker.run(ThreadPoolExecutor.java:642)
 java.base/java.lang.Thread.run(Thread.java:1623)
13-Jun-2024 18:59:33.871 INFO [Thread-2] org.apache.coyote.AbstractProtocol.stop Stopping ProtocolHandler ["http-nio-8509"]
13-Jun-2024 18:59:33.887 INFO [Thread-2] org.apache.coyote.AbstractProtocol.stop Stopping ProtocolHandler ["https-jsse-nio-8543"]
13-Jun-2024 18:59:33.981 INFO [Thread-2] org.apache.coyote.AbstractProtocol.destroy Destroying ProtocolHandler ["http-nio-8509"]
13-Jun-2024 18:59:33.981 INFO [Thread-2] org.apache.coyote.AbstractProtocol.destroy Destroying ProtocolHandler ["https-jsse-nio-8543"]
