05-Jun-2024 21:25:21.853 FINE [https-jsse-nio-8543-exec-2] org.apache.tomcat.util.net.NioEndpoint$SocketProcessor.doRun Handshake failed for client connection from IP address [127.0.0.1] and port [53622]
	javax.net.ssl.SSLHandshakeException: Received fatal alert: certificate_unknown
		at java.base/sun.security.ssl.Alert.createSSLException(Alert.java:130)
		at java.base/sun.security.ssl.Alert.createSSLException(Alert.java:117)
		at java.base/sun.security.ssl.TransportContext.fatal(TransportContext.java:365)
		at java.base/sun.security.ssl.Alert$AlertConsumer.consume(Alert.java:287)
		at java.base/sun.security.ssl.TransportContext.dispatch(TransportContext.java:204)
		at java.base/sun.security.ssl.SSLTransport.decode(SSLTransport.java:172)
		at java.base/sun.security.ssl.SSLEngineImpl.decode(SSLEngineImpl.java:736)
		at java.base/sun.security.ssl.SSLEngineImpl.readRecord(SSLEngineImpl.java:691)
		at java.base/sun.security.ssl.SSLEngineImpl.unwrap(SSLEngineImpl.java:506)
		at java.base/sun.security.ssl.SSLEngineImpl.unwrap(SSLEngineImpl.java:482)
		at java.base/javax.net.ssl.SSLEngine.unwrap(SSLEngine.java:679)
		at org.apache.tomcat.util.net.SecureNioChannel.handshakeUnwrap(SecureNioChannel.java:483)
		at org.apache.tomcat.util.net.SecureNioChannel.handshake(SecureNioChannel.java:215)
		at org.apache.tomcat.util.net.NioEndpoint$SocketProcessor.doRun(NioEndpoint.java:1765)
		at org.apache.tomcat.util.net.SocketProcessorBase.run(SocketProcessorBase.java:52)
		at org.apache.tomcat.util.threads.ThreadPoolExecutor.runWorker(ThreadPoolExecutor.java:1191)
		at org.apache.tomcat.util.threads.ThreadPoolExecutor$Worker.run(ThreadPoolExecutor.java:659)
		at org.apache.tomcat.util.threads.TaskThread$WrappingRunnable.run(TaskThread.java:61)
		at java.base/java.lang.Thread.run(Thread.java:1623)
05-Jun-2024 21:25:21.853 FINE [https-jsse-nio-8543-exec-1] org.apache.tomcat.util.net.NioEndpoint$SocketProcessor.doRun Handshake failed for client connection from IP address [127.0.0.1] and port [53621]
	javax.net.ssl.SSLHandshakeException: Received fatal alert: certificate_unknown
		at java.base/sun.security.ssl.Alert.createSSLException(Alert.java:130)
		at java.base/sun.security.ssl.Alert.createSSLException(Alert.java:117)
		at java.base/sun.security.ssl.TransportContext.fatal(TransportContext.java:365)
		at java.base/sun.security.ssl.Alert$AlertConsumer.consume(Alert.java:287)
		at java.base/sun.security.ssl.TransportContext.dispatch(TransportContext.java:204)
		at java.base/sun.security.ssl.SSLTransport.decode(SSLTransport.java:172)
		at java.base/sun.security.ssl.SSLEngineImpl.decode(SSLEngineImpl.java:736)
		at java.base/sun.security.ssl.SSLEngineImpl.readRecord(SSLEngineImpl.java:691)
		at java.base/sun.security.ssl.SSLEngineImpl.unwrap(SSLEngineImpl.java:506)
		at java.base/sun.security.ssl.SSLEngineImpl.unwrap(SSLEngineImpl.java:482)
		at java.base/javax.net.ssl.SSLEngine.unwrap(SSLEngine.java:679)
		at org.apache.tomcat.util.net.SecureNioChannel.handshakeUnwrap(SecureNioChannel.java:483)
		at org.apache.tomcat.util.net.SecureNioChannel.handshake(SecureNioChannel.java:215)
		at org.apache.tomcat.util.net.NioEndpoint$SocketProcessor.doRun(NioEndpoint.java:1765)
		at org.apache.tomcat.util.net.SocketProcessorBase.run(SocketProcessorBase.java:52)
		at org.apache.tomcat.util.threads.ThreadPoolExecutor.runWorker(ThreadPoolExecutor.java:1191)
		at org.apache.tomcat.util.threads.ThreadPoolExecutor$Worker.run(ThreadPoolExecutor.java:659)
		at org.apache.tomcat.util.threads.TaskThread$WrappingRunnable.run(TaskThread.java:61)
		at java.base/java.lang.Thread.run(Thread.java:1623)
05-Jun-2024 21:31:34.351 INFO [Thread-2] org.apache.coyote.AbstractProtocol.pause Pausing ProtocolHandler ["http-nio-8509"]
05-Jun-2024 21:31:34.403 INFO [Thread-2] org.apache.coyote.AbstractProtocol.pause Pausing ProtocolHandler ["https-jsse-nio-8543"]
05-Jun-2024 21:31:34.419 INFO [Thread-2] org.apache.catalina.core.StandardService.stopInternal Stopping service [Catalina]
05-Jun-2024 21:31:34.446 SEVERE [Thread-2] org.apache.catalina.mapper.MapperListener.findDefaultHost Unknown default host [localhost] for service [StandardService[Catalina]]. Tomcat will not be able process HTTP/1.0 requests that do not specify a host name.
05-Jun-2024 21:31:34.794 INFO [Thread-2] org.apache.catalina.core.ApplicationContext.log SessionListener: contextDestroyed()
05-Jun-2024 21:31:34.794 INFO [Thread-2] org.apache.catalina.core.ApplicationContext.log ContextListener: contextDestroyed()
05-Jun-2024 21:31:36.347 WARNING [Thread-2] org.apache.catalina.loader.WebappClassLoaderBase.clearReferencesThreads The web application [OAuth2Client] appears to have started a thread named [BufferPoolPruner-1-thread-1] but has failed to stop it. This is very likely to create a memory leak. Stack trace of thread:
 java.base/jdk.internal.misc.Unsafe.park(Native Method)
 java.base/java.util.concurrent.locks.LockSupport.parkNanos(LockSupport.java:269)
 java.base/java.util.concurrent.locks.AbstractQueuedSynchronizer$ConditionObject.awaitNanos(AbstractQueuedSynchronizer.java:1758)
 java.base/java.util.concurrent.ScheduledThreadPoolExecutor$DelayedWorkQueue.take(ScheduledThreadPoolExecutor.java:1182)
 java.base/java.util.concurrent.ScheduledThreadPoolExecutor$DelayedWorkQueue.take(ScheduledThreadPoolExecutor.java:899)
 java.base/java.util.concurrent.ThreadPoolExecutor.getTask(ThreadPoolExecutor.java:1070)
 java.base/java.util.concurrent.ThreadPoolExecutor.runWorker(ThreadPoolExecutor.java:1130)
 java.base/java.util.concurrent.ThreadPoolExecutor$Worker.run(ThreadPoolExecutor.java:642)
 java.base/java.lang.Thread.run(Thread.java:1623)
05-Jun-2024 21:31:36.350 WARNING [Thread-2] org.apache.catalina.loader.WebappClassLoaderBase.clearReferencesThreads The web application [OAuth2Client] appears to have started a thread named [cluster-ClusterId{value='665b2ff1a3786745dd83d5c8', description='null'}-oauth2client:27017] but has failed to stop it. This is very likely to create a memory leak. Stack trace of thread:
 java.base/sun.nio.ch.Net.poll(Native Method)
 java.base/sun.nio.ch.NioSocketImpl.park(NioSocketImpl.java:186)
 java.base/sun.nio.ch.NioSocketImpl.timedRead(NioSocketImpl.java:275)
 java.base/sun.nio.ch.NioSocketImpl.implRead(NioSocketImpl.java:299)
 java.base/sun.nio.ch.NioSocketImpl.read(NioSocketImpl.java:340)
 java.base/sun.nio.ch.NioSocketImpl$1.read(NioSocketImpl.java:789)
 java.base/java.net.Socket$SocketInputStream.read(Socket.java:1025)
 com.mongodb.internal.connection.SocketStream.read(SocketStream.java:175)
 com.mongodb.internal.connection.SocketStream.read(SocketStream.java:200)
 com.mongodb.internal.connection.InternalStreamConnection.receiveResponseBuffers(InternalStreamConnection.java:739)
 com.mongodb.internal.connection.InternalStreamConnection.receiveMessageWithAdditionalTimeout(InternalStreamConnection.java:603)
 com.mongodb.internal.connection.InternalStreamConnection.receiveCommandMessageResponse(InternalStreamConnection.java:451)
 com.mongodb.internal.connection.InternalStreamConnection.receive(InternalStreamConnection.java:404)
 com.mongodb.internal.connection.DefaultServerMonitor$ServerMonitorRunnable.lookupServerDescription(DefaultServerMonitor.java:224)
 com.mongodb.internal.connection.DefaultServerMonitor$ServerMonitorRunnable.run(DefaultServerMonitor.java:156)
 java.base/java.lang.Thread.run(Thread.java:1623)
05-Jun-2024 21:31:36.351 WARNING [Thread-2] org.apache.catalina.loader.WebappClassLoaderBase.clearReferencesThreads The web application [OAuth2Client] appears to have started a thread named [cluster-rtt-ClusterId{value='665b2ff1a3786745dd83d5c8', description='null'}-oauth2client:27017] but has failed to stop it. This is very likely to create a memory leak. Stack trace of thread:
 java.base/java.lang.Thread.sleep0(Native Method)
 java.base/java.lang.Thread.sleep(Thread.java:484)
 com.mongodb.internal.connection.DefaultServerMonitor.waitForNext(DefaultServerMonitor.java:442)
 com.mongodb.internal.connection.DefaultServerMonitor.access$1500(DefaultServerMonitor.java:68)
 com.mongodb.internal.connection.DefaultServerMonitor$RoundTripTimeRunnable.run(DefaultServerMonitor.java:413)
 java.base/java.lang.Thread.run(Thread.java:1623)
05-Jun-2024 21:31:36.351 WARNING [Thread-2] org.apache.catalina.loader.WebappClassLoaderBase.clearReferencesThreads The web application [OAuth2Client] appears to have started a thread named [MaintenanceTimer-2-thread-1] but has failed to stop it. This is very likely to create a memory leak. Stack trace of thread:
 java.base/jdk.internal.misc.Unsafe.park(Native Method)
 java.base/java.util.concurrent.locks.LockSupport.parkNanos(LockSupport.java:269)
 java.base/java.util.concurrent.locks.AbstractQueuedSynchronizer$ConditionObject.awaitNanos(AbstractQueuedSynchronizer.java:1758)
 java.base/java.util.concurrent.ScheduledThreadPoolExecutor$DelayedWorkQueue.take(ScheduledThreadPoolExecutor.java:1182)
 java.base/java.util.concurrent.ScheduledThreadPoolExecutor$DelayedWorkQueue.take(ScheduledThreadPoolExecutor.java:899)
 java.base/java.util.concurrent.ThreadPoolExecutor.getTask(ThreadPoolExecutor.java:1070)
 java.base/java.util.concurrent.ThreadPoolExecutor.runWorker(ThreadPoolExecutor.java:1130)
 java.base/java.util.concurrent.ThreadPoolExecutor$Worker.run(ThreadPoolExecutor.java:642)
 java.base/java.lang.Thread.run(Thread.java:1623)
05-Jun-2024 21:31:36.351 WARNING [Thread-2] org.apache.catalina.loader.WebappClassLoaderBase.clearReferencesThreads The web application [OAuth2Client] appears to have started a thread named [cluster-ClusterId{value='665b2ff4a3786745dd83d5ca', description='null'}-oauth2client:27017] but has failed to stop it. This is very likely to create a memory leak. Stack trace of thread:
 java.base/sun.nio.ch.Net.poll(Native Method)
 java.base/sun.nio.ch.NioSocketImpl.park(NioSocketImpl.java:186)
 java.base/sun.nio.ch.NioSocketImpl.timedRead(NioSocketImpl.java:275)
 java.base/sun.nio.ch.NioSocketImpl.implRead(NioSocketImpl.java:299)
 java.base/sun.nio.ch.NioSocketImpl.read(NioSocketImpl.java:340)
 java.base/sun.nio.ch.NioSocketImpl$1.read(NioSocketImpl.java:789)
 java.base/java.net.Socket$SocketInputStream.read(Socket.java:1025)
 com.mongodb.internal.connection.SocketStream.read(SocketStream.java:175)
 com.mongodb.internal.connection.SocketStream.read(SocketStream.java:200)
 com.mongodb.internal.connection.InternalStreamConnection.receiveResponseBuffers(InternalStreamConnection.java:739)
 com.mongodb.internal.connection.InternalStreamConnection.receiveMessageWithAdditionalTimeout(InternalStreamConnection.java:603)
 com.mongodb.internal.connection.InternalStreamConnection.receiveCommandMessageResponse(InternalStreamConnection.java:451)
 com.mongodb.internal.connection.InternalStreamConnection.receive(InternalStreamConnection.java:404)
 com.mongodb.internal.connection.DefaultServerMonitor$ServerMonitorRunnable.lookupServerDescription(DefaultServerMonitor.java:224)
 com.mongodb.internal.connection.DefaultServerMonitor$ServerMonitorRunnable.run(DefaultServerMonitor.java:156)
 java.base/java.lang.Thread.run(Thread.java:1623)
05-Jun-2024 21:31:36.352 WARNING [Thread-2] org.apache.catalina.loader.WebappClassLoaderBase.clearReferencesThreads The web application [OAuth2Client] appears to have started a thread named [cluster-rtt-ClusterId{value='665b2ff4a3786745dd83d5ca', description='null'}-oauth2client:27017] but has failed to stop it. This is very likely to create a memory leak. Stack trace of thread:
 java.base/java.lang.Thread.sleep0(Native Method)
 java.base/java.lang.Thread.sleep(Thread.java:484)
 com.mongodb.internal.connection.DefaultServerMonitor.waitForNext(DefaultServerMonitor.java:442)
 com.mongodb.internal.connection.DefaultServerMonitor.access$1500(DefaultServerMonitor.java:68)
 com.mongodb.internal.connection.DefaultServerMonitor$RoundTripTimeRunnable.run(DefaultServerMonitor.java:413)
 java.base/java.lang.Thread.run(Thread.java:1623)
05-Jun-2024 21:31:36.352 WARNING [Thread-2] org.apache.catalina.loader.WebappClassLoaderBase.clearReferencesThreads The web application [OAuth2Client] appears to have started a thread named [MaintenanceTimer-3-thread-1] but has failed to stop it. This is very likely to create a memory leak. Stack trace of thread:
 java.base/jdk.internal.misc.Unsafe.park(Native Method)
 java.base/java.util.concurrent.locks.LockSupport.parkNanos(LockSupport.java:269)
 java.base/java.util.concurrent.locks.AbstractQueuedSynchronizer$ConditionObject.awaitNanos(AbstractQueuedSynchronizer.java:1758)
 java.base/java.util.concurrent.ScheduledThreadPoolExecutor$DelayedWorkQueue.take(ScheduledThreadPoolExecutor.java:1182)
 java.base/java.util.concurrent.ScheduledThreadPoolExecutor$DelayedWorkQueue.take(ScheduledThreadPoolExecutor.java:899)
 java.base/java.util.concurrent.ThreadPoolExecutor.getTask(ThreadPoolExecutor.java:1070)
 java.base/java.util.concurrent.ThreadPoolExecutor.runWorker(ThreadPoolExecutor.java:1130)
 java.base/java.util.concurrent.ThreadPoolExecutor$Worker.run(ThreadPoolExecutor.java:642)
 java.base/java.lang.Thread.run(Thread.java:1623)
05-Jun-2024 21:31:36.352 WARNING [Thread-2] org.apache.catalina.loader.WebappClassLoaderBase.clearReferencesThreads The web application [OAuth2Client] appears to have started a thread named [cluster-ClusterId{value='665b2ff6a3786745dd83d5cb', description='null'}-oauth2client:27017] but has failed to stop it. This is very likely to create a memory leak. Stack trace of thread:
 java.base/sun.nio.ch.Net.poll(Native Method)
 java.base/sun.nio.ch.NioSocketImpl.park(NioSocketImpl.java:186)
 java.base/sun.nio.ch.NioSocketImpl.timedRead(NioSocketImpl.java:275)
 java.base/sun.nio.ch.NioSocketImpl.implRead(NioSocketImpl.java:299)
 java.base/sun.nio.ch.NioSocketImpl.read(NioSocketImpl.java:340)
 java.base/sun.nio.ch.NioSocketImpl$1.read(NioSocketImpl.java:789)
 java.base/java.net.Socket$SocketInputStream.read(Socket.java:1025)
 com.mongodb.internal.connection.SocketStream.read(SocketStream.java:175)
 com.mongodb.internal.connection.SocketStream.read(SocketStream.java:200)
 com.mongodb.internal.connection.InternalStreamConnection.receiveResponseBuffers(InternalStreamConnection.java:739)
 com.mongodb.internal.connection.InternalStreamConnection.receiveMessageWithAdditionalTimeout(InternalStreamConnection.java:603)
 com.mongodb.internal.connection.InternalStreamConnection.receiveCommandMessageResponse(InternalStreamConnection.java:451)
 com.mongodb.internal.connection.InternalStreamConnection.receive(InternalStreamConnection.java:404)
 com.mongodb.internal.connection.DefaultServerMonitor$ServerMonitorRunnable.lookupServerDescription(DefaultServerMonitor.java:224)
 com.mongodb.internal.connection.DefaultServerMonitor$ServerMonitorRunnable.run(DefaultServerMonitor.java:156)
 java.base/java.lang.Thread.run(Thread.java:1623)
05-Jun-2024 21:31:36.353 WARNING [Thread-2] org.apache.catalina.loader.WebappClassLoaderBase.clearReferencesThreads The web application [OAuth2Client] appears to have started a thread named [cluster-rtt-ClusterId{value='665b2ff6a3786745dd83d5cb', description='null'}-oauth2client:27017] but has failed to stop it. This is very likely to create a memory leak. Stack trace of thread:
 java.base/java.lang.Thread.sleep0(Native Method)
 java.base/java.lang.Thread.sleep(Thread.java:484)
 com.mongodb.internal.connection.DefaultServerMonitor.waitForNext(DefaultServerMonitor.java:442)
 com.mongodb.internal.connection.DefaultServerMonitor.access$1500(DefaultServerMonitor.java:68)
 com.mongodb.internal.connection.DefaultServerMonitor$RoundTripTimeRunnable.run(DefaultServerMonitor.java:413)
 java.base/java.lang.Thread.run(Thread.java:1623)
05-Jun-2024 21:31:36.353 WARNING [Thread-2] org.apache.catalina.loader.WebappClassLoaderBase.clearReferencesThreads The web application [OAuth2Client] appears to have started a thread named [MaintenanceTimer-4-thread-1] but has failed to stop it. This is very likely to create a memory leak. Stack trace of thread:
 java.base/jdk.internal.misc.Unsafe.park(Native Method)
 java.base/java.util.concurrent.locks.LockSupport.parkNanos(LockSupport.java:269)
 java.base/java.util.concurrent.locks.AbstractQueuedSynchronizer$ConditionObject.awaitNanos(AbstractQueuedSynchronizer.java:1758)
 java.base/java.util.concurrent.ScheduledThreadPoolExecutor$DelayedWorkQueue.take(ScheduledThreadPoolExecutor.java:1182)
 java.base/java.util.concurrent.ScheduledThreadPoolExecutor$DelayedWorkQueue.take(ScheduledThreadPoolExecutor.java:899)
 java.base/java.util.concurrent.ThreadPoolExecutor.getTask(ThreadPoolExecutor.java:1070)
 java.base/java.util.concurrent.ThreadPoolExecutor.runWorker(ThreadPoolExecutor.java:1130)
 java.base/java.util.concurrent.ThreadPoolExecutor$Worker.run(ThreadPoolExecutor.java:642)
 java.base/java.lang.Thread.run(Thread.java:1623)
05-Jun-2024 21:31:36.353 WARNING [Thread-2] org.apache.catalina.loader.WebappClassLoaderBase.clearReferencesThreads The web application [OAuth2Client] appears to have started a thread named [cluster-ClusterId{value='665b3355a3786745dd83d5cd', description='null'}-oauth2client:27017] but has failed to stop it. This is very likely to create a memory leak. Stack trace of thread:
 java.base/sun.nio.ch.Net.poll(Native Method)
 java.base/sun.nio.ch.NioSocketImpl.park(NioSocketImpl.java:186)
 java.base/sun.nio.ch.NioSocketImpl.timedRead(NioSocketImpl.java:275)
 java.base/sun.nio.ch.NioSocketImpl.implRead(NioSocketImpl.java:299)
 java.base/sun.nio.ch.NioSocketImpl.read(NioSocketImpl.java:340)
 java.base/sun.nio.ch.NioSocketImpl$1.read(NioSocketImpl.java:789)
 java.base/java.net.Socket$SocketInputStream.read(Socket.java:1025)
 com.mongodb.internal.connection.SocketStream.read(SocketStream.java:175)
 com.mongodb.internal.connection.SocketStream.read(SocketStream.java:200)
 com.mongodb.internal.connection.InternalStreamConnection.receiveResponseBuffers(InternalStreamConnection.java:739)
 com.mongodb.internal.connection.InternalStreamConnection.receiveMessageWithAdditionalTimeout(InternalStreamConnection.java:603)
 com.mongodb.internal.connection.InternalStreamConnection.receiveCommandMessageResponse(InternalStreamConnection.java:451)
 com.mongodb.internal.connection.InternalStreamConnection.receive(InternalStreamConnection.java:404)
 com.mongodb.internal.connection.DefaultServerMonitor$ServerMonitorRunnable.lookupServerDescription(DefaultServerMonitor.java:224)
 com.mongodb.internal.connection.DefaultServerMonitor$ServerMonitorRunnable.run(DefaultServerMonitor.java:156)
 java.base/java.lang.Thread.run(Thread.java:1623)
05-Jun-2024 21:31:36.353 WARNING [Thread-2] org.apache.catalina.loader.WebappClassLoaderBase.clearReferencesThreads The web application [OAuth2Client] appears to have started a thread named [cluster-rtt-ClusterId{value='665b3355a3786745dd83d5cd', description='null'}-oauth2client:27017] but has failed to stop it. This is very likely to create a memory leak. Stack trace of thread:
 java.base/java.lang.Thread.sleep0(Native Method)
 java.base/java.lang.Thread.sleep(Thread.java:484)
 com.mongodb.internal.connection.DefaultServerMonitor.waitForNext(DefaultServerMonitor.java:442)
 com.mongodb.internal.connection.DefaultServerMonitor.access$1500(DefaultServerMonitor.java:68)
 com.mongodb.internal.connection.DefaultServerMonitor$RoundTripTimeRunnable.run(DefaultServerMonitor.java:413)
 java.base/java.lang.Thread.run(Thread.java:1623)
05-Jun-2024 21:31:36.353 WARNING [Thread-2] org.apache.catalina.loader.WebappClassLoaderBase.clearReferencesThreads The web application [OAuth2Client] appears to have started a thread named [MaintenanceTimer-5-thread-1] but has failed to stop it. This is very likely to create a memory leak. Stack trace of thread:
 java.base/jdk.internal.misc.Unsafe.park(Native Method)
 java.base/java.util.concurrent.locks.LockSupport.parkNanos(LockSupport.java:269)
 java.base/java.util.concurrent.locks.AbstractQueuedSynchronizer$ConditionObject.awaitNanos(AbstractQueuedSynchronizer.java:1758)
 java.base/java.util.concurrent.ScheduledThreadPoolExecutor$DelayedWorkQueue.take(ScheduledThreadPoolExecutor.java:1182)
 java.base/java.util.concurrent.ScheduledThreadPoolExecutor$DelayedWorkQueue.take(ScheduledThreadPoolExecutor.java:899)
 java.base/java.util.concurrent.ThreadPoolExecutor.getTask(ThreadPoolExecutor.java:1070)
 java.base/java.util.concurrent.ThreadPoolExecutor.runWorker(ThreadPoolExecutor.java:1130)
 java.base/java.util.concurrent.ThreadPoolExecutor$Worker.run(ThreadPoolExecutor.java:642)
 java.base/java.lang.Thread.run(Thread.java:1623)
05-Jun-2024 21:31:36.355 WARNING [Thread-2] org.apache.catalina.loader.WebappClassLoaderBase.clearReferencesThreads The web application [OAuth2Client] appears to have started a thread named [cluster-ClusterId{value='665dd454a3786745dd83d5ce', description='null'}-oauth2client:27017] but has failed to stop it. This is very likely to create a memory leak. Stack trace of thread:
 java.base/sun.nio.ch.Net.poll(Native Method)
 java.base/sun.nio.ch.NioSocketImpl.park(NioSocketImpl.java:186)
 java.base/sun.nio.ch.NioSocketImpl.timedRead(NioSocketImpl.java:275)
 java.base/sun.nio.ch.NioSocketImpl.implRead(NioSocketImpl.java:299)
 java.base/sun.nio.ch.NioSocketImpl.read(NioSocketImpl.java:340)
 java.base/sun.nio.ch.NioSocketImpl$1.read(NioSocketImpl.java:789)
 java.base/java.net.Socket$SocketInputStream.read(Socket.java:1025)
 com.mongodb.internal.connection.SocketStream.read(SocketStream.java:175)
 com.mongodb.internal.connection.SocketStream.read(SocketStream.java:200)
 com.mongodb.internal.connection.InternalStreamConnection.receiveResponseBuffers(InternalStreamConnection.java:739)
 com.mongodb.internal.connection.InternalStreamConnection.receiveMessageWithAdditionalTimeout(InternalStreamConnection.java:603)
 com.mongodb.internal.connection.InternalStreamConnection.receiveCommandMessageResponse(InternalStreamConnection.java:451)
 com.mongodb.internal.connection.InternalStreamConnection.receive(InternalStreamConnection.java:404)
 com.mongodb.internal.connection.DefaultServerMonitor$ServerMonitorRunnable.lookupServerDescription(DefaultServerMonitor.java:224)
 com.mongodb.internal.connection.DefaultServerMonitor$ServerMonitorRunnable.run(DefaultServerMonitor.java:156)
 java.base/java.lang.Thread.run(Thread.java:1623)
05-Jun-2024 21:31:36.355 WARNING [Thread-2] org.apache.catalina.loader.WebappClassLoaderBase.clearReferencesThreads The web application [OAuth2Client] appears to have started a thread named [cluster-rtt-ClusterId{value='665dd454a3786745dd83d5ce', description='null'}-oauth2client:27017] but has failed to stop it. This is very likely to create a memory leak. Stack trace of thread:
 java.base/java.lang.Thread.sleep0(Native Method)
 java.base/java.lang.Thread.sleep(Thread.java:484)
 com.mongodb.internal.connection.DefaultServerMonitor.waitForNext(DefaultServerMonitor.java:442)
 com.mongodb.internal.connection.DefaultServerMonitor.access$1500(DefaultServerMonitor.java:68)
 com.mongodb.internal.connection.DefaultServerMonitor$RoundTripTimeRunnable.run(DefaultServerMonitor.java:413)
 java.base/java.lang.Thread.run(Thread.java:1623)
05-Jun-2024 21:31:36.355 WARNING [Thread-2] org.apache.catalina.loader.WebappClassLoaderBase.clearReferencesThreads The web application [OAuth2Client] appears to have started a thread named [MaintenanceTimer-6-thread-1] but has failed to stop it. This is very likely to create a memory leak. Stack trace of thread:
 java.base/jdk.internal.misc.Unsafe.park(Native Method)
 java.base/java.util.concurrent.locks.LockSupport.parkNanos(LockSupport.java:269)
 java.base/java.util.concurrent.locks.AbstractQueuedSynchronizer$ConditionObject.awaitNanos(AbstractQueuedSynchronizer.java:1758)
 java.base/java.util.concurrent.ScheduledThreadPoolExecutor$DelayedWorkQueue.take(ScheduledThreadPoolExecutor.java:1182)
 java.base/java.util.concurrent.ScheduledThreadPoolExecutor$DelayedWorkQueue.take(ScheduledThreadPoolExecutor.java:899)
 java.base/java.util.concurrent.ThreadPoolExecutor.getTask(ThreadPoolExecutor.java:1070)
 java.base/java.util.concurrent.ThreadPoolExecutor.runWorker(ThreadPoolExecutor.java:1130)
 java.base/java.util.concurrent.ThreadPoolExecutor$Worker.run(ThreadPoolExecutor.java:642)
 java.base/java.lang.Thread.run(Thread.java:1623)
05-Jun-2024 21:31:36.356 WARNING [Thread-2] org.apache.catalina.loader.WebappClassLoaderBase.clearReferencesThreads The web application [OAuth2Client] appears to have started a thread named [cluster-ClusterId{value='665dd476a3786745dd83d5d0', description='null'}-oauth2client:27017] but has failed to stop it. This is very likely to create a memory leak. Stack trace of thread:
 java.base/sun.nio.ch.Net.poll(Native Method)
 java.base/sun.nio.ch.NioSocketImpl.park(NioSocketImpl.java:186)
 java.base/sun.nio.ch.NioSocketImpl.timedRead(NioSocketImpl.java:275)
 java.base/sun.nio.ch.NioSocketImpl.implRead(NioSocketImpl.java:299)
 java.base/sun.nio.ch.NioSocketImpl.read(NioSocketImpl.java:340)
 java.base/sun.nio.ch.NioSocketImpl$1.read(NioSocketImpl.java:789)
 java.base/java.net.Socket$SocketInputStream.read(Socket.java:1025)
 com.mongodb.internal.connection.SocketStream.read(SocketStream.java:175)
 com.mongodb.internal.connection.SocketStream.read(SocketStream.java:200)
 com.mongodb.internal.connection.InternalStreamConnection.receiveResponseBuffers(InternalStreamConnection.java:739)
 com.mongodb.internal.connection.InternalStreamConnection.receiveMessageWithAdditionalTimeout(InternalStreamConnection.java:603)
 com.mongodb.internal.connection.InternalStreamConnection.receiveCommandMessageResponse(InternalStreamConnection.java:451)
 com.mongodb.internal.connection.InternalStreamConnection.receive(InternalStreamConnection.java:404)
 com.mongodb.internal.connection.DefaultServerMonitor$ServerMonitorRunnable.lookupServerDescription(DefaultServerMonitor.java:224)
 com.mongodb.internal.connection.DefaultServerMonitor$ServerMonitorRunnable.run(DefaultServerMonitor.java:156)
 java.base/java.lang.Thread.run(Thread.java:1623)
05-Jun-2024 21:31:36.356 WARNING [Thread-2] org.apache.catalina.loader.WebappClassLoaderBase.clearReferencesThreads The web application [OAuth2Client] appears to have started a thread named [cluster-rtt-ClusterId{value='665dd476a3786745dd83d5d0', description='null'}-oauth2client:27017] but has failed to stop it. This is very likely to create a memory leak. Stack trace of thread:
 java.base/java.lang.Thread.sleep0(Native Method)
 java.base/java.lang.Thread.sleep(Thread.java:484)
 com.mongodb.internal.connection.DefaultServerMonitor.waitForNext(DefaultServerMonitor.java:442)
 com.mongodb.internal.connection.DefaultServerMonitor.access$1500(DefaultServerMonitor.java:68)
 com.mongodb.internal.connection.DefaultServerMonitor$RoundTripTimeRunnable.run(DefaultServerMonitor.java:413)
 java.base/java.lang.Thread.run(Thread.java:1623)
05-Jun-2024 21:31:36.356 WARNING [Thread-2] org.apache.catalina.loader.WebappClassLoaderBase.clearReferencesThreads The web application [OAuth2Client] appears to have started a thread named [MaintenanceTimer-7-thread-1] but has failed to stop it. This is very likely to create a memory leak. Stack trace of thread:
 java.base/jdk.internal.misc.Unsafe.park(Native Method)
 java.base/java.util.concurrent.locks.LockSupport.parkNanos(LockSupport.java:269)
 java.base/java.util.concurrent.locks.AbstractQueuedSynchronizer$ConditionObject.awaitNanos(AbstractQueuedSynchronizer.java:1758)
 java.base/java.util.concurrent.ScheduledThreadPoolExecutor$DelayedWorkQueue.take(ScheduledThreadPoolExecutor.java:1182)
 java.base/java.util.concurrent.ScheduledThreadPoolExecutor$DelayedWorkQueue.take(ScheduledThreadPoolExecutor.java:899)
 java.base/java.util.concurrent.ThreadPoolExecutor.getTask(ThreadPoolExecutor.java:1070)
 java.base/java.util.concurrent.ThreadPoolExecutor.runWorker(ThreadPoolExecutor.java:1130)
 java.base/java.util.concurrent.ThreadPoolExecutor$Worker.run(ThreadPoolExecutor.java:642)
 java.base/java.lang.Thread.run(Thread.java:1623)
05-Jun-2024 21:31:36.357 WARNING [Thread-2] org.apache.catalina.loader.WebappClassLoaderBase.clearReferencesThreads The web application [OAuth2Client] appears to have started a thread named [cluster-ClusterId{value='665dd4b0a3786745dd83d5d1', description='null'}-oauth2client:27017] but has failed to stop it. This is very likely to create a memory leak. Stack trace of thread:
 java.base/sun.nio.ch.Net.poll(Native Method)
 java.base/sun.nio.ch.NioSocketImpl.park(NioSocketImpl.java:186)
 java.base/sun.nio.ch.NioSocketImpl.timedRead(NioSocketImpl.java:275)
 java.base/sun.nio.ch.NioSocketImpl.implRead(NioSocketImpl.java:299)
 java.base/sun.nio.ch.NioSocketImpl.read(NioSocketImpl.java:340)
 java.base/sun.nio.ch.NioSocketImpl$1.read(NioSocketImpl.java:789)
 java.base/java.net.Socket$SocketInputStream.read(Socket.java:1025)
 com.mongodb.internal.connection.SocketStream.read(SocketStream.java:175)
 com.mongodb.internal.connection.SocketStream.read(SocketStream.java:200)
 com.mongodb.internal.connection.InternalStreamConnection.receiveResponseBuffers(InternalStreamConnection.java:739)
 com.mongodb.internal.connection.InternalStreamConnection.receiveMessageWithAdditionalTimeout(InternalStreamConnection.java:603)
 com.mongodb.internal.connection.InternalStreamConnection.receiveCommandMessageResponse(InternalStreamConnection.java:451)
 com.mongodb.internal.connection.InternalStreamConnection.receive(InternalStreamConnection.java:404)
 com.mongodb.internal.connection.DefaultServerMonitor$ServerMonitorRunnable.lookupServerDescription(DefaultServerMonitor.java:224)
 com.mongodb.internal.connection.DefaultServerMonitor$ServerMonitorRunnable.run(DefaultServerMonitor.java:156)
 java.base/java.lang.Thread.run(Thread.java:1623)
05-Jun-2024 21:31:36.357 WARNING [Thread-2] org.apache.catalina.loader.WebappClassLoaderBase.clearReferencesThreads The web application [OAuth2Client] appears to have started a thread named [cluster-rtt-ClusterId{value='665dd4b0a3786745dd83d5d1', description='null'}-oauth2client:27017] but has failed to stop it. This is very likely to create a memory leak. Stack trace of thread:
 java.base/java.lang.Thread.sleep0(Native Method)
 java.base/java.lang.Thread.sleep(Thread.java:484)
 com.mongodb.internal.connection.DefaultServerMonitor.waitForNext(DefaultServerMonitor.java:442)
 com.mongodb.internal.connection.DefaultServerMonitor.access$1500(DefaultServerMonitor.java:68)
 com.mongodb.internal.connection.DefaultServerMonitor$RoundTripTimeRunnable.run(DefaultServerMonitor.java:413)
 java.base/java.lang.Thread.run(Thread.java:1623)
05-Jun-2024 21:31:36.358 WARNING [Thread-2] org.apache.catalina.loader.WebappClassLoaderBase.clearReferencesThreads The web application [OAuth2Client] appears to have started a thread named [MaintenanceTimer-8-thread-1] but has failed to stop it. This is very likely to create a memory leak. Stack trace of thread:
 java.base/jdk.internal.misc.Unsafe.park(Native Method)
 java.base/java.util.concurrent.locks.LockSupport.parkNanos(LockSupport.java:269)
 java.base/java.util.concurrent.locks.AbstractQueuedSynchronizer$ConditionObject.awaitNanos(AbstractQueuedSynchronizer.java:1758)
 java.base/java.util.concurrent.ScheduledThreadPoolExecutor$DelayedWorkQueue.take(ScheduledThreadPoolExecutor.java:1182)
 java.base/java.util.concurrent.ScheduledThreadPoolExecutor$DelayedWorkQueue.take(ScheduledThreadPoolExecutor.java:899)
 java.base/java.util.concurrent.ThreadPoolExecutor.getTask(ThreadPoolExecutor.java:1070)
 java.base/java.util.concurrent.ThreadPoolExecutor.runWorker(ThreadPoolExecutor.java:1130)
 java.base/java.util.concurrent.ThreadPoolExecutor$Worker.run(ThreadPoolExecutor.java:642)
 java.base/java.lang.Thread.run(Thread.java:1623)
05-Jun-2024 21:31:36.358 WARNING [Thread-2] org.apache.catalina.loader.WebappClassLoaderBase.clearReferencesThreads The web application [OAuth2Client] appears to have started a thread named [cluster-ClusterId{value='665dd4c6a3786745dd83d5d2', description='null'}-oauth2client:27017] but has failed to stop it. This is very likely to create a memory leak. Stack trace of thread:
 java.base/sun.nio.ch.Net.poll(Native Method)
 java.base/sun.nio.ch.NioSocketImpl.park(NioSocketImpl.java:186)
 java.base/sun.nio.ch.NioSocketImpl.timedRead(NioSocketImpl.java:275)
 java.base/sun.nio.ch.NioSocketImpl.implRead(NioSocketImpl.java:299)
 java.base/sun.nio.ch.NioSocketImpl.read(NioSocketImpl.java:340)
 java.base/sun.nio.ch.NioSocketImpl$1.read(NioSocketImpl.java:789)
 java.base/java.net.Socket$SocketInputStream.read(Socket.java:1025)
 com.mongodb.internal.connection.SocketStream.read(SocketStream.java:175)
 com.mongodb.internal.connection.SocketStream.read(SocketStream.java:200)
 com.mongodb.internal.connection.InternalStreamConnection.receiveResponseBuffers(InternalStreamConnection.java:739)
 com.mongodb.internal.connection.InternalStreamConnection.receiveMessageWithAdditionalTimeout(InternalStreamConnection.java:603)
 com.mongodb.internal.connection.InternalStreamConnection.receiveCommandMessageResponse(InternalStreamConnection.java:451)
 com.mongodb.internal.connection.InternalStreamConnection.receive(InternalStreamConnection.java:404)
 com.mongodb.internal.connection.DefaultServerMonitor$ServerMonitorRunnable.lookupServerDescription(DefaultServerMonitor.java:224)
 com.mongodb.internal.connection.DefaultServerMonitor$ServerMonitorRunnable.run(DefaultServerMonitor.java:156)
 java.base/java.lang.Thread.run(Thread.java:1623)
05-Jun-2024 21:31:36.358 WARNING [Thread-2] org.apache.catalina.loader.WebappClassLoaderBase.clearReferencesThreads The web application [OAuth2Client] appears to have started a thread named [cluster-rtt-ClusterId{value='665dd4c6a3786745dd83d5d2', description='null'}-oauth2client:27017] but has failed to stop it. This is very likely to create a memory leak. Stack trace of thread:
 java.base/java.lang.Thread.sleep0(Native Method)
 java.base/java.lang.Thread.sleep(Thread.java:484)
 com.mongodb.internal.connection.DefaultServerMonitor.waitForNext(DefaultServerMonitor.java:442)
 com.mongodb.internal.connection.DefaultServerMonitor.access$1500(DefaultServerMonitor.java:68)
 com.mongodb.internal.connection.DefaultServerMonitor$RoundTripTimeRunnable.run(DefaultServerMonitor.java:413)
 java.base/java.lang.Thread.run(Thread.java:1623)
05-Jun-2024 21:31:36.358 WARNING [Thread-2] org.apache.catalina.loader.WebappClassLoaderBase.clearReferencesThreads The web application [OAuth2Client] appears to have started a thread named [MaintenanceTimer-9-thread-1] but has failed to stop it. This is very likely to create a memory leak. Stack trace of thread:
 java.base/jdk.internal.misc.Unsafe.park(Native Method)
 java.base/java.util.concurrent.locks.LockSupport.parkNanos(LockSupport.java:269)
 java.base/java.util.concurrent.locks.AbstractQueuedSynchronizer$ConditionObject.awaitNanos(AbstractQueuedSynchronizer.java:1758)
 java.base/java.util.concurrent.ScheduledThreadPoolExecutor$DelayedWorkQueue.take(ScheduledThreadPoolExecutor.java:1182)
 java.base/java.util.concurrent.ScheduledThreadPoolExecutor$DelayedWorkQueue.take(ScheduledThreadPoolExecutor.java:899)
 java.base/java.util.concurrent.ThreadPoolExecutor.getTask(ThreadPoolExecutor.java:1070)
 java.base/java.util.concurrent.ThreadPoolExecutor.runWorker(ThreadPoolExecutor.java:1130)
 java.base/java.util.concurrent.ThreadPoolExecutor$Worker.run(ThreadPoolExecutor.java:642)
 java.base/java.lang.Thread.run(Thread.java:1623)
05-Jun-2024 21:31:36.358 WARNING [Thread-2] org.apache.catalina.loader.WebappClassLoaderBase.clearReferencesThreads The web application [OAuth2Client] appears to have started a thread named [mysql-cj-abandoned-connection-cleanup] but has failed to stop it. This is very likely to create a memory leak. Stack trace of thread:
 java.base/jdk.internal.misc.Unsafe.park(Native Method)
 java.base/java.util.concurrent.locks.LockSupport.parkNanos(LockSupport.java:269)
 java.base/java.util.concurrent.locks.AbstractQueuedSynchronizer$ConditionObject.await(AbstractQueuedSynchronizer.java:1847)
 java.base/java.lang.ref.ReferenceQueue.await(ReferenceQueue.java:71)
 java.base/java.lang.ref.ReferenceQueue.remove0(ReferenceQueue.java:143)
 java.base/java.lang.ref.ReferenceQueue.remove(ReferenceQueue.java:218)
 com.mysql.cj.jdbc.AbandonedConnectionCleanupThread.run(AbandonedConnectionCleanupThread.java:91)
 java.base/java.util.concurrent.ThreadPoolExecutor.runWorker(ThreadPoolExecutor.java:1144)
 java.base/java.util.concurrent.ThreadPoolExecutor$Worker.run(ThreadPoolExecutor.java:642)
 java.base/java.lang.Thread.run(Thread.java:1623)
05-Jun-2024 21:31:36.361 SEVERE [Thread-2] org.apache.catalina.loader.WebappClassLoaderBase.checkThreadLocalMapForLeaks The web application [OAuth2Client] created a ThreadLocal with key of type [java.lang.ThreadLocal] (value [java.lang.ThreadLocal@62b29200]) and a value of type [com.mongodb.client.internal.MongoDatabaseImpl] (value [com.mongodb.client.internal.MongoDatabaseImpl@605d0295]) but failed to remove it when the web application was stopped. Threads are going to be renewed over time to try and avoid a probable memory leak.
05-Jun-2024 21:31:36.361 SEVERE [Thread-2] org.apache.catalina.loader.WebappClassLoaderBase.checkThreadLocalMapForLeaks The web application [OAuth2Client] created a ThreadLocal with key of type [java.lang.ThreadLocal] (value [java.lang.ThreadLocal@62b29200]) and a value of type [com.mongodb.client.internal.MongoDatabaseImpl] (value [com.mongodb.client.internal.MongoDatabaseImpl@5d94f16a]) but failed to remove it when the web application was stopped. Threads are going to be renewed over time to try and avoid a probable memory leak.
05-Jun-2024 21:31:36.362 SEVERE [Thread-2] org.apache.catalina.loader.WebappClassLoaderBase.checkThreadLocalMapForLeaks The web application [OAuth2Client] created a ThreadLocal with key of type [java.lang.ThreadLocal] (value [java.lang.ThreadLocal@62b29200]) and a value of type [com.mongodb.client.internal.MongoDatabaseImpl] (value [com.mongodb.client.internal.MongoDatabaseImpl@3d3999c7]) but failed to remove it when the web application was stopped. Threads are going to be renewed over time to try and avoid a probable memory leak.
05-Jun-2024 21:31:36.362 SEVERE [Thread-2] org.apache.catalina.loader.WebappClassLoaderBase.checkThreadLocalMapForLeaks The web application [OAuth2Client] created a ThreadLocal with key of type [java.lang.ThreadLocal] (value [java.lang.ThreadLocal@62b29200]) and a value of type [com.mongodb.client.internal.MongoDatabaseImpl] (value [com.mongodb.client.internal.MongoDatabaseImpl@4b6d2ef2]) but failed to remove it when the web application was stopped. Threads are going to be renewed over time to try and avoid a probable memory leak.
05-Jun-2024 21:31:36.362 SEVERE [Thread-2] org.apache.catalina.loader.WebappClassLoaderBase.checkThreadLocalMapForLeaks The web application [OAuth2Client] created a ThreadLocal with key of type [java.lang.ThreadLocal] (value [java.lang.ThreadLocal@62b29200]) and a value of type [com.mongodb.client.internal.MongoDatabaseImpl] (value [com.mongodb.client.internal.MongoDatabaseImpl@432cc4a0]) but failed to remove it when the web application was stopped. Threads are going to be renewed over time to try and avoid a probable memory leak.
05-Jun-2024 21:31:36.362 SEVERE [Thread-2] org.apache.catalina.loader.WebappClassLoaderBase.checkThreadLocalMapForLeaks The web application [OAuth2Client] created a ThreadLocal with key of type [java.lang.ThreadLocal] (value [java.lang.ThreadLocal@62b29200]) and a value of type [com.mongodb.client.internal.MongoDatabaseImpl] (value [com.mongodb.client.internal.MongoDatabaseImpl@3949720e]) but failed to remove it when the web application was stopped. Threads are going to be renewed over time to try and avoid a probable memory leak.
05-Jun-2024 21:31:36.363 SEVERE [Thread-2] org.apache.catalina.loader.WebappClassLoaderBase.checkThreadLocalMapForLeaks The web application [OAuth2Client] created a ThreadLocal with key of type [java.lang.ThreadLocal] (value [java.lang.ThreadLocal@62b29200]) and a value of type [com.mongodb.client.internal.MongoDatabaseImpl] (value [com.mongodb.client.internal.MongoDatabaseImpl@484f2341]) but failed to remove it when the web application was stopped. Threads are going to be renewed over time to try and avoid a probable memory leak.
05-Jun-2024 21:31:36.363 SEVERE [Thread-2] org.apache.catalina.loader.WebappClassLoaderBase.checkThreadLocalMapForLeaks The web application [OAuth2Client] created a ThreadLocal with key of type [java.lang.ThreadLocal] (value [java.lang.ThreadLocal@62b29200]) and a value of type [com.mongodb.client.internal.MongoDatabaseImpl] (value [com.mongodb.client.internal.MongoDatabaseImpl@6a779e04]) but failed to remove it when the web application was stopped. Threads are going to be renewed over time to try and avoid a probable memory leak.
05-Jun-2024 21:31:36.387 INFO [Thread-2] org.apache.coyote.AbstractProtocol.stop Stopping ProtocolHandler ["http-nio-8509"]
05-Jun-2024 21:31:36.399 INFO [Thread-2] org.apache.coyote.AbstractProtocol.stop Stopping ProtocolHandler ["https-jsse-nio-8543"]
05-Jun-2024 21:31:36.431 INFO [Thread-2] org.apache.coyote.AbstractProtocol.destroy Destroying ProtocolHandler ["http-nio-8509"]
05-Jun-2024 21:31:36.432 INFO [Thread-2] org.apache.coyote.AbstractProtocol.destroy Destroying ProtocolHandler ["https-jsse-nio-8543"]
05-Jun-2024 21:31:39.616 WARNING [main] org.apache.tomcat.util.digester.SetPropertiesRule.begin Match [Server/Service/Connector] failed to set property [ssLProtocol] to [TLS]
05-Jun-2024 21:31:39.624 WARNING [main] org.apache.tomcat.util.digester.SetPropertiesRule.begin Match [Server/Service/Connector] failed to set property [storeType] to [pkcs12]
05-Jun-2024 21:31:39.673 INFO [main] org.apache.catalina.startup.VersionLoggerListener.log Server version name:   Apache Tomcat/9.0.80
05-Jun-2024 21:31:39.673 INFO [main] org.apache.catalina.startup.VersionLoggerListener.log Server built:          Aug 23 2023 21:59:38 UTC
05-Jun-2024 21:31:39.673 INFO [main] org.apache.catalina.startup.VersionLoggerListener.log Server version number: 9.0.80.0
05-Jun-2024 21:31:39.673 INFO [main] org.apache.catalina.startup.VersionLoggerListener.log OS Name:               Windows 11
05-Jun-2024 21:31:39.673 INFO [main] org.apache.catalina.startup.VersionLoggerListener.log OS Version:            10.0
05-Jun-2024 21:31:39.674 INFO [main] org.apache.catalina.startup.VersionLoggerListener.log Architecture:          amd64
05-Jun-2024 21:31:39.674 INFO [main] org.apache.catalina.startup.VersionLoggerListener.log Java Home:             C:\Program Files\Java\jdk-20
05-Jun-2024 21:31:39.674 INFO [main] org.apache.catalina.startup.VersionLoggerListener.log JVM Version:           20.0.1+9-29
05-Jun-2024 21:31:39.674 INFO [main] org.apache.catalina.startup.VersionLoggerListener.log JVM Vendor:            Oracle Corporation
05-Jun-2024 21:31:39.674 INFO [main] org.apache.catalina.startup.VersionLoggerListener.log CATALINA_BASE:         C:\Tomcat5
05-Jun-2024 21:31:39.674 INFO [main] org.apache.catalina.startup.VersionLoggerListener.log CATALINA_HOME:         C:\Tomcat5
05-Jun-2024 21:31:39.675 INFO [main] org.apache.catalina.startup.VersionLoggerListener.log Command line argument: -Dcatalina.home=c:\Tomcat5
05-Jun-2024 21:31:39.675 INFO [main] org.apache.catalina.startup.VersionLoggerListener.log Command line argument: -Dcatalina.base=c:\Tomcat5
05-Jun-2024 21:31:39.675 INFO [main] org.apache.catalina.startup.VersionLoggerListener.log Command line argument: -Dignore.endorsed.dirs=c:\Tomcat5\endorsed
05-Jun-2024 21:31:39.675 INFO [main] org.apache.catalina.startup.VersionLoggerListener.log Command line argument: -Djava.io.tmpdir=c:\Tomcat5\temp
05-Jun-2024 21:31:39.675 INFO [main] org.apache.catalina.startup.VersionLoggerListener.log Command line argument: -Djava.util.logging.manager=org.apache.juli.ClassLoaderLogManager
05-Jun-2024 21:31:39.675 INFO [main] org.apache.catalina.startup.VersionLoggerListener.log Command line argument: -Djava.util.logging.config.file=c:\Tomcat5\conf\logging.properties
05-Jun-2024 21:31:39.675 INFO [main] org.apache.catalina.startup.VersionLoggerListener.log Command line argument: --add-opens=java.base/java.lang=ALL-UNNAMED
05-Jun-2024 21:31:39.675 INFO [main] org.apache.catalina.startup.VersionLoggerListener.log Command line argument: --add-opens=java.base/java.io=ALL-UNNAMED
05-Jun-2024 21:31:39.676 INFO [main] org.apache.catalina.startup.VersionLoggerListener.log Command line argument: --add-opens=java.base/java.util=ALL-UNNAMED
05-Jun-2024 21:31:39.676 INFO [main] org.apache.catalina.startup.VersionLoggerListener.log Command line argument: --add-opens=java.base/java.util.concurrent=ALL-UNNAMED
05-Jun-2024 21:31:39.676 INFO [main] org.apache.catalina.startup.VersionLoggerListener.log Command line argument: --add-opens=java.rmi/sun.rmi.transport=ALL-UNNAMED
05-Jun-2024 21:31:39.676 INFO [main] org.apache.catalina.startup.VersionLoggerListener.log Command line argument: exit
05-Jun-2024 21:31:39.676 INFO [main] org.apache.catalina.startup.VersionLoggerListener.log Command line argument: abort
05-Jun-2024 21:31:39.676 INFO [main] org.apache.catalina.startup.VersionLoggerListener.log Command line argument: -Xms128m
05-Jun-2024 21:31:39.676 INFO [main] org.apache.catalina.startup.VersionLoggerListener.log Command line argument: -Xmx256m
05-Jun-2024 21:31:39.681 INFO [main] org.apache.catalina.core.AprLifecycleListener.lifecycleEvent The Apache Tomcat Native library which allows using OpenSSL was not found on the java.library.path: [c:\Tomcat5\bin;C:\windows\Sun\Java\bin;C:\windows\system32;C:\windows;C:\Program Files\Java\jdk-20\bin;C:\windows\system32;C:\windows;C:\windows\System32\Wbem;C:\windows\System32\WindowsPowerShell\v1.0\;C:\windows\System32\OpenSSH\;C:\Program Files (x86)\NVIDIA Corporation\PhysX\Common;C:\Program Files\NVIDIA Corporation\NVIDIA NvDLISR;C:\Program Files\MySQL\MySQL Server 8.0\bin;C:\Program Files\Java\jdk-20\bin;C:\Program Files\Git\cmd;C:\windows\ServiceProfiles\LocalService\AppData\Local\Microsoft\WindowsApps;.]
05-Jun-2024 21:31:40.053 INFO [main] org.apache.coyote.AbstractProtocol.init Initializing ProtocolHandler ["http-nio-8509"]
05-Jun-2024 21:31:40.080 INFO [main] org.apache.coyote.AbstractProtocol.init Initializing ProtocolHandler ["https-jsse-nio-8543"]
05-Jun-2024 21:31:40.476 INFO [main] org.apache.tomcat.util.net.AbstractEndpoint.logCertificate Connector [https-jsse-nio-8543], TLS virtual host [_default_], certificate type [UNDEFINED] configured from keystore [conf/OAuth2Client.jks] using alias [client] with trust store [conf/trust.jks]
05-Jun-2024 21:31:40.479 INFO [main] org.apache.catalina.startup.Catalina.load Server initialization in [1083] milliseconds
05-Jun-2024 21:31:40.505 WARNING [main] java.util.ArrayList.forEach Name = dsUsers Property maxActive is not used in DBCP2, use maxTotal instead. maxTotal default value is 8. You have set value of "100" for "maxActive" property, which is being ignored.
05-Jun-2024 21:31:40.507 WARNING [main] java.util.ArrayList.forEach Name = dsUsers Property maxWait is not used in DBCP2 , use maxWaitMillis instead. maxWaitMillis default value is PT-0.001S. You have set value of "10000" for "maxWait" property, which is being ignored.
05-Jun-2024 21:31:40.508 INFO [main] java.util.ArrayList.forEach Name = dsUsers Ignoring unknown property: value of "jdbc/dsUsers" for "global" property
05-Jun-2024 21:31:40.580 INFO [main] org.apache.catalina.core.StandardService.startInternal Starting service [Catalina]
05-Jun-2024 21:31:40.581 INFO [main] org.apache.catalina.core.StandardEngine.startInternal Starting Servlet engine: [Apache Tomcat/9.0.80]
05-Jun-2024 21:31:40.613 INFO [main] org.apache.catalina.startup.HostConfig.deployWAR Deploying web application archive [C:\Tomcat5\webapps\OAuth2Client.war]
05-Jun-2024 21:31:43.870 INFO [main] org.apache.jasper.servlet.TldScanner.scanJars At least one JAR was scanned for TLDs yet contained no TLDs. Enable debug logging for this logger for a complete list of JARs that were scanned but no TLDs were found in them. Skipping unneeded JARs during scanning can improve startup time and JSP compilation time.
05-Jun-2024 21:31:43.978 INFO [main] org.apache.catalina.startup.HostConfig.deployWAR Deployment of web application archive [C:\Tomcat5\webapps\OAuth2Client.war] has finished in [3,364] ms
05-Jun-2024 21:31:43.978 INFO [main] org.apache.catalina.startup.HostConfig.deployDirectory Deploying web application directory [C:\Tomcat5\webapps\docs]
05-Jun-2024 21:31:44.399 INFO [main] org.apache.jasper.servlet.TldScanner.scanJars At least one JAR was scanned for TLDs yet contained no TLDs. Enable debug logging for this logger for a complete list of JARs that were scanned but no TLDs were found in them. Skipping unneeded JARs during scanning can improve startup time and JSP compilation time.
05-Jun-2024 21:31:44.404 INFO [main] org.apache.catalina.startup.HostConfig.deployDirectory Deployment of web application directory [C:\Tomcat5\webapps\docs] has finished in [426] ms
05-Jun-2024 21:31:44.405 INFO [main] org.apache.catalina.startup.HostConfig.deployDirectory Deploying web application directory [C:\Tomcat5\webapps\examples]
05-Jun-2024 21:31:45.514 INFO [main] org.apache.jasper.servlet.TldScanner.scanJars At least one JAR was scanned for TLDs yet contained no TLDs. Enable debug logging for this logger for a complete list of JARs that were scanned but no TLDs were found in them. Skipping unneeded JARs during scanning can improve startup time and JSP compilation time.
05-Jun-2024 21:31:45.611 INFO [main] org.apache.catalina.core.ApplicationContext.log ContextListener: contextInitialized()
05-Jun-2024 21:31:45.611 INFO [main] org.apache.catalina.core.ApplicationContext.log SessionListener: contextInitialized()
05-Jun-2024 21:31:45.616 INFO [main] org.apache.catalina.core.ApplicationContext.log ContextListener: attributeAdded('StockTicker', 'async.Stockticker@735a3e0d')
05-Jun-2024 21:31:45.641 INFO [main] org.apache.catalina.startup.HostConfig.deployDirectory Deployment of web application directory [C:\Tomcat5\webapps\examples] has finished in [1,236] ms
05-Jun-2024 21:31:45.641 INFO [main] org.apache.catalina.startup.HostConfig.deployDirectory Deploying web application directory [C:\Tomcat5\webapps\host-manager]
05-Jun-2024 21:31:46.155 INFO [main] org.apache.jasper.servlet.TldScanner.scanJars At least one JAR was scanned for TLDs yet contained no TLDs. Enable debug logging for this logger for a complete list of JARs that were scanned but no TLDs were found in them. Skipping unneeded JARs during scanning can improve startup time and JSP compilation time.
05-Jun-2024 21:31:46.163 INFO [main] org.apache.catalina.startup.HostConfig.deployDirectory Deployment of web application directory [C:\Tomcat5\webapps\host-manager] has finished in [521] ms
05-Jun-2024 21:31:46.163 INFO [main] org.apache.catalina.startup.HostConfig.deployDirectory Deploying web application directory [C:\Tomcat5\webapps\manager]
05-Jun-2024 21:31:46.595 INFO [main] org.apache.jasper.servlet.TldScanner.scanJars At least one JAR was scanned for TLDs yet contained no TLDs. Enable debug logging for this logger for a complete list of JARs that were scanned but no TLDs were found in them. Skipping unneeded JARs during scanning can improve startup time and JSP compilation time.
05-Jun-2024 21:31:46.599 INFO [main] org.apache.catalina.startup.HostConfig.deployDirectory Deployment of web application directory [C:\Tomcat5\webapps\manager] has finished in [435] ms
05-Jun-2024 21:31:46.599 INFO [main] org.apache.catalina.startup.HostConfig.deployDirectory Deploying web application directory [C:\Tomcat5\webapps\ROOT]
05-Jun-2024 21:31:46.962 INFO [main] org.apache.jasper.servlet.TldScanner.scanJars At least one JAR was scanned for TLDs yet contained no TLDs. Enable debug logging for this logger for a complete list of JARs that were scanned but no TLDs were found in them. Skipping unneeded JARs during scanning can improve startup time and JSP compilation time.
05-Jun-2024 21:31:46.964 INFO [main] org.apache.catalina.startup.HostConfig.deployDirectory Deployment of web application directory [C:\Tomcat5\webapps\ROOT] has finished in [365] ms
05-Jun-2024 21:31:46.966 SEVERE [main] org.apache.catalina.mapper.MapperListener.findDefaultHost Unknown default host [localhost] for service [StandardService[Catalina]]. Tomcat will not be able process HTTP/1.0 requests that do not specify a host name.
05-Jun-2024 21:31:46.967 SEVERE [main] org.apache.catalina.mapper.MapperListener.findDefaultHost Unknown default host [localhost] for service [StandardService[Catalina]]. Tomcat will not be able process HTTP/1.0 requests that do not specify a host name.
05-Jun-2024 21:31:46.967 INFO [main] org.apache.coyote.AbstractProtocol.start Starting ProtocolHandler ["http-nio-8509"]
05-Jun-2024 21:31:46.994 INFO [main] org.apache.coyote.AbstractProtocol.start Starting ProtocolHandler ["https-jsse-nio-8543"]
05-Jun-2024 21:31:46.999 INFO [main] org.apache.catalina.startup.Catalina.start Server startup in [6518] milliseconds
05-Jun-2024 21:35:22.458 INFO [Thread-2] org.apache.coyote.AbstractProtocol.pause Pausing ProtocolHandler ["http-nio-8509"]
05-Jun-2024 21:35:22.479 INFO [Thread-2] org.apache.coyote.AbstractProtocol.pause Pausing ProtocolHandler ["https-jsse-nio-8543"]
05-Jun-2024 21:35:22.493 INFO [Thread-2] org.apache.catalina.core.StandardService.stopInternal Stopping service [Catalina]
05-Jun-2024 21:35:22.494 SEVERE [Thread-2] org.apache.catalina.mapper.MapperListener.findDefaultHost Unknown default host [localhost] for service [StandardService[Catalina]]. Tomcat will not be able process HTTP/1.0 requests that do not specify a host name.
05-Jun-2024 21:35:22.508 INFO [Thread-2] org.apache.catalina.core.ApplicationContext.log SessionListener: contextDestroyed()
05-Jun-2024 21:35:22.508 INFO [Thread-2] org.apache.catalina.core.ApplicationContext.log ContextListener: contextDestroyed()
05-Jun-2024 21:35:22.570 WARNING [Thread-2] org.apache.catalina.loader.WebappClassLoaderBase.clearReferencesThreads The web application [OAuth2Client] appears to have started a thread named [mysql-cj-abandoned-connection-cleanup] but has failed to stop it. This is very likely to create a memory leak. Stack trace of thread:
 java.base/java.io.WinNTFileSystem.canonicalize0(Native Method)
 java.base/java.io.WinNTFileSystem.canonicalize(WinNTFileSystem.java:465)
 java.base/java.io.File.getCanonicalPath(File.java:626)
 org.apache.catalina.webresources.AbstractFileResourceSet.file(AbstractFileResourceSet.java:94)
 org.apache.catalina.webresources.DirResourceSet.getResource(DirResourceSet.java:94)
 org.apache.catalina.webresources.StandardRoot.getResourceInternal(StandardRoot.java:272)
 org.apache.catalina.webresources.CachedResource.validateResource(CachedResource.java:106)
 org.apache.catalina.webresources.Cache.getResource(Cache.java:96)
 org.apache.catalina.webresources.StandardRoot.getResource(StandardRoot.java:211)
 org.apache.catalina.webresources.StandardRoot.getClassLoaderResource(StandardRoot.java:220)
 org.apache.catalina.loader.WebappClassLoaderBase.findResource(WebappClassLoaderBase.java:954)
 org.apache.catalina.loader.WebappClassLoaderBase.getResource(WebappClassLoaderBase.java:1078)
 com.mysql.cj.jdbc.AbandonedConnectionCleanupThread.checkThreadContextClassLoader(AbandonedConnectionCleanupThread.java:123)
 com.mysql.cj.jdbc.AbandonedConnectionCleanupThread.run(AbandonedConnectionCleanupThread.java:90)
 java.base/java.util.concurrent.ThreadPoolExecutor.runWorker(ThreadPoolExecutor.java:1144)
 java.base/java.util.concurrent.ThreadPoolExecutor$Worker.run(ThreadPoolExecutor.java:642)
 java.base/java.lang.Thread.run(Thread.java:1623)
05-Jun-2024 21:35:22.585 INFO [Thread-2] org.apache.coyote.AbstractProtocol.stop Stopping ProtocolHandler ["http-nio-8509"]
05-Jun-2024 21:35:22.599 INFO [Thread-2] org.apache.coyote.AbstractProtocol.stop Stopping ProtocolHandler ["https-jsse-nio-8543"]
05-Jun-2024 21:35:22.619 INFO [Thread-2] org.apache.coyote.AbstractProtocol.destroy Destroying ProtocolHandler ["http-nio-8509"]
05-Jun-2024 21:35:22.620 INFO [Thread-2] org.apache.coyote.AbstractProtocol.destroy Destroying ProtocolHandler ["https-jsse-nio-8543"]
05-Jun-2024 21:35:24.308 WARNING [main] org.apache.tomcat.util.digester.SetPropertiesRule.begin Match [Server/Service/Connector] failed to set property [ssLProtocol] to [TLS]
05-Jun-2024 21:35:24.317 WARNING [main] org.apache.tomcat.util.digester.SetPropertiesRule.begin Match [Server/Service/Connector] failed to set property [storeType] to [pkcs12]
05-Jun-2024 21:35:24.358 INFO [main] org.apache.catalina.startup.VersionLoggerListener.log Server version name:   Apache Tomcat/9.0.80
05-Jun-2024 21:35:24.358 INFO [main] org.apache.catalina.startup.VersionLoggerListener.log Server built:          Aug 23 2023 21:59:38 UTC
05-Jun-2024 21:35:24.359 INFO [main] org.apache.catalina.startup.VersionLoggerListener.log Server version number: 9.0.80.0
05-Jun-2024 21:35:24.359 INFO [main] org.apache.catalina.startup.VersionLoggerListener.log OS Name:               Windows 11
05-Jun-2024 21:35:24.359 INFO [main] org.apache.catalina.startup.VersionLoggerListener.log OS Version:            10.0
05-Jun-2024 21:35:24.359 INFO [main] org.apache.catalina.startup.VersionLoggerListener.log Architecture:          amd64
05-Jun-2024 21:35:24.359 INFO [main] org.apache.catalina.startup.VersionLoggerListener.log Java Home:             C:\Program Files\Java\jdk-20
05-Jun-2024 21:35:24.359 INFO [main] org.apache.catalina.startup.VersionLoggerListener.log JVM Version:           20.0.1+9-29
05-Jun-2024 21:35:24.360 INFO [main] org.apache.catalina.startup.VersionLoggerListener.log JVM Vendor:            Oracle Corporation
05-Jun-2024 21:35:24.360 INFO [main] org.apache.catalina.startup.VersionLoggerListener.log CATALINA_BASE:         C:\Tomcat5
05-Jun-2024 21:35:24.360 INFO [main] org.apache.catalina.startup.VersionLoggerListener.log CATALINA_HOME:         C:\Tomcat5
05-Jun-2024 21:35:24.361 INFO [main] org.apache.catalina.startup.VersionLoggerListener.log Command line argument: -Dcatalina.home=c:\Tomcat5
05-Jun-2024 21:35:24.361 INFO [main] org.apache.catalina.startup.VersionLoggerListener.log Command line argument: -Dcatalina.base=c:\Tomcat5
05-Jun-2024 21:35:24.361 INFO [main] org.apache.catalina.startup.VersionLoggerListener.log Command line argument: -Dignore.endorsed.dirs=c:\Tomcat5\endorsed
05-Jun-2024 21:35:24.361 INFO [main] org.apache.catalina.startup.VersionLoggerListener.log Command line argument: -Djava.io.tmpdir=c:\Tomcat5\temp
05-Jun-2024 21:35:24.361 INFO [main] org.apache.catalina.startup.VersionLoggerListener.log Command line argument: -Djava.util.logging.manager=org.apache.juli.ClassLoaderLogManager
05-Jun-2024 21:35:24.361 INFO [main] org.apache.catalina.startup.VersionLoggerListener.log Command line argument: -Djava.util.logging.config.file=c:\Tomcat5\conf\logging.properties
05-Jun-2024 21:35:24.361 INFO [main] org.apache.catalina.startup.VersionLoggerListener.log Command line argument: --add-opens=java.base/java.lang=ALL-UNNAMED
05-Jun-2024 21:35:24.361 INFO [main] org.apache.catalina.startup.VersionLoggerListener.log Command line argument: --add-opens=java.base/java.io=ALL-UNNAMED
05-Jun-2024 21:35:24.361 INFO [main] org.apache.catalina.startup.VersionLoggerListener.log Command line argument: --add-opens=java.base/java.util=ALL-UNNAMED
05-Jun-2024 21:35:24.361 INFO [main] org.apache.catalina.startup.VersionLoggerListener.log Command line argument: --add-opens=java.base/java.util.concurrent=ALL-UNNAMED
05-Jun-2024 21:35:24.361 INFO [main] org.apache.catalina.startup.VersionLoggerListener.log Command line argument: --add-opens=java.rmi/sun.rmi.transport=ALL-UNNAMED
05-Jun-2024 21:35:24.362 INFO [main] org.apache.catalina.startup.VersionLoggerListener.log Command line argument: exit
05-Jun-2024 21:35:24.362 INFO [main] org.apache.catalina.startup.VersionLoggerListener.log Command line argument: abort
05-Jun-2024 21:35:24.362 INFO [main] org.apache.catalina.startup.VersionLoggerListener.log Command line argument: -Xms128m
05-Jun-2024 21:35:24.362 INFO [main] org.apache.catalina.startup.VersionLoggerListener.log Command line argument: -Xmx256m
05-Jun-2024 21:35:24.370 INFO [main] org.apache.catalina.core.AprLifecycleListener.lifecycleEvent The Apache Tomcat Native library which allows using OpenSSL was not found on the java.library.path: [c:\Tomcat5\bin;C:\windows\Sun\Java\bin;C:\windows\system32;C:\windows;C:\Program Files\Java\jdk-20\bin;C:\windows\system32;C:\windows;C:\windows\System32\Wbem;C:\windows\System32\WindowsPowerShell\v1.0\;C:\windows\System32\OpenSSH\;C:\Program Files (x86)\NVIDIA Corporation\PhysX\Common;C:\Program Files\NVIDIA Corporation\NVIDIA NvDLISR;C:\Program Files\MySQL\MySQL Server 8.0\bin;C:\Program Files\Java\jdk-20\bin;C:\Program Files\Git\cmd;C:\windows\ServiceProfiles\LocalService\AppData\Local\Microsoft\WindowsApps;.]
05-Jun-2024 21:35:24.791 INFO [main] org.apache.coyote.AbstractProtocol.init Initializing ProtocolHandler ["http-nio-8509"]
05-Jun-2024 21:35:24.815 INFO [main] org.apache.coyote.AbstractProtocol.init Initializing ProtocolHandler ["https-jsse-nio-8543"]
05-Jun-2024 21:35:25.209 INFO [main] org.apache.tomcat.util.net.AbstractEndpoint.logCertificate Connector [https-jsse-nio-8543], TLS virtual host [_default_], certificate type [UNDEFINED] configured from keystore [conf/OAuth2Client.jks] using alias [client] with trust store [conf/trust.jks]
05-Jun-2024 21:35:25.211 INFO [main] org.apache.catalina.startup.Catalina.load Server initialization in [1083] milliseconds
05-Jun-2024 21:35:25.243 WARNING [main] java.util.ArrayList.forEach Name = dsUsers Property maxActive is not used in DBCP2, use maxTotal instead. maxTotal default value is 8. You have set value of "100" for "maxActive" property, which is being ignored.
05-Jun-2024 21:35:25.243 WARNING [main] java.util.ArrayList.forEach Name = dsUsers Property maxWait is not used in DBCP2 , use maxWaitMillis instead. maxWaitMillis default value is PT-0.001S. You have set value of "10000" for "maxWait" property, which is being ignored.
05-Jun-2024 21:35:25.244 INFO [main] java.util.ArrayList.forEach Name = dsUsers Ignoring unknown property: value of "jdbc/dsUsers" for "global" property
05-Jun-2024 21:35:25.312 INFO [main] org.apache.catalina.core.StandardService.startInternal Starting service [Catalina]
05-Jun-2024 21:35:25.312 INFO [main] org.apache.catalina.core.StandardEngine.startInternal Starting Servlet engine: [Apache Tomcat/9.0.80]
05-Jun-2024 21:35:25.332 INFO [main] org.apache.catalina.startup.HostConfig.deployWAR Deploying web application archive [C:\Tomcat5\webapps\OAuth2Client.war]
05-Jun-2024 21:35:28.223 INFO [main] org.apache.jasper.servlet.TldScanner.scanJars At least one JAR was scanned for TLDs yet contained no TLDs. Enable debug logging for this logger for a complete list of JARs that were scanned but no TLDs were found in them. Skipping unneeded JARs during scanning can improve startup time and JSP compilation time.
05-Jun-2024 21:35:28.327 INFO [main] org.apache.catalina.startup.HostConfig.deployWAR Deployment of web application archive [C:\Tomcat5\webapps\OAuth2Client.war] has finished in [2,995] ms
05-Jun-2024 21:35:28.328 INFO [main] org.apache.catalina.startup.HostConfig.deployDirectory Deploying web application directory [C:\Tomcat5\webapps\docs]
05-Jun-2024 21:35:28.755 INFO [main] org.apache.jasper.servlet.TldScanner.scanJars At least one JAR was scanned for TLDs yet contained no TLDs. Enable debug logging for this logger for a complete list of JARs that were scanned but no TLDs were found in them. Skipping unneeded JARs during scanning can improve startup time and JSP compilation time.
05-Jun-2024 21:35:28.758 INFO [main] org.apache.catalina.startup.HostConfig.deployDirectory Deployment of web application directory [C:\Tomcat5\webapps\docs] has finished in [429] ms
05-Jun-2024 21:35:28.758 INFO [main] org.apache.catalina.startup.HostConfig.deployDirectory Deploying web application directory [C:\Tomcat5\webapps\examples]
05-Jun-2024 21:35:29.588 INFO [main] org.apache.jasper.servlet.TldScanner.scanJars At least one JAR was scanned for TLDs yet contained no TLDs. Enable debug logging for this logger for a complete list of JARs that were scanned but no TLDs were found in them. Skipping unneeded JARs during scanning can improve startup time and JSP compilation time.
05-Jun-2024 21:35:29.636 INFO [main] org.apache.catalina.core.ApplicationContext.log ContextListener: contextInitialized()
05-Jun-2024 21:35:29.636 INFO [main] org.apache.catalina.core.ApplicationContext.log SessionListener: contextInitialized()
05-Jun-2024 21:35:29.637 INFO [main] org.apache.catalina.core.ApplicationContext.log ContextListener: attributeAdded('StockTicker', 'async.Stockticker@735a3e0d')
05-Jun-2024 21:35:29.647 INFO [main] org.apache.catalina.startup.HostConfig.deployDirectory Deployment of web application directory [C:\Tomcat5\webapps\examples] has finished in [889] ms
05-Jun-2024 21:35:29.648 INFO [main] org.apache.catalina.startup.HostConfig.deployDirectory Deploying web application directory [C:\Tomcat5\webapps\host-manager]
05-Jun-2024 21:35:30.048 INFO [main] org.apache.jasper.servlet.TldScanner.scanJars At least one JAR was scanned for TLDs yet contained no TLDs. Enable debug logging for this logger for a complete list of JARs that were scanned but no TLDs were found in them. Skipping unneeded JARs during scanning can improve startup time and JSP compilation time.
05-Jun-2024 21:35:30.060 INFO [main] org.apache.catalina.startup.HostConfig.deployDirectory Deployment of web application directory [C:\Tomcat5\webapps\host-manager] has finished in [412] ms
05-Jun-2024 21:35:30.060 INFO [main] org.apache.catalina.startup.HostConfig.deployDirectory Deploying web application directory [C:\Tomcat5\webapps\manager]
05-Jun-2024 21:35:30.468 INFO [main] org.apache.jasper.servlet.TldScanner.scanJars At least one JAR was scanned for TLDs yet contained no TLDs. Enable debug logging for this logger for a complete list of JARs that were scanned but no TLDs were found in them. Skipping unneeded JARs during scanning can improve startup time and JSP compilation time.
05-Jun-2024 21:35:30.471 INFO [main] org.apache.catalina.startup.HostConfig.deployDirectory Deployment of web application directory [C:\Tomcat5\webapps\manager] has finished in [411] ms
05-Jun-2024 21:35:30.472 INFO [main] org.apache.catalina.startup.HostConfig.deployDirectory Deploying web application directory [C:\Tomcat5\webapps\ROOT]
05-Jun-2024 21:35:30.826 INFO [main] org.apache.jasper.servlet.TldScanner.scanJars At least one JAR was scanned for TLDs yet contained no TLDs. Enable debug logging for this logger for a complete list of JARs that were scanned but no TLDs were found in them. Skipping unneeded JARs during scanning can improve startup time and JSP compilation time.
05-Jun-2024 21:35:30.829 INFO [main] org.apache.catalina.startup.HostConfig.deployDirectory Deployment of web application directory [C:\Tomcat5\webapps\ROOT] has finished in [358] ms
05-Jun-2024 21:35:30.831 SEVERE [main] org.apache.catalina.mapper.MapperListener.findDefaultHost Unknown default host [localhost] for service [StandardService[Catalina]]. Tomcat will not be able process HTTP/1.0 requests that do not specify a host name.
05-Jun-2024 21:35:30.832 SEVERE [main] org.apache.catalina.mapper.MapperListener.findDefaultHost Unknown default host [localhost] for service [StandardService[Catalina]]. Tomcat will not be able process HTTP/1.0 requests that do not specify a host name.
05-Jun-2024 21:35:30.832 INFO [main] org.apache.coyote.AbstractProtocol.start Starting ProtocolHandler ["http-nio-8509"]
05-Jun-2024 21:35:30.851 INFO [main] org.apache.coyote.AbstractProtocol.start Starting ProtocolHandler ["https-jsse-nio-8543"]
05-Jun-2024 21:35:30.855 INFO [main] org.apache.catalina.startup.Catalina.start Server startup in [5642] milliseconds
05-Jun-2024 21:36:05.209 INFO [Thread-2] org.apache.coyote.AbstractProtocol.pause Pausing ProtocolHandler ["http-nio-8509"]
05-Jun-2024 21:36:05.229 INFO [Thread-2] org.apache.coyote.AbstractProtocol.pause Pausing ProtocolHandler ["https-jsse-nio-8543"]
05-Jun-2024 21:36:05.243 INFO [Thread-2] org.apache.catalina.core.StandardService.stopInternal Stopping service [Catalina]
05-Jun-2024 21:36:05.245 SEVERE [Thread-2] org.apache.catalina.mapper.MapperListener.findDefaultHost Unknown default host [localhost] for service [StandardService[Catalina]]. Tomcat will not be able process HTTP/1.0 requests that do not specify a host name.
05-Jun-2024 21:36:05.254 INFO [Thread-2] org.apache.catalina.core.ApplicationContext.log SessionListener: contextDestroyed()
05-Jun-2024 21:36:05.254 INFO [Thread-2] org.apache.catalina.core.ApplicationContext.log ContextListener: contextDestroyed()
05-Jun-2024 21:36:05.290 WARNING [Thread-2] org.apache.catalina.loader.WebappClassLoaderBase.clearReferencesThreads The web application [OAuth2Client] appears to have started a thread named [mysql-cj-abandoned-connection-cleanup] but has failed to stop it. This is very likely to create a memory leak. Stack trace of thread:
 java.base/java.io.WinNTFileSystem.getBooleanAttributes0(Native Method)
 java.base/java.io.WinNTFileSystem.getBooleanAttributes(WinNTFileSystem.java:588)
 java.base/java.io.FileSystem.hasBooleanAttributes(FileSystem.java:125)
 java.base/java.io.File.isDirectory(File.java:867)
 org.apache.catalina.webresources.DirResourceSet.getResource(DirResourceSet.java:101)
 org.apache.catalina.webresources.StandardRoot.getResourceInternal(StandardRoot.java:272)
 org.apache.catalina.webresources.CachedResource.validateResource(CachedResource.java:106)
 org.apache.catalina.webresources.Cache.getResource(Cache.java:96)
 org.apache.catalina.webresources.StandardRoot.getResource(StandardRoot.java:211)
 org.apache.catalina.webresources.StandardRoot.getClassLoaderResource(StandardRoot.java:220)
 org.apache.catalina.loader.WebappClassLoaderBase.findResource(WebappClassLoaderBase.java:954)
 org.apache.catalina.loader.WebappClassLoaderBase.getResource(WebappClassLoaderBase.java:1078)
 com.mysql.cj.jdbc.AbandonedConnectionCleanupThread.checkThreadContextClassLoader(AbandonedConnectionCleanupThread.java:123)
 com.mysql.cj.jdbc.AbandonedConnectionCleanupThread.run(AbandonedConnectionCleanupThread.java:90)
 java.base/java.util.concurrent.ThreadPoolExecutor.runWorker(ThreadPoolExecutor.java:1144)
 java.base/java.util.concurrent.ThreadPoolExecutor$Worker.run(ThreadPoolExecutor.java:642)
 java.base/java.lang.Thread.run(Thread.java:1623)
05-Jun-2024 21:36:05.302 INFO [Thread-2] org.apache.coyote.AbstractProtocol.stop Stopping ProtocolHandler ["http-nio-8509"]
05-Jun-2024 21:36:05.319 INFO [Thread-2] org.apache.coyote.AbstractProtocol.stop Stopping ProtocolHandler ["https-jsse-nio-8543"]
05-Jun-2024 21:36:05.341 INFO [Thread-2] org.apache.coyote.AbstractProtocol.destroy Destroying ProtocolHandler ["http-nio-8509"]
05-Jun-2024 21:36:05.342 INFO [Thread-2] org.apache.coyote.AbstractProtocol.destroy Destroying ProtocolHandler ["https-jsse-nio-8543"]
05-Jun-2024 21:36:07.013 WARNING [main] org.apache.tomcat.util.digester.SetPropertiesRule.begin Match [Server/Service/Connector] failed to set property [ssLProtocol] to [TLS]
05-Jun-2024 21:36:07.022 WARNING [main] org.apache.tomcat.util.digester.SetPropertiesRule.begin Match [Server/Service/Connector] failed to set property [storeType] to [pkcs12]
05-Jun-2024 21:36:07.061 INFO [main] org.apache.catalina.startup.VersionLoggerListener.log Server version name:   Apache Tomcat/9.0.80
05-Jun-2024 21:36:07.061 INFO [main] org.apache.catalina.startup.VersionLoggerListener.log Server built:          Aug 23 2023 21:59:38 UTC
05-Jun-2024 21:36:07.061 INFO [main] org.apache.catalina.startup.VersionLoggerListener.log Server version number: 9.0.80.0
05-Jun-2024 21:36:07.061 INFO [main] org.apache.catalina.startup.VersionLoggerListener.log OS Name:               Windows 11
05-Jun-2024 21:36:07.061 INFO [main] org.apache.catalina.startup.VersionLoggerListener.log OS Version:            10.0
05-Jun-2024 21:36:07.061 INFO [main] org.apache.catalina.startup.VersionLoggerListener.log Architecture:          amd64
05-Jun-2024 21:36:07.062 INFO [main] org.apache.catalina.startup.VersionLoggerListener.log Java Home:             C:\Program Files\Java\jdk-20
05-Jun-2024 21:36:07.062 INFO [main] org.apache.catalina.startup.VersionLoggerListener.log JVM Version:           20.0.1+9-29
05-Jun-2024 21:36:07.062 INFO [main] org.apache.catalina.startup.VersionLoggerListener.log JVM Vendor:            Oracle Corporation
05-Jun-2024 21:36:07.062 INFO [main] org.apache.catalina.startup.VersionLoggerListener.log CATALINA_BASE:         C:\Tomcat5
05-Jun-2024 21:36:07.062 INFO [main] org.apache.catalina.startup.VersionLoggerListener.log CATALINA_HOME:         C:\Tomcat5
05-Jun-2024 21:36:07.063 INFO [main] org.apache.catalina.startup.VersionLoggerListener.log Command line argument: -Dcatalina.home=c:\Tomcat5
05-Jun-2024 21:36:07.063 INFO [main] org.apache.catalina.startup.VersionLoggerListener.log Command line argument: -Dcatalina.base=c:\Tomcat5
05-Jun-2024 21:36:07.063 INFO [main] org.apache.catalina.startup.VersionLoggerListener.log Command line argument: -Dignore.endorsed.dirs=c:\Tomcat5\endorsed
05-Jun-2024 21:36:07.063 INFO [main] org.apache.catalina.startup.VersionLoggerListener.log Command line argument: -Djava.io.tmpdir=c:\Tomcat5\temp
05-Jun-2024 21:36:07.063 INFO [main] org.apache.catalina.startup.VersionLoggerListener.log Command line argument: -Djava.util.logging.manager=org.apache.juli.ClassLoaderLogManager
05-Jun-2024 21:36:07.064 INFO [main] org.apache.catalina.startup.VersionLoggerListener.log Command line argument: -Djava.util.logging.config.file=c:\Tomcat5\conf\logging.properties
05-Jun-2024 21:36:07.064 INFO [main] org.apache.catalina.startup.VersionLoggerListener.log Command line argument: --add-opens=java.base/java.lang=ALL-UNNAMED
05-Jun-2024 21:36:07.064 INFO [main] org.apache.catalina.startup.VersionLoggerListener.log Command line argument: --add-opens=java.base/java.io=ALL-UNNAMED
05-Jun-2024 21:36:07.064 INFO [main] org.apache.catalina.startup.VersionLoggerListener.log Command line argument: --add-opens=java.base/java.util=ALL-UNNAMED
05-Jun-2024 21:36:07.064 INFO [main] org.apache.catalina.startup.VersionLoggerListener.log Command line argument: --add-opens=java.base/java.util.concurrent=ALL-UNNAMED
05-Jun-2024 21:36:07.064 INFO [main] org.apache.catalina.startup.VersionLoggerListener.log Command line argument: --add-opens=java.rmi/sun.rmi.transport=ALL-UNNAMED
05-Jun-2024 21:36:07.064 INFO [main] org.apache.catalina.startup.VersionLoggerListener.log Command line argument: exit
05-Jun-2024 21:36:07.064 INFO [main] org.apache.catalina.startup.VersionLoggerListener.log Command line argument: abort
05-Jun-2024 21:36:07.064 INFO [main] org.apache.catalina.startup.VersionLoggerListener.log Command line argument: -Xms128m
05-Jun-2024 21:36:07.065 INFO [main] org.apache.catalina.startup.VersionLoggerListener.log Command line argument: -Xmx256m
05-Jun-2024 21:36:07.070 INFO [main] org.apache.catalina.core.AprLifecycleListener.lifecycleEvent The Apache Tomcat Native library which allows using OpenSSL was not found on the java.library.path: [c:\Tomcat5\bin;C:\windows\Sun\Java\bin;C:\windows\system32;C:\windows;C:\Program Files\Java\jdk-20\bin;C:\windows\system32;C:\windows;C:\windows\System32\Wbem;C:\windows\System32\WindowsPowerShell\v1.0\;C:\windows\System32\OpenSSH\;C:\Program Files (x86)\NVIDIA Corporation\PhysX\Common;C:\Program Files\NVIDIA Corporation\NVIDIA NvDLISR;C:\Program Files\MySQL\MySQL Server 8.0\bin;C:\Program Files\Java\jdk-20\bin;C:\Program Files\Git\cmd;C:\windows\ServiceProfiles\LocalService\AppData\Local\Microsoft\WindowsApps;.]
05-Jun-2024 21:36:07.433 INFO [main] org.apache.coyote.AbstractProtocol.init Initializing ProtocolHandler ["http-nio-8509"]
05-Jun-2024 21:36:07.458 INFO [main] org.apache.coyote.AbstractProtocol.init Initializing ProtocolHandler ["https-jsse-nio-8543"]
05-Jun-2024 21:36:07.835 INFO [main] org.apache.tomcat.util.net.AbstractEndpoint.logCertificate Connector [https-jsse-nio-8543], TLS virtual host [_default_], certificate type [UNDEFINED] configured from keystore [conf/OAuth2Client.jks] using alias [client] with trust store [conf/trust.jks]
05-Jun-2024 21:36:07.836 INFO [main] org.apache.catalina.startup.Catalina.load Server initialization in [1001] milliseconds
05-Jun-2024 21:36:07.872 WARNING [main] java.util.ArrayList.forEach Name = dsUsers Property maxActive is not used in DBCP2, use maxTotal instead. maxTotal default value is 8. You have set value of "100" for "maxActive" property, which is being ignored.
05-Jun-2024 21:36:07.872 WARNING [main] java.util.ArrayList.forEach Name = dsUsers Property maxWait is not used in DBCP2 , use maxWaitMillis instead. maxWaitMillis default value is PT-0.001S. You have set value of "10000" for "maxWait" property, which is being ignored.
05-Jun-2024 21:36:07.873 INFO [main] java.util.ArrayList.forEach Name = dsUsers Ignoring unknown property: value of "jdbc/dsUsers" for "global" property
05-Jun-2024 21:36:07.939 INFO [main] org.apache.catalina.core.StandardService.startInternal Starting service [Catalina]
05-Jun-2024 21:36:07.940 INFO [main] org.apache.catalina.core.StandardEngine.startInternal Starting Servlet engine: [Apache Tomcat/9.0.80]
05-Jun-2024 21:36:07.960 INFO [main] org.apache.catalina.startup.HostConfig.deployWAR Deploying web application archive [C:\Tomcat5\webapps\OAuth2Client.war]
05-Jun-2024 21:36:10.595 INFO [main] org.apache.jasper.servlet.TldScanner.scanJars At least one JAR was scanned for TLDs yet contained no TLDs. Enable debug logging for this logger for a complete list of JARs that were scanned but no TLDs were found in them. Skipping unneeded JARs during scanning can improve startup time and JSP compilation time.
05-Jun-2024 21:36:10.686 INFO [main] org.apache.catalina.startup.HostConfig.deployWAR Deployment of web application archive [C:\Tomcat5\webapps\OAuth2Client.war] has finished in [2,725] ms
05-Jun-2024 21:36:10.686 INFO [main] org.apache.catalina.startup.HostConfig.deployDirectory Deploying web application directory [C:\Tomcat5\webapps\docs]
05-Jun-2024 21:36:11.110 INFO [main] org.apache.jasper.servlet.TldScanner.scanJars At least one JAR was scanned for TLDs yet contained no TLDs. Enable debug logging for this logger for a complete list of JARs that were scanned but no TLDs were found in them. Skipping unneeded JARs during scanning can improve startup time and JSP compilation time.
05-Jun-2024 21:36:11.114 INFO [main] org.apache.catalina.startup.HostConfig.deployDirectory Deployment of web application directory [C:\Tomcat5\webapps\docs] has finished in [428] ms
05-Jun-2024 21:36:11.116 INFO [main] org.apache.catalina.startup.HostConfig.deployDirectory Deploying web application directory [C:\Tomcat5\webapps\examples]
05-Jun-2024 21:36:11.898 INFO [main] org.apache.jasper.servlet.TldScanner.scanJars At least one JAR was scanned for TLDs yet contained no TLDs. Enable debug logging for this logger for a complete list of JARs that were scanned but no TLDs were found in them. Skipping unneeded JARs during scanning can improve startup time and JSP compilation time.
05-Jun-2024 21:36:11.953 INFO [main] org.apache.catalina.core.ApplicationContext.log ContextListener: contextInitialized()
05-Jun-2024 21:36:11.954 INFO [main] org.apache.catalina.core.ApplicationContext.log SessionListener: contextInitialized()
05-Jun-2024 21:36:11.956 INFO [main] org.apache.catalina.core.ApplicationContext.log ContextListener: attributeAdded('StockTicker', 'async.Stockticker@735a3e0d')
05-Jun-2024 21:36:11.969 INFO [main] org.apache.catalina.startup.HostConfig.deployDirectory Deployment of web application directory [C:\Tomcat5\webapps\examples] has finished in [853] ms
05-Jun-2024 21:36:11.970 INFO [main] org.apache.catalina.startup.HostConfig.deployDirectory Deploying web application directory [C:\Tomcat5\webapps\host-manager]
05-Jun-2024 21:36:12.372 INFO [main] org.apache.jasper.servlet.TldScanner.scanJars At least one JAR was scanned for TLDs yet contained no TLDs. Enable debug logging for this logger for a complete list of JARs that were scanned but no TLDs were found in them. Skipping unneeded JARs during scanning can improve startup time and JSP compilation time.
05-Jun-2024 21:36:12.379 INFO [main] org.apache.catalina.startup.HostConfig.deployDirectory Deployment of web application directory [C:\Tomcat5\webapps\host-manager] has finished in [409] ms
05-Jun-2024 21:36:12.380 INFO [main] org.apache.catalina.startup.HostConfig.deployDirectory Deploying web application directory [C:\Tomcat5\webapps\manager]
05-Jun-2024 21:36:12.787 INFO [main] org.apache.jasper.servlet.TldScanner.scanJars At least one JAR was scanned for TLDs yet contained no TLDs. Enable debug logging for this logger for a complete list of JARs that were scanned but no TLDs were found in them. Skipping unneeded JARs during scanning can improve startup time and JSP compilation time.
05-Jun-2024 21:36:12.793 INFO [main] org.apache.catalina.startup.HostConfig.deployDirectory Deployment of web application directory [C:\Tomcat5\webapps\manager] has finished in [413] ms
05-Jun-2024 21:36:12.793 INFO [main] org.apache.catalina.startup.HostConfig.deployDirectory Deploying web application directory [C:\Tomcat5\webapps\ROOT]
05-Jun-2024 21:36:13.193 INFO [main] org.apache.jasper.servlet.TldScanner.scanJars At least one JAR was scanned for TLDs yet contained no TLDs. Enable debug logging for this logger for a complete list of JARs that were scanned but no TLDs were found in them. Skipping unneeded JARs during scanning can improve startup time and JSP compilation time.
05-Jun-2024 21:36:13.199 INFO [main] org.apache.catalina.startup.HostConfig.deployDirectory Deployment of web application directory [C:\Tomcat5\webapps\ROOT] has finished in [405] ms
05-Jun-2024 21:36:13.202 SEVERE [main] org.apache.catalina.mapper.MapperListener.findDefaultHost Unknown default host [localhost] for service [StandardService[Catalina]]. Tomcat will not be able process HTTP/1.0 requests that do not specify a host name.
05-Jun-2024 21:36:13.203 SEVERE [main] org.apache.catalina.mapper.MapperListener.findDefaultHost Unknown default host [localhost] for service [StandardService[Catalina]]. Tomcat will not be able process HTTP/1.0 requests that do not specify a host name.
05-Jun-2024 21:36:13.204 INFO [main] org.apache.coyote.AbstractProtocol.start Starting ProtocolHandler ["http-nio-8509"]
05-Jun-2024 21:36:13.225 INFO [main] org.apache.coyote.AbstractProtocol.start Starting ProtocolHandler ["https-jsse-nio-8543"]
05-Jun-2024 21:36:13.229 INFO [main] org.apache.catalina.startup.Catalina.start Server startup in [5391] milliseconds
