11-Aug-2024 16:05:40.059 WARNING [main] org.apache.tomcat.util.digester.SetPropertiesRule.begin Match [Server/Service/Connector] failed to set property [ssLProtocol] to [TLS]
11-Aug-2024 16:05:40.067 WARNING [main] org.apache.tomcat.util.digester.SetPropertiesRule.begin Match [Server/Service/Connector] failed to set property [storeType] to [pkcs12]
11-Aug-2024 16:05:40.108 INFO [main] org.apache.catalina.startup.VersionLoggerListener.log Server version name:   Apache Tomcat/9.0.80
11-Aug-2024 16:05:40.108 INFO [main] org.apache.catalina.startup.VersionLoggerListener.log Server built:          Aug 23 2023 21:59:38 UTC
11-Aug-2024 16:05:40.109 INFO [main] org.apache.catalina.startup.VersionLoggerListener.log Server version number: 9.0.80.0
11-Aug-2024 16:05:40.109 INFO [main] org.apache.catalina.startup.VersionLoggerListener.log OS Name:               Windows 11
11-Aug-2024 16:05:40.109 INFO [main] org.apache.catalina.startup.VersionLoggerListener.log OS Version:            10.0
11-Aug-2024 16:05:40.109 INFO [main] org.apache.catalina.startup.VersionLoggerListener.log Architecture:          amd64
11-Aug-2024 16:05:40.109 INFO [main] org.apache.catalina.startup.VersionLoggerListener.log Java Home:             C:\Program Files\Java\jdk-20
11-Aug-2024 16:05:40.109 INFO [main] org.apache.catalina.startup.VersionLoggerListener.log JVM Version:           20.0.1+9-29
11-Aug-2024 16:05:40.109 INFO [main] org.apache.catalina.startup.VersionLoggerListener.log JVM Vendor:            Oracle Corporation
11-Aug-2024 16:05:40.109 INFO [main] org.apache.catalina.startup.VersionLoggerListener.log CATALINA_BASE:         C:\Tomcat5
11-Aug-2024 16:05:40.109 INFO [main] org.apache.catalina.startup.VersionLoggerListener.log CATALINA_HOME:         C:\Tomcat5
11-Aug-2024 16:05:40.111 INFO [main] org.apache.catalina.startup.VersionLoggerListener.log Command line argument: -Dcatalina.home=c:\Tomcat5
11-Aug-2024 16:05:40.111 INFO [main] org.apache.catalina.startup.VersionLoggerListener.log Command line argument: -Dcatalina.base=c:\Tomcat5
11-Aug-2024 16:05:40.111 INFO [main] org.apache.catalina.startup.VersionLoggerListener.log Command line argument: -Dignore.endorsed.dirs=c:\Tomcat5\endorsed
11-Aug-2024 16:05:40.111 INFO [main] org.apache.catalina.startup.VersionLoggerListener.log Command line argument: -Djava.io.tmpdir=c:\Tomcat5\temp
11-Aug-2024 16:05:40.111 INFO [main] org.apache.catalina.startup.VersionLoggerListener.log Command line argument: -Djava.util.logging.manager=org.apache.juli.ClassLoaderLogManager
11-Aug-2024 16:05:40.111 INFO [main] org.apache.catalina.startup.VersionLoggerListener.log Command line argument: -Djava.util.logging.config.file=c:\Tomcat5\conf\logging.properties
11-Aug-2024 16:05:40.111 INFO [main] org.apache.catalina.startup.VersionLoggerListener.log Command line argument: --add-opens=java.base/java.lang=ALL-UNNAMED
11-Aug-2024 16:05:40.111 INFO [main] org.apache.catalina.startup.VersionLoggerListener.log Command line argument: --add-opens=java.base/java.io=ALL-UNNAMED
11-Aug-2024 16:05:40.111 INFO [main] org.apache.catalina.startup.VersionLoggerListener.log Command line argument: --add-opens=java.base/java.util=ALL-UNNAMED
11-Aug-2024 16:05:40.112 INFO [main] org.apache.catalina.startup.VersionLoggerListener.log Command line argument: --add-opens=java.base/java.util.concurrent=ALL-UNNAMED
11-Aug-2024 16:05:40.112 INFO [main] org.apache.catalina.startup.VersionLoggerListener.log Command line argument: --add-opens=java.rmi/sun.rmi.transport=ALL-UNNAMED
11-Aug-2024 16:05:40.112 INFO [main] org.apache.catalina.startup.VersionLoggerListener.log Command line argument: exit
11-Aug-2024 16:05:40.112 INFO [main] org.apache.catalina.startup.VersionLoggerListener.log Command line argument: abort
11-Aug-2024 16:05:40.112 INFO [main] org.apache.catalina.startup.VersionLoggerListener.log Command line argument: -Xms128m
11-Aug-2024 16:05:40.112 INFO [main] org.apache.catalina.startup.VersionLoggerListener.log Command line argument: -Xmx256m
11-Aug-2024 16:05:40.118 INFO [main] org.apache.catalina.core.AprLifecycleListener.lifecycleEvent The Apache Tomcat Native library which allows using OpenSSL was not found on the java.library.path: [c:\Tomcat5\bin;C:\windows\Sun\Java\bin;C:\windows\system32;C:\windows;C:\Program Files\Java\jdk-20\bin;C:\windows\system32;C:\windows;C:\windows\System32\Wbem;C:\windows\System32\WindowsPowerShell\v1.0\;C:\windows\System32\OpenSSH\;C:\Program Files (x86)\NVIDIA Corporation\PhysX\Common;C:\Program Files\NVIDIA Corporation\NVIDIA NvDLISR;C:\Program Files\MySQL\MySQL Server 8.0\bin;C:\Program Files\Java\jdk-20\bin;C:\Program Files\Git\cmd;C:\windows\ServiceProfiles\LocalService\AppData\Local\Microsoft\WindowsApps;.]
11-Aug-2024 16:05:40.442 INFO [main] org.apache.coyote.AbstractProtocol.init Initializing ProtocolHandler ["http-nio-8509"]
11-Aug-2024 16:05:40.466 INFO [main] org.apache.coyote.AbstractProtocol.init Initializing ProtocolHandler ["https-jsse-nio-8543"]
11-Aug-2024 16:05:40.925 INFO [main] org.apache.tomcat.util.net.AbstractEndpoint.logCertificate Connector [https-jsse-nio-8543], TLS virtual host [_default_], certificate type [UNDEFINED] configured from keystore [conf/OAuth2Client.jks] using alias [client] with trust store [conf/trust.jks]
11-Aug-2024 16:05:40.927 INFO [main] org.apache.catalina.startup.Catalina.load Server initialization in [1066] milliseconds
11-Aug-2024 16:05:40.950 WARNING [main] java.util.ArrayList.forEach Name = dsUsers Property maxActive is not used in DBCP2, use maxTotal instead. maxTotal default value is 8. You have set value of "100" for "maxActive" property, which is being ignored.
11-Aug-2024 16:05:40.950 WARNING [main] java.util.ArrayList.forEach Name = dsUsers Property maxWait is not used in DBCP2 , use maxWaitMillis instead. maxWaitMillis default value is PT-0.001S. You have set value of "10000" for "maxWait" property, which is being ignored.
11-Aug-2024 16:05:40.950 INFO [main] java.util.ArrayList.forEach Name = dsUsers Ignoring unknown property: value of "jdbc/dsUsers" for "global" property
11-Aug-2024 16:05:40.998 INFO [main] org.apache.catalina.core.StandardService.startInternal Starting service [Catalina]
11-Aug-2024 16:05:40.998 INFO [main] org.apache.catalina.core.StandardEngine.startInternal Starting Servlet engine: [Apache Tomcat/9.0.80]
11-Aug-2024 16:05:41.025 INFO [main] org.apache.catalina.startup.HostConfig.deployWAR Deploying web application archive [C:\Tomcat5\webapps\OAuth2Client.war]
11-Aug-2024 16:05:44.555 INFO [main] org.apache.jasper.servlet.TldScanner.scanJars At least one JAR was scanned for TLDs yet contained no TLDs. Enable debug logging for this logger for a complete list of JARs that were scanned but no TLDs were found in them. Skipping unneeded JARs during scanning can improve startup time and JSP compilation time.
11-Aug-2024 16:05:44.644 INFO [main] org.apache.catalina.startup.HostConfig.deployWAR Deployment of web application archive [C:\Tomcat5\webapps\OAuth2Client.war] has finished in [3,619] ms
11-Aug-2024 16:05:44.646 INFO [main] org.apache.catalina.startup.HostConfig.deployDirectory Deploying web application directory [C:\Tomcat5\webapps\docs]
11-Aug-2024 16:05:45.027 INFO [main] org.apache.jasper.servlet.TldScanner.scanJars At least one JAR was scanned for TLDs yet contained no TLDs. Enable debug logging for this logger for a complete list of JARs that were scanned but no TLDs were found in them. Skipping unneeded JARs during scanning can improve startup time and JSP compilation time.
11-Aug-2024 16:05:45.032 INFO [main] org.apache.catalina.startup.HostConfig.deployDirectory Deployment of web application directory [C:\Tomcat5\webapps\docs] has finished in [387] ms
11-Aug-2024 16:05:45.033 INFO [main] org.apache.catalina.startup.HostConfig.deployDirectory Deploying web application directory [C:\Tomcat5\webapps\examples]
11-Aug-2024 16:05:46.226 INFO [main] org.apache.jasper.servlet.TldScanner.scanJars At least one JAR was scanned for TLDs yet contained no TLDs. Enable debug logging for this logger for a complete list of JARs that were scanned but no TLDs were found in them. Skipping unneeded JARs during scanning can improve startup time and JSP compilation time.
11-Aug-2024 16:05:46.269 INFO [main] org.apache.catalina.core.ApplicationContext.log ContextListener: contextInitialized()
11-Aug-2024 16:05:46.269 INFO [main] org.apache.catalina.core.ApplicationContext.log SessionListener: contextInitialized()
11-Aug-2024 16:05:46.271 INFO [main] org.apache.catalina.core.ApplicationContext.log ContextListener: attributeAdded('StockTicker', 'async.Stockticker@735a3e0d')
11-Aug-2024 16:05:46.281 INFO [main] org.apache.catalina.startup.HostConfig.deployDirectory Deployment of web application directory [C:\Tomcat5\webapps\examples] has finished in [1,247] ms
11-Aug-2024 16:05:46.282 INFO [main] org.apache.catalina.startup.HostConfig.deployDirectory Deploying web application directory [C:\Tomcat5\webapps\host-manager]
11-Aug-2024 16:05:46.651 INFO [main] org.apache.jasper.servlet.TldScanner.scanJars At least one JAR was scanned for TLDs yet contained no TLDs. Enable debug logging for this logger for a complete list of JARs that were scanned but no TLDs were found in them. Skipping unneeded JARs during scanning can improve startup time and JSP compilation time.
11-Aug-2024 16:05:46.659 INFO [main] org.apache.catalina.startup.HostConfig.deployDirectory Deployment of web application directory [C:\Tomcat5\webapps\host-manager] has finished in [376] ms
11-Aug-2024 16:05:46.659 INFO [main] org.apache.catalina.startup.HostConfig.deployDirectory Deploying web application directory [C:\Tomcat5\webapps\manager]
11-Aug-2024 16:05:46.972 INFO [main] org.apache.jasper.servlet.TldScanner.scanJars At least one JAR was scanned for TLDs yet contained no TLDs. Enable debug logging for this logger for a complete list of JARs that were scanned but no TLDs were found in them. Skipping unneeded JARs during scanning can improve startup time and JSP compilation time.
11-Aug-2024 16:05:46.976 INFO [main] org.apache.catalina.startup.HostConfig.deployDirectory Deployment of web application directory [C:\Tomcat5\webapps\manager] has finished in [317] ms
11-Aug-2024 16:05:46.977 INFO [main] org.apache.catalina.startup.HostConfig.deployDirectory Deploying web application directory [C:\Tomcat5\webapps\ROOT]
11-Aug-2024 16:05:47.253 INFO [main] org.apache.jasper.servlet.TldScanner.scanJars At least one JAR was scanned for TLDs yet contained no TLDs. Enable debug logging for this logger for a complete list of JARs that were scanned but no TLDs were found in them. Skipping unneeded JARs during scanning can improve startup time and JSP compilation time.
11-Aug-2024 16:05:47.255 INFO [main] org.apache.catalina.startup.HostConfig.deployDirectory Deployment of web application directory [C:\Tomcat5\webapps\ROOT] has finished in [279] ms
11-Aug-2024 16:05:47.259 SEVERE [main] org.apache.catalina.mapper.MapperListener.findDefaultHost Unknown default host [localhost] for service [StandardService[Catalina]]. Tomcat will not be able process HTTP/1.0 requests that do not specify a host name.
11-Aug-2024 16:05:47.260 SEVERE [main] org.apache.catalina.mapper.MapperListener.findDefaultHost Unknown default host [localhost] for service [StandardService[Catalina]]. Tomcat will not be able process HTTP/1.0 requests that do not specify a host name.
11-Aug-2024 16:05:47.260 INFO [main] org.apache.coyote.AbstractProtocol.start Starting ProtocolHandler ["http-nio-8509"]
11-Aug-2024 16:05:47.285 INFO [main] org.apache.coyote.AbstractProtocol.start Starting ProtocolHandler ["https-jsse-nio-8543"]
11-Aug-2024 16:05:47.288 INFO [main] org.apache.catalina.startup.Catalina.start Server startup in [6361] milliseconds
11-Aug-2024 16:05:47.508 INFO [https-jsse-nio-8543-exec-9] UserRequestServlet.doGet reached to doGet
11-Aug-2024 16:05:47.517 INFO [https-jsse-nio-8543-exec-9] UserRequestServlet.doGet session_idED175A8780055CA4BB55F58CD94375C4
11-Aug-2024 16:05:47.844 INFO [https-jsse-nio-8543-exec-9] UserAuthorizationHandler.doGet ClientRepository
11-Aug-2024 16:05:48.016 INFO [https-jsse-nio-8543-exec-9] UserAuthorizationHandler.doGet {"_id": {"$oid": "663a277bfaa9523498eac7cc"}, "client_id": "YqcEqGPFfI77eWW15qZ_ZWM-0o-biww7bmzxaZ2kw4I", "client_secret": "fea2febd80a75cc783e8c0aeaf22b87886c23636c5634894accfebeb1140385d", "client_id_issued_at": {"$date": "2024-05-07T13:07:07Z"}, "jwks_uri": "https://oauth2server:8643/OAuth2Server/WebKeySet", "redirect_uri": "https://OAuth2Client:8543/OAuth2Client/GetCode"}
11-Aug-2024 16:05:48.019 INFO [https-jsse-nio-8543-exec-9] UserAuthorizationHandler.doGet YqcEqGPFfI77eWW15qZ_ZWM-0o-biww7bmzxaZ2kw4I
11-Aug-2024 16:05:48.039 INFO [https-jsse-nio-8543-exec-9] UserAuthorizationHandler.doGet RequestQuery : response_type=code&redirect_uri=https%3A%2F%2FOAuth2Client%3A8543%2FOAuth2Client%2FGetCode&state=uzrPUnXBzrBtH0LV8U_A3GkJRje0M6r7RCQsYH-xx5k&client_id=YqcEqGPFfI77eWW15qZ_ZWM-0o-biww7bmzxaZ2kw4I&scope=read+write
