[2024-05-31 19:33:00] [info]  [26344] Apache Commons Daemon procrun (1.3.4.0 64-bit) started.
[2024-05-31 19:33:00] [info]  [26344] Running Service 'Tomcat5'...
[2024-05-31 19:33:00] [info]  [12384] Starting service...
[2024-05-31 19:33:01] [info]  [12384] Service started in 1455 milliseconds.
[2024-05-31 19:40:07] [info]  [26344] Service SERVICE_CONTROL_STOP signalled.
[2024-05-31 19:40:07] [info]  [20232] Stopping service...
[2024-05-31 19:40:08] [info]  [20232] Service stop thread completed.
[2024-05-31 19:40:09] [info]  [26344] Run service finished.
[2024-05-31 19:40:09] [info]  [26344] Apache Commons Daemon procrun finished.
[2024-05-31 19:40:09] [info]  [12068] Apache Commons Daemon procrun (1.3.4.0 64-bit) started.
[2024-05-31 19:40:09] [info]  [12068] Running Service 'Tomcat5'...
[2024-05-31 19:40:09] [info]  [23780] Starting service...
[2024-05-31 19:40:10] [info]  [23780] Service started in 1150 milliseconds.
[2024-05-31 19:46:26] [info]  [12068] Service SERVICE_CONTROL_STOP signalled.
[2024-05-31 19:46:26] [info]  [ 3596] Stopping service...
[2024-05-31 19:46:27] [info]  [ 3596] Service stop thread completed.
[2024-05-31 19:46:27] [info]  [12068] Run service finished.
[2024-05-31 19:46:27] [info]  [12068] Apache Commons Daemon procrun finished.
[2024-05-31 19:46:28] [info]  [22576] Apache Commons Daemon procrun (1.3.4.0 64-bit) started.
[2024-05-31 19:46:28] [info]  [22576] Running Service 'Tomcat5'...
[2024-05-31 19:46:28] [info]  [11068] Starting service...
[2024-05-31 19:46:29] [info]  [11068] Service started in 1149 milliseconds.
[2024-05-31 19:54:57] [info]  [22576] Service SERVICE_CONTROL_STOP signalled.
[2024-05-31 19:54:57] [info]  [26360] Stopping service...
[2024-05-31 19:54:58] [info]  [26360] Service stop thread completed.
[2024-05-31 19:54:59] [info]  [22576] Run service finished.
[2024-05-31 19:54:59] [info]  [22576] Apache Commons Daemon procrun finished.
[2024-05-31 19:54:59] [info]  [16200] Apache Commons Daemon procrun (1.3.4.0 64-bit) started.
[2024-05-31 19:54:59] [info]  [16200] Running Service 'Tomcat5'...
[2024-05-31 19:54:59] [info]  [11272] Starting service...
[2024-05-31 19:55:00] [info]  [11272] Service started in 1170 milliseconds.
[2024-05-31 20:01:52] [info]  [16200] Service SERVICE_CONTROL_STOP signalled.
[2024-05-31 20:01:52] [info]  [15760] Stopping service...
[2024-05-31 20:01:53] [info]  [15760] Service stop thread completed.
[2024-05-31 20:01:53] [info]  [16200] Run service finished.
[2024-05-31 20:01:53] [info]  [16200] Apache Commons Daemon procrun finished.
[2024-05-31 20:03:53] [info]  [13460] Apache Commons Daemon procrun (1.3.4.0 64-bit) started.
[2024-05-31 20:03:53] [info]  [13460] Running Service 'Tomcat5'...
[2024-05-31 20:03:53] [info]  [14152] Starting service...
[2024-05-31 20:03:54] [info]  [14152] Service started in 1147 milliseconds.
[2024-05-31 20:24:22] [info]  [13460] Service SERVICE_CONTROL_STOP signalled.
[2024-05-31 20:24:22] [info]  [19004] Stopping service...
[2024-05-31 20:24:23] [info]  [19004] Service stop thread completed.
[2024-05-31 20:24:23] [info]  [13460] Run service finished.
[2024-05-31 20:24:23] [info]  [13460] Apache Commons Daemon procrun finished.
[2024-05-31 20:24:57] [info]  [19280] Apache Commons Daemon procrun (1.3.4.0 64-bit) started.
[2024-05-31 20:24:57] [info]  [19280] Running Service 'Tomcat5'...
[2024-05-31 20:24:57] [info]  [19960] Starting service...
[2024-05-31 20:24:58] [info]  [19960] Service started in 1143 milliseconds.
[2024-05-31 20:30:17] [info]  [19280] Service SERVICE_CONTROL_STOP signalled.
[2024-05-31 20:30:17] [info]  [26556] Stopping service...
[2024-05-31 20:30:18] [info]  [26556] Service stop thread completed.
[2024-05-31 20:30:18] [info]  [19280] Run service finished.
[2024-05-31 20:30:18] [info]  [19280] Apache Commons Daemon procrun finished.
[2024-05-31 20:30:18] [info]  [23268] Apache Commons Daemon procrun (1.3.4.0 64-bit) started.
[2024-05-31 20:30:18] [info]  [23268] Running Service 'Tomcat5'...
[2024-05-31 20:30:18] [info]  [12256] Starting service...
[2024-05-31 20:30:19] [info]  [12256] Service started in 1150 milliseconds.
[2024-05-31 20:32:13] [info]  [23268] Service SERVICE_CONTROL_STOP signalled.
[2024-05-31 20:32:13] [info]  [ 2304] Stopping service...
[2024-05-31 20:32:14] [info]  [ 2304] Service stop thread completed.
[2024-05-31 20:32:14] [info]  [23268] Run service finished.
[2024-05-31 20:32:14] [info]  [23268] Apache Commons Daemon procrun finished.
[2024-05-31 20:33:27] [info]  [23708] Apache Commons Daemon procrun (1.3.4.0 64-bit) started.
[2024-05-31 20:33:28] [info]  [23708] Running Service 'Tomcat5'...
[2024-05-31 20:33:28] [info]  [ 9384] Starting service...
[2024-05-31 20:33:29] [info]  [ 9384] Service started in 1150 milliseconds.
[2024-05-31 20:44:52] [info]  [23708] Service SERVICE_CONTROL_STOP signalled.
[2024-05-31 20:44:52] [info]  [ 1032] Stopping service...
[2024-05-31 20:44:53] [info]  [ 1032] Service stop thread completed.
[2024-05-31 20:44:53] [info]  [23708] Run service finished.
[2024-05-31 20:44:53] [info]  [23708] Apache Commons Daemon procrun finished.
[2024-05-31 20:44:53] [info]  [ 4468] Apache Commons Daemon procrun (1.3.4.0 64-bit) started.
[2024-05-31 20:44:53] [info]  [ 4468] Running Service 'Tomcat5'...
[2024-05-31 20:44:53] [info]  [13156] Starting service...
[2024-05-31 20:44:55] [info]  [13156] Service started in 1161 milliseconds.
[2024-05-31 20:52:33] [info]  [ 4468] Service SERVICE_CONTROL_STOP signalled.
[2024-05-31 20:52:33] [info]  [ 5820] Stopping service...
[2024-05-31 20:52:34] [info]  [ 5820] Service stop thread completed.
[2024-05-31 20:52:35] [info]  [ 4468] Run service finished.
[2024-05-31 20:52:35] [info]  [ 4468] Apache Commons Daemon procrun finished.
[2024-05-31 20:52:35] [info]  [ 3728] Apache Commons Daemon procrun (1.3.4.0 64-bit) started.
[2024-05-31 20:52:35] [info]  [ 3728] Running Service 'Tomcat5'...
[2024-05-31 20:52:35] [info]  [15804] Starting service...
[2024-05-31 20:52:36] [info]  [15804] Service started in 1160 milliseconds.
[2024-05-31 21:05:25] [info]  [ 3728] Service SERVICE_CONTROL_STOP signalled.
[2024-05-31 21:05:25] [info]  [17308] Stopping service...
[2024-05-31 21:05:26] [info]  [17308] Service stop thread completed.
[2024-05-31 21:05:27] [info]  [ 3728] Run service finished.
[2024-05-31 21:05:27] [info]  [ 3728] Apache Commons Daemon procrun finished.
[2024-05-31 21:05:27] [info]  [16024] Apache Commons Daemon procrun (1.3.4.0 64-bit) started.
[2024-05-31 21:05:27] [info]  [16024] Running Service 'Tomcat5'...
[2024-05-31 21:05:27] [info]  [12116] Starting service...
[2024-05-31 21:05:28] [info]  [12116] Service started in 1138 milliseconds.
[2024-05-31 21:12:42] [info]  [16024] Service SERVICE_CONTROL_STOP signalled.
[2024-05-31 21:12:42] [info]  [13700] Stopping service...
[2024-05-31 21:12:43] [info]  [13700] Service stop thread completed.
[2024-05-31 21:12:43] [info]  [16024] Run service finished.
[2024-05-31 21:12:43] [info]  [16024] Apache Commons Daemon procrun finished.
[2024-05-31 21:12:43] [info]  [ 2116] Apache Commons Daemon procrun (1.3.4.0 64-bit) started.
[2024-05-31 21:12:43] [info]  [ 2116] Running Service 'Tomcat5'...
[2024-05-31 21:12:43] [info]  [21184] Starting service...
[2024-05-31 21:12:45] [info]  [21184] Service started in 1143 milliseconds.
[2024-06-01 17:39:23] [info]  [ 2116] Service SERVICE_CONTROL_STOP signalled.
[2024-06-01 17:39:23] [info]  [12168] Stopping service...
[2024-06-01 17:39:24] [info]  [12168] Service stop thread completed.
[2024-06-01 17:39:24] [info]  [ 2116] Run service finished.
[2024-06-01 17:39:24] [info]  [ 2116] Apache Commons Daemon procrun finished.
