[2024-05-01 20:09:57] [info]  [ 3688] Apache Commons Daemon procrun (1.3.4.0 64-bit) started.
[2024-05-01 20:09:57] [info]  [ 3688] Running Service 'Tomcat5'...
[2024-05-01 20:09:57] [info]  [15328] Starting service...
[2024-05-01 20:09:58] [info]  [15328] Service started in 1422 milliseconds.
[2024-05-01 20:12:20] [info]  [ 3688] Service SERVICE_CONTROL_STOP signalled.
[2024-05-01 20:12:20] [info]  [19792] Stopping service...
[2024-05-01 20:12:21] [info]  [19792] Service stop thread completed.
[2024-05-01 20:12:22] [info]  [ 3688] Run service finished.
[2024-05-01 20:12:22] [info]  [ 3688] Apache Commons Daemon procrun finished.
[2024-05-01 20:12:22] [info]  [21600] Apache Commons Daemon procrun (1.3.4.0 64-bit) started.
[2024-05-01 20:12:22] [info]  [21600] Running Service 'Tomcat5'...
[2024-05-01 20:12:22] [info]  [20080] Starting service...
[2024-05-01 20:12:23] [info]  [20080] Service started in 1157 milliseconds.
[2024-05-01 21:15:01] [info]  [21600] Service SERVICE_CONTROL_STOP signalled.
[2024-05-01 21:15:01] [info]  [ 2600] Stopping service...
[2024-05-01 21:15:02] [info]  [ 2600] Service stop thread completed.
[2024-05-01 21:15:03] [info]  [21600] Run service finished.
[2024-05-01 21:15:03] [info]  [21600] Apache Commons Daemon procrun finished.
[2024-05-01 21:15:03] [info]  [ 1916] Apache Commons Daemon procrun (1.3.4.0 64-bit) started.
[2024-05-01 21:15:03] [info]  [ 1916] Running Service 'Tomcat5'...
[2024-05-01 21:15:03] [info]  [  364] Starting service...
[2024-05-01 21:15:04] [info]  [  364] Service started in 1147 milliseconds.
[2024-05-01 21:49:46] [info]  [ 1916] Service SERVICE_CONTROL_STOP signalled.
[2024-05-01 21:49:46] [info]  [13544] Stopping service...
[2024-05-01 21:49:47] [info]  [13544] Service stop thread completed.
[2024-05-01 21:49:48] [info]  [ 1916] Run service finished.
[2024-05-01 21:49:48] [info]  [ 1916] Apache Commons Daemon procrun finished.
[2024-05-01 21:49:48] [info]  [ 3184] Apache Commons Daemon procrun (1.3.4.0 64-bit) started.
[2024-05-01 21:49:48] [info]  [ 3184] Running Service 'Tomcat5'...
[2024-05-01 21:49:48] [info]  [10088] Starting service...
[2024-05-01 21:49:49] [info]  [10088] Service started in 1139 milliseconds.
[2024-05-04 17:52:44] [info]  [ 3184] Service SERVICE_CONTROL_STOP signalled.
[2024-05-04 17:52:44] [info]  [23840] Stopping service...
[2024-05-04 17:52:45] [info]  [23840] Service stop thread completed.
[2024-05-04 17:52:45] [info]  [ 3184] Run service finished.
[2024-05-04 17:52:45] [info]  [ 3184] Apache Commons Daemon procrun finished.
