[2024-05-23 18:10:28] [info]  [ 3168] Apache Commons Daemon procrun (1.3.4.0 64-bit) started.
[2024-05-23 18:10:28] [info]  [ 3168] Running Service 'Tomcat5'...
[2024-05-23 18:10:28] [info]  [ 4044] Starting service...
[2024-05-23 18:10:30] [info]  [ 4044] Service started in 1745 milliseconds.
[2024-05-23 18:21:28] [info]  [ 3168] Service SERVICE_CONTROL_STOP signalled.
[2024-05-23 18:21:28] [info]  [17532] Stopping service...
[2024-05-23 18:21:29] [info]  [17532] Service stop thread completed.
[2024-05-23 18:21:30] [info]  [ 3168] Run service finished.
[2024-05-23 18:21:30] [info]  [ 3168] Apache Commons Daemon procrun finished.
[2024-05-23 18:21:51] [info]  [11612] Apache Commons Daemon procrun (1.3.4.0 64-bit) started.
[2024-05-23 18:21:51] [info]  [11612] Running Service 'Tomcat5'...
[2024-05-23 18:21:51] [info]  [ 7172] Starting service...
[2024-05-23 18:21:53] [info]  [ 7172] Service started in 1310 milliseconds.
[2024-05-23 19:00:57] [info]  [11612] Service SERVICE_CONTROL_STOP signalled.
[2024-05-23 19:00:57] [info]  [13732] Stopping service...
[2024-05-23 19:00:58] [info]  [13732] Service stop thread completed.
[2024-05-23 19:00:58] [info]  [11612] Run service finished.
[2024-05-23 19:00:58] [info]  [11612] Apache Commons Daemon procrun finished.
[2024-05-23 19:01:55] [info]  [15488] Apache Commons Daemon procrun (1.3.4.0 64-bit) started.
[2024-05-23 19:01:55] [info]  [15488] Running Service 'Tomcat5'...
[2024-05-23 19:01:55] [info]  [20764] Starting service...
[2024-05-23 19:01:56] [info]  [20764] Service started in 1144 milliseconds.
[2024-05-23 19:19:39] [info]  [15488] Service SERVICE_CONTROL_STOP signalled.
[2024-05-23 19:19:39] [info]  [23460] Stopping service...
[2024-05-23 19:19:40] [info]  [23460] Service stop thread completed.
[2024-05-23 19:19:41] [info]  [15488] Run service finished.
[2024-05-23 19:19:41] [info]  [15488] Apache Commons Daemon procrun finished.
[2024-05-23 19:21:15] [info]  [22344] Apache Commons Daemon procrun (1.3.4.0 64-bit) started.
[2024-05-23 19:21:15] [info]  [22344] Running Service 'Tomcat5'...
[2024-05-23 19:21:15] [info]  [13732] Starting service...
[2024-05-23 19:21:16] [info]  [13732] Service started in 1193 milliseconds.
[2024-05-23 19:28:29] [info]  [22344] Service SERVICE_CONTROL_STOP signalled.
[2024-05-23 19:28:29] [info]  [20288] Stopping service...
[2024-05-23 19:28:30] [info]  [20288] Service stop thread completed.
[2024-05-23 19:28:31] [info]  [22344] Run service finished.
[2024-05-23 19:28:31] [info]  [22344] Apache Commons Daemon procrun finished.
[2024-05-23 19:28:31] [info]  [16536] Apache Commons Daemon procrun (1.3.4.0 64-bit) started.
[2024-05-23 19:28:31] [info]  [16536] Running Service 'Tomcat5'...
[2024-05-23 19:28:31] [info]  [19548] Starting service...
[2024-05-23 19:28:32] [info]  [19548] Service started in 1153 milliseconds.
[2024-05-23 19:37:31] [info]  [16536] Service SERVICE_CONTROL_STOP signalled.
[2024-05-23 19:37:31] [info]  [20512] Stopping service...
[2024-05-23 19:37:32] [info]  [20512] Service stop thread completed.
[2024-05-23 19:37:32] [info]  [16536] Run service finished.
[2024-05-23 19:37:32] [info]  [16536] Apache Commons Daemon procrun finished.
[2024-05-23 19:37:33] [info]  [12412] Apache Commons Daemon procrun (1.3.4.0 64-bit) started.
[2024-05-23 19:37:33] [info]  [12412] Running Service 'Tomcat5'...
[2024-05-23 19:37:33] [info]  [21440] Starting service...
[2024-05-23 19:37:34] [info]  [21440] Service started in 1139 milliseconds.
[2024-05-23 19:47:23] [info]  [12412] Service SERVICE_CONTROL_STOP signalled.
[2024-05-23 19:47:23] [info]  [15584] Stopping service...
[2024-05-23 19:47:24] [info]  [15584] Service stop thread completed.
[2024-05-23 19:47:24] [info]  [12412] Run service finished.
[2024-05-23 19:47:24] [info]  [12412] Apache Commons Daemon procrun finished.
[2024-05-23 19:47:25] [info]  [ 2116] Apache Commons Daemon procrun (1.3.4.0 64-bit) started.
[2024-05-23 19:47:25] [info]  [ 2116] Running Service 'Tomcat5'...
[2024-05-23 19:47:25] [info]  [10956] Starting service...
[2024-05-23 19:47:26] [info]  [10956] Service started in 1163 milliseconds.
[2024-05-23 20:40:50] [info]  [ 2116] Service SERVICE_CONTROL_STOP signalled.
[2024-05-23 20:40:50] [info]  [ 9624] Stopping service...
[2024-05-23 20:40:51] [info]  [ 9624] Service stop thread completed.
[2024-05-23 20:40:51] [info]  [ 2116] Run service finished.
[2024-05-23 20:40:51] [info]  [ 2116] Apache Commons Daemon procrun finished.
[2024-05-23 20:40:52] [info]  [17444] Apache Commons Daemon procrun (1.3.4.0 64-bit) started.
[2024-05-23 20:40:52] [info]  [17444] Running Service 'Tomcat5'...
[2024-05-23 20:40:52] [info]  [15708] Starting service...
[2024-05-23 20:40:53] [info]  [15708] Service started in 1428 milliseconds.
[2024-05-24 20:07:57] [info]  [17444] Service SERVICE_CONTROL_STOP signalled.
[2024-05-24 20:07:57] [info]  [ 1936] Stopping service...
[2024-05-24 20:07:58] [info]  [ 1936] Service stop thread completed.
[2024-05-24 20:07:58] [info]  [17444] Run service finished.
[2024-05-24 20:07:58] [info]  [17444] Apache Commons Daemon procrun finished.
