[2024-05-04 17:52:45] [info]  [18416] Apache Commons Daemon procrun (1.3.4.0 64-bit) started.
[2024-05-04 17:52:45] [info]  [18416] Running Service 'Tomcat5'...
[2024-05-04 17:52:45] [info]  [22932] Starting service...
[2024-05-04 17:52:47] [info]  [22932] Service started in 1782 milliseconds.
[2024-05-04 18:28:08] [info]  [18416] Service SERVICE_CONTROL_STOP signalled.
[2024-05-04 18:28:08] [info]  [23688] Stopping service...
[2024-05-04 18:28:09] [info]  [23688] Service stop thread completed.
[2024-05-04 18:28:10] [info]  [18416] Run service finished.
[2024-05-04 18:28:10] [info]  [18416] Apache Commons Daemon procrun finished.
[2024-05-04 18:28:10] [info]  [19848] Apache Commons Daemon procrun (1.3.4.0 64-bit) started.
[2024-05-04 18:28:10] [info]  [19848] Running Service 'Tomcat5'...
[2024-05-04 18:28:10] [info]  [ 6692] Starting service...
[2024-05-04 18:28:11] [info]  [ 6692] Service started in 1254 milliseconds.
[2024-05-04 18:34:20] [info]  [19848] Service SERVICE_CONTROL_STOP signalled.
[2024-05-04 18:34:20] [info]  [21692] Stopping service...
[2024-05-04 18:34:21] [info]  [21692] Service stop thread completed.
[2024-05-04 18:34:22] [info]  [19848] Run service finished.
[2024-05-04 18:34:22] [info]  [19848] Apache Commons Daemon procrun finished.
[2024-05-04 18:34:22] [info]  [ 8720] Apache Commons Daemon procrun (1.3.4.0 64-bit) started.
[2024-05-04 18:34:22] [info]  [ 8720] Running Service 'Tomcat5'...
[2024-05-04 18:34:22] [info]  [ 3700] Starting service...
[2024-05-04 18:34:23] [info]  [ 3700] Service started in 1243 milliseconds.
[2024-05-04 18:49:25] [info]  [ 8720] Service SERVICE_CONTROL_STOP signalled.
[2024-05-04 18:49:25] [info]  [11972] Stopping service...
[2024-05-04 18:49:26] [info]  [11972] Service stop thread completed.
[2024-05-04 18:49:27] [info]  [ 8720] Run service finished.
[2024-05-04 18:49:27] [info]  [ 8720] Apache Commons Daemon procrun finished.
[2024-05-04 18:49:27] [info]  [15436] Apache Commons Daemon procrun (1.3.4.0 64-bit) started.
[2024-05-04 18:49:27] [info]  [15436] Running Service 'Tomcat5'...
[2024-05-04 18:49:27] [info]  [13244] Starting service...
[2024-05-04 18:49:28] [info]  [13244] Service started in 1147 milliseconds.
[2024-05-04 19:01:38] [info]  [15436] Service SERVICE_CONTROL_STOP signalled.
[2024-05-04 19:01:38] [info]  [26556] Stopping service...
[2024-05-04 19:01:39] [info]  [26556] Service stop thread completed.
[2024-05-04 19:01:40] [info]  [15436] Run service finished.
[2024-05-04 19:01:40] [info]  [15436] Apache Commons Daemon procrun finished.
[2024-05-04 19:01:40] [info]  [ 1888] Apache Commons Daemon procrun (1.3.4.0 64-bit) started.
[2024-05-04 19:01:40] [info]  [ 1888] Running Service 'Tomcat5'...
[2024-05-04 19:01:40] [info]  [ 3636] Starting service...
[2024-05-04 19:01:41] [info]  [ 3636] Service started in 1177 milliseconds.
[2024-05-04 19:23:42] [info]  [ 1888] Service SERVICE_CONTROL_STOP signalled.
[2024-05-04 19:23:42] [info]  [15652] Stopping service...
[2024-05-04 19:23:43] [info]  [15652] Service stop thread completed.
[2024-05-04 19:23:44] [info]  [ 1888] Run service finished.
[2024-05-04 19:23:44] [info]  [ 1888] Apache Commons Daemon procrun finished.
[2024-05-04 19:23:44] [info]  [14288] Apache Commons Daemon procrun (1.3.4.0 64-bit) started.
[2024-05-04 19:23:44] [info]  [14288] Running Service 'Tomcat5'...
[2024-05-04 19:23:44] [info]  [22976] Starting service...
[2024-05-04 19:23:45] [info]  [22976] Service started in 1134 milliseconds.
[2024-05-04 19:45:20] [info]  [14288] Service SERVICE_CONTROL_STOP signalled.
[2024-05-04 19:45:20] [info]  [26408] Stopping service...
[2024-05-04 19:45:21] [info]  [26408] Service stop thread completed.
[2024-05-04 19:45:22] [info]  [14288] Run service finished.
[2024-05-04 19:45:22] [info]  [14288] Apache Commons Daemon procrun finished.
[2024-05-04 19:45:22] [info]  [19528] Apache Commons Daemon procrun (1.3.4.0 64-bit) started.
[2024-05-04 19:45:22] [info]  [19528] Running Service 'Tomcat5'...
[2024-05-04 19:45:22] [info]  [16400] Starting service...
[2024-05-04 19:45:23] [info]  [16400] Service started in 1159 milliseconds.
[2024-05-04 21:35:58] [info]  [19528] Service SERVICE_CONTROL_STOP signalled.
[2024-05-04 21:35:58] [info]  [16444] Stopping service...
[2024-05-04 21:35:59] [info]  [16444] Service stop thread completed.
[2024-05-04 21:36:00] [info]  [19528] Run service finished.
[2024-05-04 21:36:00] [info]  [19528] Apache Commons Daemon procrun finished.
[2024-05-04 21:36:00] [info]  [11388] Apache Commons Daemon procrun (1.3.4.0 64-bit) started.
[2024-05-04 21:36:00] [info]  [11388] Running Service 'Tomcat5'...
[2024-05-04 21:36:00] [info]  [ 8524] Starting service...
[2024-05-04 21:36:01] [info]  [ 8524] Service started in 1152 milliseconds.
[2024-05-06 20:27:30] [info]  [11388] Service SERVICE_CONTROL_STOP signalled.
[2024-05-06 20:27:30] [info]  [26136] Stopping service...
[2024-05-06 20:27:33] [info]  [26136] Service stop thread completed.
[2024-05-06 20:27:33] [info]  [11388] Run service finished.
[2024-05-06 20:27:33] [info]  [11388] Apache Commons Daemon procrun finished.
