[2024-03-07 20:18:14] [info]  [20416] Apache Commons Daemon procrun (1.3.4.0 64-bit) started.
[2024-03-07 20:18:14] [info]  [20416] Running Service 'Tomcat5'...
[2024-03-07 20:18:14] [info]  [19532] Starting service...
[2024-03-07 20:18:15] [info]  [19532] Service started in 1249 milliseconds.
[2024-03-07 20:21:24] [info]  [20416] Service SERVICE_CONTROL_STOP signalled.
[2024-03-07 20:21:24] [info]  [26784] Stopping service...
[2024-03-07 20:21:25] [info]  [26784] Service stop thread completed.
[2024-03-07 20:21:25] [info]  [20416] Run service finished.
[2024-03-07 20:21:25] [info]  [20416] Apache Commons Daemon procrun finished.
[2024-03-07 20:21:25] [info]  [25236] Apache Commons Daemon procrun (1.3.4.0 64-bit) started.
[2024-03-07 20:21:25] [info]  [25236] Running Service 'Tomcat5'...
[2024-03-07 20:21:25] [info]  [19072] Starting service...
[2024-03-07 20:21:26] [info]  [19072] Service started in 1238 milliseconds.
[2024-03-07 20:33:09] [info]  [25236] Service SERVICE_CONTROL_STOP signalled.
[2024-03-07 20:33:09] [info]  [ 5976] Stopping service...
[2024-03-07 20:33:10] [info]  [ 5976] Service stop thread completed.
[2024-03-07 20:33:10] [info]  [25236] Run service finished.
[2024-03-07 20:33:10] [info]  [25236] Apache Commons Daemon procrun finished.
[2024-03-07 20:33:10] [info]  [11976] Apache Commons Daemon procrun (1.3.4.0 64-bit) started.
[2024-03-07 20:33:10] [info]  [11976] Running Service 'Tomcat5'...
[2024-03-07 20:33:10] [info]  [17448] Starting service...
[2024-03-07 20:33:11] [info]  [17448] Service started in 1230 milliseconds.
[2024-03-07 20:41:05] [info]  [11976] Service SERVICE_CONTROL_STOP signalled.
[2024-03-07 20:41:05] [info]  [16136] Stopping service...
[2024-03-07 20:41:06] [info]  [16136] Service stop thread completed.
[2024-03-07 20:41:06] [info]  [11976] Run service finished.
[2024-03-07 20:41:06] [info]  [11976] Apache Commons Daemon procrun finished.
[2024-03-07 20:41:06] [info]  [14656] Apache Commons Daemon procrun (1.3.4.0 64-bit) started.
[2024-03-07 20:41:06] [info]  [14656] Running Service 'Tomcat5'...
[2024-03-07 20:41:06] [info]  [22108] Starting service...
[2024-03-07 20:41:08] [info]  [22108] Service started in 1231 milliseconds.
[2024-03-07 20:43:57] [info]  [14656] Service SERVICE_CONTROL_STOP signalled.
[2024-03-07 20:43:57] [info]  [13664] Stopping service...
[2024-03-07 20:43:58] [info]  [13664] Service stop thread completed.
[2024-03-07 20:43:58] [info]  [14656] Run service finished.
[2024-03-07 20:43:58] [info]  [14656] Apache Commons Daemon procrun finished.
[2024-03-07 20:43:58] [info]  [23744] Apache Commons Daemon procrun (1.3.4.0 64-bit) started.
[2024-03-07 20:43:58] [info]  [23744] Running Service 'Tomcat5'...
[2024-03-07 20:43:58] [info]  [  152] Starting service...
[2024-03-07 20:43:59] [info]  [  152] Service started in 1250 milliseconds.
[2024-03-07 20:52:05] [info]  [23744] Service SERVICE_CONTROL_STOP signalled.
[2024-03-07 20:52:05] [info]  [26508] Stopping service...
[2024-03-07 20:52:06] [info]  [26508] Service stop thread completed.
[2024-03-07 20:52:06] [info]  [23744] Run service finished.
[2024-03-07 20:52:06] [info]  [23744] Apache Commons Daemon procrun finished.
[2024-03-07 20:52:07] [info]  [ 3048] Apache Commons Daemon procrun (1.3.4.0 64-bit) started.
[2024-03-07 20:52:07] [info]  [ 3048] Running Service 'Tomcat5'...
[2024-03-07 20:52:07] [info]  [15128] Starting service...
[2024-03-07 20:52:08] [info]  [15128] Service started in 1259 milliseconds.
[2024-03-07 21:42:59] [info]  [ 3048] Service SERVICE_CONTROL_STOP signalled.
[2024-03-07 21:42:59] [info]  [17284] Stopping service...
[2024-03-07 21:43:00] [info]  [17284] Service stop thread completed.
[2024-03-07 21:43:00] [info]  [ 3048] Run service finished.
[2024-03-07 21:43:00] [info]  [ 3048] Apache Commons Daemon procrun finished.
[2024-03-07 21:43:00] [info]  [21812] Apache Commons Daemon procrun (1.3.4.0 64-bit) started.
[2024-03-07 21:43:00] [info]  [21812] Running Service 'Tomcat5'...
[2024-03-07 21:43:00] [info]  [ 6456] Starting service...
[2024-03-07 21:43:02] [info]  [ 6456] Service started in 1243 milliseconds.
[2024-03-07 21:45:55] [info]  [21812] Service SERVICE_CONTROL_STOP signalled.
[2024-03-07 21:45:55] [info]  [ 4812] Stopping service...
[2024-03-07 21:45:56] [info]  [ 4812] Service stop thread completed.
[2024-03-07 21:45:56] [info]  [21812] Run service finished.
[2024-03-07 21:45:56] [info]  [21812] Apache Commons Daemon procrun finished.
[2024-03-07 21:45:56] [info]  [18224] Apache Commons Daemon procrun (1.3.4.0 64-bit) started.
[2024-03-07 21:45:56] [info]  [18224] Running Service 'Tomcat5'...
[2024-03-07 21:45:56] [info]  [12076] Starting service...
[2024-03-07 21:45:57] [info]  [12076] Service started in 1238 milliseconds.
[2024-03-14 22:21:15] [info]  [12456] Console SHUTDOWN event signaled.
[2024-03-14 22:21:15] [info]  [12456] Stopping service...
[2024-03-14 22:21:16] [info]  [12456] Service stop thread completed.
[2024-03-14 22:21:16] [info]  [18224] Run service finished.
[2024-03-14 22:21:16] [info]  [18224] Apache Commons Daemon procrun finished.
