[2024-03-02 19:49:34] [info]  [23424] Apache Commons Daemon procrun (1.3.4.0 64-bit) started.
[2024-03-02 19:49:34] [info]  [23424] Running Service 'Tomcat5'...
[2024-03-02 19:49:34] [info]  [20136] Starting service...
[2024-03-02 19:49:36] [info]  [20136] Service started in 1432 milliseconds.
[2024-03-02 20:27:09] [info]  [23424] Service SERVICE_CONTROL_STOP signalled.
[2024-03-02 20:27:09] [info]  [ 2940] Stopping service...
[2024-03-02 20:27:10] [info]  [ 2940] Service stop thread completed.
[2024-03-02 20:27:10] [info]  [23424] Run service finished.
[2024-03-02 20:27:10] [info]  [23424] Apache Commons Daemon procrun finished.
[2024-03-02 20:27:10] [info]  [21872] Apache Commons Daemon procrun (1.3.4.0 64-bit) started.
[2024-03-02 20:27:10] [info]  [21872] Running Service 'Tomcat5'...
[2024-03-02 20:27:10] [info]  [23944] Starting service...
[2024-03-02 20:27:12] [info]  [23944] Service started in 1361 milliseconds.
[2024-03-02 21:37:19] [info]  [21872] Service SERVICE_CONTROL_STOP signalled.
[2024-03-02 21:37:19] [info]  [  420] Stopping service...
[2024-03-02 21:37:20] [info]  [  420] Service stop thread completed.
[2024-03-02 21:37:20] [info]  [21872] Run service finished.
[2024-03-02 21:37:20] [info]  [21872] Apache Commons Daemon procrun finished.
[2024-03-02 21:37:20] [info]  [ 7004] Apache Commons Daemon procrun (1.3.4.0 64-bit) started.
[2024-03-02 21:37:20] [info]  [ 7004] Running Service 'Tomcat5'...
[2024-03-02 21:37:20] [info]  [16648] Starting service...
[2024-03-02 21:37:21] [info]  [16648] Service started in 1152 milliseconds.
[2024-03-02 21:41:52] [info]  [ 7004] Service SERVICE_CONTROL_STOP signalled.
[2024-03-02 21:41:52] [info]  [13472] Stopping service...
[2024-03-02 21:41:53] [info]  [13472] Service stop thread completed.
[2024-03-02 21:41:53] [info]  [ 7004] Run service finished.
[2024-03-02 21:41:53] [info]  [ 7004] Apache Commons Daemon procrun finished.
[2024-03-02 21:41:53] [info]  [25196] Apache Commons Daemon procrun (1.3.4.0 64-bit) started.
[2024-03-02 21:41:53] [info]  [25196] Running Service 'Tomcat5'...
[2024-03-02 21:41:53] [info]  [14272] Starting service...
[2024-03-02 21:41:54] [info]  [14272] Service started in 1142 milliseconds.
[2024-03-02 21:44:23] [info]  [25196] Service SERVICE_CONTROL_STOP signalled.
[2024-03-02 21:44:23] [info]  [ 1752] Stopping service...
[2024-03-02 21:44:24] [info]  [ 1752] Service stop thread completed.
[2024-03-02 21:44:24] [info]  [25196] Run service finished.
[2024-03-02 21:44:24] [info]  [25196] Apache Commons Daemon procrun finished.
[2024-03-02 21:44:24] [info]  [23480] Apache Commons Daemon procrun (1.3.4.0 64-bit) started.
[2024-03-02 21:44:24] [info]  [23480] Running Service 'Tomcat5'...
[2024-03-02 21:44:24] [info]  [26516] Starting service...
[2024-03-02 21:44:26] [info]  [26516] Service started in 1133 milliseconds.
[2024-03-06 21:29:20] [info]  [23480] Service SERVICE_CONTROL_STOP signalled.
[2024-03-06 21:29:20] [info]  [18456] Stopping service...
[2024-03-06 21:29:21] [info]  [18456] Service stop thread completed.
[2024-03-06 21:29:21] [info]  [23480] Run service finished.
[2024-03-06 21:29:21] [info]  [23480] Apache Commons Daemon procrun finished.
