[2024-02-29 19:47:05] [info]  [ 8880] Apache Commons Daemon procrun (1.3.4.0 64-bit) started.
[2024-02-29 19:47:05] [info]  [ 8880] Running Service 'Tomcat5'...
[2024-02-29 19:47:05] [info]  [ 5820] Starting service...
[2024-02-29 19:47:06] [info]  [ 5820] Service started in 1368 milliseconds.
[2024-02-29 19:47:11] [info]  [ 8880] Service SERVICE_CONTROL_STOP signalled.
[2024-02-29 19:47:11] [info]  [23808] Stopping service...
[2024-02-29 19:47:20] [info]  [23808] Service stop thread completed.
[2024-02-29 19:47:20] [info]  [ 8880] Run service finished.
[2024-02-29 19:47:20] [info]  [ 8880] Apache Commons Daemon procrun finished.
[2024-02-29 19:48:00] [info]  [ 1336] Apache Commons Daemon procrun (1.3.4.0 64-bit) started.
[2024-02-29 19:48:00] [info]  [ 1336] Running Service 'Tomcat5'...
[2024-02-29 19:48:00] [info]  [12292] Starting service...
[2024-02-29 19:48:01] [info]  [12292] Service started in 1150 milliseconds.
[2024-02-29 20:42:16] [info]  [ 1336] Service SERVICE_CONTROL_STOP signalled.
[2024-02-29 20:42:16] [info]  [23032] Stopping service...
[2024-02-29 20:42:17] [info]  [23032] Service stop thread completed.
[2024-02-29 20:42:17] [info]  [ 1336] Run service finished.
[2024-02-29 20:42:17] [info]  [ 1336] Apache Commons Daemon procrun finished.
[2024-02-29 20:42:18] [info]  [ 2836] Apache Commons Daemon procrun (1.3.4.0 64-bit) started.
[2024-02-29 20:42:18] [info]  [ 2836] Running Service 'Tomcat5'...
[2024-02-29 20:42:18] [info]  [21880] Starting service...
[2024-02-29 20:42:19] [info]  [21880] Service started in 1351 milliseconds.
[2024-02-29 20:48:41] [info]  [ 2836] Service SERVICE_CONTROL_STOP signalled.
[2024-02-29 20:48:41] [info]  [ 5536] Stopping service...
[2024-02-29 20:48:42] [info]  [ 5536] Service stop thread completed.
[2024-02-29 20:48:42] [info]  [ 2836] Run service finished.
[2024-02-29 20:48:42] [info]  [ 2836] Apache Commons Daemon procrun finished.
[2024-02-29 20:48:42] [info]  [23716] Apache Commons Daemon procrun (1.3.4.0 64-bit) started.
[2024-02-29 20:48:42] [info]  [23716] Running Service 'Tomcat5'...
[2024-02-29 20:48:42] [info]  [ 3228] Starting service...
[2024-02-29 20:48:43] [info]  [ 3228] Service started in 1160 milliseconds.
[2024-03-01 19:49:38] [info]  [23716] Service SERVICE_CONTROL_STOP signalled.
[2024-03-01 19:49:38] [info]  [19996] Stopping service...
[2024-03-01 19:49:39] [info]  [19996] Service stop thread completed.
[2024-03-01 19:49:40] [info]  [23716] Run service finished.
[2024-03-01 19:49:40] [info]  [23716] Apache Commons Daemon procrun finished.
