[2024-04-24 17:53:34] [info]  [19092] Apache Commons Daemon procrun (1.3.4.0 64-bit) started.
[2024-04-24 17:53:34] [info]  [19092] Running Service 'Tomcat5'...
[2024-04-24 17:53:34] [info]  [10696] Starting service...
[2024-04-24 17:53:36] [info]  [10696] Service started in 1628 milliseconds.
[2024-04-24 18:12:29] [info]  [19092] Service SERVICE_CONTROL_STOP signalled.
[2024-04-24 18:12:29] [info]  [  392] Stopping service...
[2024-04-24 18:12:30] [info]  [  392] Service stop thread completed.
[2024-04-24 18:12:30] [info]  [19092] Run service finished.
[2024-04-24 18:12:30] [info]  [19092] Apache Commons Daemon procrun finished.
[2024-04-24 18:12:30] [info]  [20396] Apache Commons Daemon procrun (1.3.4.0 64-bit) started.
[2024-04-24 18:12:30] [info]  [20396] Running Service 'Tomcat5'...
[2024-04-24 18:12:30] [info]  [22800] Starting service...
[2024-04-24 18:12:32] [info]  [22800] Service started in 1349 milliseconds.
[2024-04-24 18:33:45] [info]  [20396] Service SERVICE_CONTROL_STOP signalled.
[2024-04-24 18:33:45] [info]  [22352] Stopping service...
[2024-04-24 18:33:46] [info]  [22352] Service stop thread completed.
[2024-04-24 18:33:47] [info]  [20396] Run service finished.
[2024-04-24 18:33:47] [info]  [20396] Apache Commons Daemon procrun finished.
[2024-04-24 18:33:47] [info]  [21252] Apache Commons Daemon procrun (1.3.4.0 64-bit) started.
[2024-04-24 18:33:47] [info]  [21252] Running Service 'Tomcat5'...
[2024-04-24 18:33:47] [info]  [ 1464] Starting service...
[2024-04-24 18:33:48] [info]  [ 1464] Service started in 1147 milliseconds.
[2024-04-24 19:10:45] [info]  [21252] Service SERVICE_CONTROL_STOP signalled.
[2024-04-24 19:10:45] [info]  [22848] Stopping service...
[2024-04-24 19:10:46] [info]  [22848] Service stop thread completed.
[2024-04-24 19:10:46] [info]  [21252] Run service finished.
[2024-04-24 19:10:46] [info]  [21252] Apache Commons Daemon procrun finished.
[2024-04-24 19:10:47] [info]  [22392] Apache Commons Daemon procrun (1.3.4.0 64-bit) started.
[2024-04-24 19:10:47] [info]  [22392] Running Service 'Tomcat5'...
[2024-04-24 19:10:47] [info]  [19164] Starting service...
[2024-04-24 19:10:48] [info]  [19164] Service started in 1424 milliseconds.
[2024-04-24 19:17:37] [info]  [22392] Service SERVICE_CONTROL_STOP signalled.
[2024-04-24 19:17:37] [info]  [21316] Stopping service...
[2024-04-24 19:17:38] [info]  [21316] Service stop thread completed.
[2024-04-24 19:17:39] [info]  [22392] Run service finished.
[2024-04-24 19:17:39] [info]  [22392] Apache Commons Daemon procrun finished.
[2024-04-24 19:17:46] [info]  [14612] Apache Commons Daemon procrun (1.3.4.0 64-bit) started.
[2024-04-24 19:17:46] [info]  [14612] Running Service 'Tomcat5'...
[2024-04-24 19:17:46] [info]  [19624] Starting service...
[2024-04-24 19:17:47] [info]  [19624] Service started in 1150 milliseconds.
[2024-04-24 20:31:53] [info]  [10932] Console SHUTDOWN event signaled.
[2024-04-24 20:31:53] [info]  [10932] Stopping service...
[2024-04-24 20:31:54] [info]  [10932] Service stop thread completed.
[2024-04-24 20:31:54] [info]  [14612] Run service finished.
[2024-04-24 20:31:54] [info]  [14612] Apache Commons Daemon procrun finished.
