[2024-06-01 18:51:28] [info]  [24352] Apache Commons Daemon procrun (1.3.4.0 64-bit) started.
[2024-06-01 18:51:28] [info]  [24352] Running Service 'Tomcat5'...
[2024-06-01 18:51:28] [info]  [12236] Starting service...
[2024-06-01 18:51:30] [info]  [12236] Service started in 1668 milliseconds.
[2024-06-01 18:51:32] [info]  [24352] Service SERVICE_CONTROL_STOP signalled.
[2024-06-01 18:51:32] [info]  [22892] Stopping service...
[2024-06-01 18:56:48] [info]  [22892] Service stop thread completed.
[2024-06-01 18:57:48] [info]  [24352] Run service finished.
[2024-06-01 18:57:48] [info]  [24352] Apache Commons Daemon procrun finished.
[2024-06-01 18:59:18] [info]  [26512] Apache Commons Daemon procrun (1.3.4.0 64-bit) started.
[2024-06-01 18:59:18] [info]  [26512] Running Service 'Tomcat5'...
[2024-06-01 18:59:18] [info]  [ 3416] Starting service...
[2024-06-01 18:59:19] [info]  [ 3416] Service started in 1735 milliseconds.
[2024-06-01 19:00:56] [info]  [26512] Service SERVICE_CONTROL_STOP signalled.
[2024-06-01 19:00:56] [info]  [16812] Stopping service...
[2024-06-01 19:00:57] [info]  [16812] Service stop thread completed.
[2024-06-01 19:00:58] [info]  [26512] Run service finished.
[2024-06-01 19:00:58] [info]  [26512] Apache Commons Daemon procrun finished.
[2024-06-01 19:00:58] [info]  [26020] Apache Commons Daemon procrun (1.3.4.0 64-bit) started.
[2024-06-01 19:00:58] [info]  [26020] Running Service 'Tomcat5'...
[2024-06-01 19:00:58] [info]  [  752] Starting service...
[2024-06-01 19:00:59] [info]  [  752] Service started in 1233 milliseconds.
[2024-06-01 19:55:58] [info]  [26020] Service SERVICE_CONTROL_STOP signalled.
[2024-06-01 19:55:58] [info]  [10748] Stopping service...
[2024-06-01 19:55:59] [info]  [10748] Service stop thread completed.
[2024-06-01 19:55:59] [info]  [26020] Run service finished.
[2024-06-01 19:55:59] [info]  [26020] Apache Commons Daemon procrun finished.
[2024-06-01 19:56:00] [info]  [15384] Apache Commons Daemon procrun (1.3.4.0 64-bit) started.
[2024-06-01 19:56:00] [info]  [15384] Running Service 'Tomcat5'...
[2024-06-01 19:56:00] [info]  [25716] Starting service...
[2024-06-01 19:56:01] [info]  [25716] Service started in 1210 milliseconds.
[2024-06-05 21:31:34] [info]  [15384] Service SERVICE_CONTROL_STOP signalled.
[2024-06-05 21:31:34] [info]  [15028] Stopping service...
[2024-06-05 21:31:36] [info]  [15028] Service stop thread completed.
[2024-06-05 21:31:36] [info]  [15384] Run service finished.
[2024-06-05 21:31:36] [info]  [15384] Apache Commons Daemon procrun finished.
