[2024-05-06 20:27:34] [info]  [25320] Apache Commons Daemon procrun (1.3.4.0 64-bit) started.
[2024-05-06 20:27:34] [info]  [25320] Running Service 'Tomcat5'...
[2024-05-06 20:27:34] [info]  [ 8528] Starting service...
[2024-05-06 20:27:36] [info]  [ 8528] Service started in 1936 milliseconds.
[2024-05-06 21:06:51] [info]  [25320] Service SERVICE_CONTROL_STOP signalled.
[2024-05-06 21:06:51] [info]  [13788] Stopping service...
[2024-05-06 21:06:52] [info]  [13788] Service stop thread completed.
[2024-05-06 21:06:52] [info]  [25320] Run service finished.
[2024-05-06 21:06:52] [info]  [25320] Apache Commons Daemon procrun finished.
[2024-05-06 21:06:52] [info]  [ 3184] Apache Commons Daemon procrun (1.3.4.0 64-bit) started.
[2024-05-06 21:06:52] [info]  [ 3184] Running Service 'Tomcat5'...
[2024-05-06 21:06:52] [info]  [26524] Starting service...
[2024-05-06 21:06:53] [info]  [26524] Service started in 1135 milliseconds.
[2024-05-06 21:10:20] [info]  [ 3184] Service SERVICE_CONTROL_STOP signalled.
[2024-05-06 21:10:20] [info]  [28060] Stopping service...
[2024-05-06 21:10:21] [info]  [28060] Service stop thread completed.
[2024-05-06 21:10:21] [info]  [ 3184] Run service finished.
[2024-05-06 21:10:21] [info]  [ 3184] Apache Commons Daemon procrun finished.
[2024-05-06 21:10:22] [info]  [11936] Apache Commons Daemon procrun (1.3.4.0 64-bit) started.
[2024-05-06 21:10:22] [info]  [11936] Running Service 'Tomcat5'...
[2024-05-06 21:10:22] [info]  [21804] Starting service...
[2024-05-06 21:10:23] [info]  [21804] Service started in 1155 milliseconds.
[2024-05-06 21:22:51] [info]  [11936] Service SERVICE_CONTROL_STOP signalled.
[2024-05-06 21:22:51] [info]  [24740] Stopping service...
[2024-05-06 21:22:52] [info]  [24740] Service stop thread completed.
[2024-05-06 21:22:52] [info]  [11936] Run service finished.
[2024-05-06 21:22:52] [info]  [11936] Apache Commons Daemon procrun finished.
[2024-05-06 21:22:54] [info]  [13820] Apache Commons Daemon procrun (1.3.4.0 64-bit) started.
[2024-05-06 21:22:54] [info]  [13820] Running Service 'Tomcat5'...
[2024-05-06 21:22:54] [info]  [26572] Starting service...
[2024-05-06 21:22:55] [info]  [26572] Service started in 1164 milliseconds.
[2024-05-06 21:32:50] [info]  [13820] Service SERVICE_CONTROL_STOP signalled.
[2024-05-06 21:32:50] [info]  [20032] Stopping service...
[2024-05-06 21:32:51] [info]  [20032] Service stop thread completed.
[2024-05-06 21:32:51] [info]  [13820] Run service finished.
[2024-05-06 21:32:51] [info]  [13820] Apache Commons Daemon procrun finished.
[2024-05-06 21:32:51] [info]  [18904] Apache Commons Daemon procrun (1.3.4.0 64-bit) started.
[2024-05-06 21:32:51] [info]  [18904] Running Service 'Tomcat5'...
[2024-05-06 21:32:51] [info]  [12292] Starting service...
[2024-05-06 21:32:53] [info]  [12292] Service started in 1160 milliseconds.
[2024-05-06 21:38:38] [info]  [18904] Service SERVICE_CONTROL_STOP signalled.
[2024-05-06 21:38:38] [info]  [10060] Stopping service...
[2024-05-06 21:38:39] [info]  [10060] Service stop thread completed.
[2024-05-06 21:38:39] [info]  [18904] Run service finished.
[2024-05-06 21:38:39] [info]  [18904] Apache Commons Daemon procrun finished.
[2024-05-06 21:38:40] [info]  [20176] Apache Commons Daemon procrun (1.3.4.0 64-bit) started.
[2024-05-06 21:38:40] [info]  [20176] Running Service 'Tomcat5'...
[2024-05-06 21:38:40] [info]  [ 3956] Starting service...
[2024-05-06 21:38:41] [info]  [ 3956] Service started in 1130 milliseconds.
[2024-05-06 21:39:00] [info]  [20176] Service SERVICE_CONTROL_STOP signalled.
[2024-05-06 21:39:00] [info]  [17116] Stopping service...
[2024-05-06 21:39:01] [info]  [17116] Service stop thread completed.
[2024-05-06 21:39:01] [info]  [20176] Run service finished.
[2024-05-06 21:39:01] [info]  [20176] Apache Commons Daemon procrun finished.
[2024-05-06 21:39:02] [info]  [17336] Apache Commons Daemon procrun (1.3.4.0 64-bit) started.
[2024-05-06 21:39:02] [info]  [17336] Running Service 'Tomcat5'...
[2024-05-06 21:39:02] [info]  [27032] Starting service...
[2024-05-06 21:39:03] [info]  [27032] Service started in 1128 milliseconds.
[2024-05-06 21:42:49] [info]  [17336] Service SERVICE_CONTROL_STOP signalled.
[2024-05-06 21:42:49] [info]  [11408] Stopping service...
[2024-05-06 21:42:50] [info]  [11408] Service stop thread completed.
[2024-05-06 21:42:50] [info]  [17336] Run service finished.
[2024-05-06 21:42:50] [info]  [17336] Apache Commons Daemon procrun finished.
[2024-05-06 21:42:50] [info]  [27256] Apache Commons Daemon procrun (1.3.4.0 64-bit) started.
[2024-05-06 21:42:51] [info]  [27256] Running Service 'Tomcat5'...
[2024-05-06 21:42:51] [info]  [ 4396] Starting service...
[2024-05-06 21:42:52] [info]  [ 4396] Service started in 1158 milliseconds.
[2024-05-06 21:45:25] [info]  [27256] Service SERVICE_CONTROL_STOP signalled.
[2024-05-06 21:45:25] [info]  [24836] Stopping service...
[2024-05-06 21:45:26] [info]  [24836] Service stop thread completed.
[2024-05-06 21:45:27] [info]  [27256] Run service finished.
[2024-05-06 21:45:27] [info]  [27256] Apache Commons Daemon procrun finished.
[2024-05-06 21:45:27] [info]  [23616] Apache Commons Daemon procrun (1.3.4.0 64-bit) started.
[2024-05-06 21:45:27] [info]  [23616] Running Service 'Tomcat5'...
[2024-05-06 21:45:27] [info]  [ 3688] Starting service...
[2024-05-06 21:45:28] [info]  [ 3688] Service started in 1133 milliseconds.
[2024-05-06 21:51:05] [info]  [23616] Service SERVICE_CONTROL_STOP signalled.
[2024-05-06 21:51:05] [info]  [21764] Stopping service...
[2024-05-06 21:51:06] [info]  [21764] Service stop thread completed.
[2024-05-06 21:51:07] [info]  [23616] Run service finished.
[2024-05-06 21:51:07] [info]  [23616] Apache Commons Daemon procrun finished.
[2024-05-06 21:51:07] [info]  [ 1360] Apache Commons Daemon procrun (1.3.4.0 64-bit) started.
[2024-05-06 21:51:07] [info]  [ 1360] Running Service 'Tomcat5'...
[2024-05-06 21:51:07] [info]  [11164] Starting service...
[2024-05-06 21:51:08] [info]  [11164] Service started in 1134 milliseconds.
[2024-05-06 21:52:49] [info]  [ 1360] Service SERVICE_CONTROL_STOP signalled.
[2024-05-06 21:52:49] [info]  [18736] Stopping service...
[2024-05-06 21:52:50] [info]  [18736] Service stop thread completed.
[2024-05-06 21:52:50] [info]  [ 1360] Run service finished.
[2024-05-06 21:52:50] [info]  [ 1360] Apache Commons Daemon procrun finished.
[2024-05-06 21:52:50] [info]  [ 6180] Apache Commons Daemon procrun (1.3.4.0 64-bit) started.
[2024-05-06 21:52:50] [info]  [ 6180] Running Service 'Tomcat5'...
[2024-05-06 21:52:50] [info]  [ 4052] Starting service...
[2024-05-06 21:52:52] [info]  [ 4052] Service started in 1136 milliseconds.
[2024-05-06 21:58:42] [info]  [ 6180] Service SERVICE_CONTROL_STOP signalled.
[2024-05-06 21:58:42] [info]  [ 5284] Stopping service...
[2024-05-06 21:58:43] [info]  [ 5284] Service stop thread completed.
[2024-05-06 21:58:44] [info]  [ 6180] Run service finished.
[2024-05-06 21:58:44] [info]  [ 6180] Apache Commons Daemon procrun finished.
[2024-05-06 21:58:44] [info]  [27976] Apache Commons Daemon procrun (1.3.4.0 64-bit) started.
[2024-05-06 21:58:44] [info]  [27976] Running Service 'Tomcat5'...
[2024-05-06 21:58:44] [info]  [21216] Starting service...
[2024-05-06 21:58:45] [info]  [21216] Service started in 1170 milliseconds.
[2024-05-06 22:02:42] [info]  [27976] Service SERVICE_CONTROL_STOP signalled.
[2024-05-06 22:02:42] [info]  [24288] Stopping service...
[2024-05-06 22:02:43] [info]  [24288] Service stop thread completed.
[2024-05-06 22:02:44] [info]  [27976] Run service finished.
[2024-05-06 22:02:44] [info]  [27976] Apache Commons Daemon procrun finished.
[2024-05-06 22:02:44] [info]  [22092] Apache Commons Daemon procrun (1.3.4.0 64-bit) started.
[2024-05-06 22:02:44] [info]  [22092] Running Service 'Tomcat5'...
[2024-05-06 22:02:44] [info]  [26580] Starting service...
[2024-05-06 22:02:45] [info]  [26580] Service started in 1143 milliseconds.
[2024-05-07 17:46:29] [info]  [22092] Service SERVICE_CONTROL_STOP signalled.
[2024-05-07 17:46:29] [info]  [27600] Stopping service...
[2024-05-07 17:46:30] [info]  [27600] Service stop thread completed.
[2024-05-07 17:46:31] [info]  [22092] Run service finished.
[2024-05-07 17:46:31] [info]  [22092] Apache Commons Daemon procrun finished.
