[2024-04-11 19:23:16] [info]  [16436] Apache Commons Daemon procrun (1.3.4.0 64-bit) started.
[2024-04-11 19:23:16] [info]  [16436] Running Service 'Tomcat5'...
[2024-04-11 19:23:16] [info]  [ 2352] Starting service...
[2024-04-11 19:23:18] [info]  [ 2352] Service started in 1687 milliseconds.
[2024-04-11 19:45:10] [info]  [16436] Service SERVICE_CONTROL_STOP signalled.
[2024-04-11 19:45:10] [info]  [ 8864] Stopping service...
[2024-04-11 19:45:11] [info]  [ 8864] Service stop thread completed.
[2024-04-11 19:45:11] [info]  [16436] Run service finished.
[2024-04-11 19:45:11] [info]  [16436] Apache Commons Daemon procrun finished.
[2024-04-11 19:45:11] [info]  [ 5828] Apache Commons Daemon procrun (1.3.4.0 64-bit) started.
[2024-04-11 19:45:11] [info]  [ 5828] Running Service 'Tomcat5'...
[2024-04-11 19:45:11] [info]  [16784] Starting service...
[2024-04-11 19:45:13] [info]  [16784] Service started in 1250 milliseconds.
[2024-04-11 20:27:47] [info]  [ 5828] Service SERVICE_CONTROL_STOP signalled.
[2024-04-11 20:27:47] [info]  [ 4728] Stopping service...
[2024-04-11 20:27:48] [info]  [ 4728] Service stop thread completed.
[2024-04-11 20:27:48] [info]  [ 5828] Run service finished.
[2024-04-11 20:27:48] [info]  [ 5828] Apache Commons Daemon procrun finished.
[2024-04-11 20:27:48] [info]  [12064] Apache Commons Daemon procrun (1.3.4.0 64-bit) started.
[2024-04-11 20:27:48] [info]  [12064] Running Service 'Tomcat5'...
[2024-04-11 20:27:48] [info]  [ 6148] Starting service...
[2024-04-11 20:27:50] [info]  [ 6148] Service started in 1674 milliseconds.
[2024-04-11 20:31:13] [info]  [12064] Service SERVICE_CONTROL_STOP signalled.
[2024-04-11 20:31:13] [info]  [ 3744] Stopping service...
[2024-04-11 20:31:14] [info]  [ 3744] Service stop thread completed.
[2024-04-11 20:31:14] [info]  [12064] Run service finished.
[2024-04-11 20:31:14] [info]  [12064] Apache Commons Daemon procrun finished.
[2024-04-11 20:31:15] [info]  [14828] Apache Commons Daemon procrun (1.3.4.0 64-bit) started.
[2024-04-11 20:31:15] [info]  [14828] Running Service 'Tomcat5'...
[2024-04-11 20:31:15] [info]  [ 3192] Starting service...
[2024-04-11 20:31:16] [info]  [ 3192] Service started in 1228 milliseconds.
[2024-04-12 20:05:42] [info]  [14828] Service SERVICE_CONTROL_STOP signalled.
[2024-04-12 20:05:42] [info]  [23664] Stopping service...
[2024-04-12 20:05:43] [info]  [23664] Service stop thread completed.
[2024-04-12 20:05:43] [info]  [14828] Run service finished.
[2024-04-12 20:05:43] [info]  [14828] Apache Commons Daemon procrun finished.
