[2024-05-29 17:27:21] [info]  [21908] Apache Commons Daemon procrun (1.3.4.0 64-bit) started.
[2024-05-29 17:27:21] [info]  [21908] Running Service 'Tomcat5'...
[2024-05-29 17:27:21] [info]  [26372] Starting service...
[2024-05-29 17:27:22] [info]  [26372] Service started in 1649 milliseconds.
[2024-05-29 17:50:19] [info]  [21908] Service SERVICE_CONTROL_STOP signalled.
[2024-05-29 17:50:19] [info]  [24184] Stopping service...
[2024-05-29 17:50:20] [info]  [24184] Service stop thread completed.
[2024-05-29 17:50:21] [info]  [21908] Run service finished.
[2024-05-29 17:50:21] [info]  [21908] Apache Commons Daemon procrun finished.
[2024-05-29 17:50:21] [info]  [22128] Apache Commons Daemon procrun (1.3.4.0 64-bit) started.
[2024-05-29 17:50:21] [info]  [22128] Running Service 'Tomcat5'...
[2024-05-29 17:50:21] [info]  [12280] Starting service...
[2024-05-29 17:50:22] [info]  [12280] Service started in 1616 milliseconds.
[2024-05-29 18:07:46] [info]  [22128] Service SERVICE_CONTROL_STOP signalled.
[2024-05-29 18:07:46] [info]  [19996] Stopping service...
[2024-05-29 18:07:47] [info]  [19996] Service stop thread completed.
[2024-05-29 18:07:47] [info]  [22128] Run service finished.
[2024-05-29 18:07:47] [info]  [22128] Apache Commons Daemon procrun finished.
[2024-05-29 18:07:48] [info]  [20180] Apache Commons Daemon procrun (1.3.4.0 64-bit) started.
[2024-05-29 18:07:48] [info]  [20180] Running Service 'Tomcat5'...
[2024-05-29 18:07:48] [info]  [20640] Starting service...
[2024-05-29 18:07:49] [info]  [20640] Service started in 1223 milliseconds.
[2024-05-29 18:40:38] [info]  [20180] Service SERVICE_CONTROL_STOP signalled.
[2024-05-29 18:40:38] [info]  [18304] Stopping service...
[2024-05-29 18:40:40] [info]  [18304] Service stop thread completed.
[2024-05-29 18:40:40] [info]  [20180] Run service finished.
[2024-05-29 18:40:40] [info]  [20180] Apache Commons Daemon procrun finished.
[2024-05-29 18:40:40] [info]  [26060] Apache Commons Daemon procrun (1.3.4.0 64-bit) started.
[2024-05-29 18:40:40] [info]  [26060] Running Service 'Tomcat5'...
[2024-05-29 18:40:40] [info]  [17624] Starting service...
[2024-05-29 18:40:42] [info]  [17624] Service started in 1359 milliseconds.
[2024-05-29 18:57:33] [info]  [26060] Service SERVICE_CONTROL_STOP signalled.
[2024-05-29 18:57:33] [info]  [12148] Stopping service...
[2024-05-29 18:57:34] [info]  [12148] Service stop thread completed.
[2024-05-29 18:57:34] [info]  [26060] Run service finished.
[2024-05-29 18:57:34] [info]  [26060] Apache Commons Daemon procrun finished.
[2024-05-29 18:57:34] [info]  [24896] Apache Commons Daemon procrun (1.3.4.0 64-bit) started.
[2024-05-29 18:57:34] [info]  [24896] Running Service 'Tomcat5'...
[2024-05-29 18:57:34] [info]  [26064] Starting service...
[2024-05-29 18:57:36] [info]  [26064] Service started in 1149 milliseconds.
[2024-05-29 19:01:08] [info]  [24896] Service SERVICE_CONTROL_STOP signalled.
[2024-05-29 19:01:08] [info]  [19716] Stopping service...
[2024-05-29 19:01:09] [info]  [19716] Service stop thread completed.
[2024-05-29 19:01:09] [info]  [24896] Run service finished.
[2024-05-29 19:01:09] [info]  [24896] Apache Commons Daemon procrun finished.
[2024-05-29 19:01:09] [info]  [19052] Apache Commons Daemon procrun (1.3.4.0 64-bit) started.
[2024-05-29 19:01:09] [info]  [19052] Running Service 'Tomcat5'...
[2024-05-29 19:01:09] [info]  [12212] Starting service...
[2024-05-29 19:01:11] [info]  [12212] Service started in 1155 milliseconds.
[2024-05-29 19:14:15] [info]  [19052] Service SERVICE_CONTROL_STOP signalled.
[2024-05-29 19:14:15] [info]  [10128] Stopping service...
[2024-05-29 19:14:16] [info]  [10128] Service stop thread completed.
[2024-05-29 19:14:16] [info]  [19052] Run service finished.
[2024-05-29 19:14:16] [info]  [19052] Apache Commons Daemon procrun finished.
[2024-05-29 19:14:16] [info]  [14404] Apache Commons Daemon procrun (1.3.4.0 64-bit) started.
[2024-05-29 19:14:16] [info]  [14404] Running Service 'Tomcat5'...
[2024-05-29 19:14:16] [info]  [21852] Starting service...
[2024-05-29 19:14:18] [info]  [21852] Service started in 1137 milliseconds.
[2024-05-29 21:29:48] [info]  [14404] Service SERVICE_CONTROL_STOP signalled.
[2024-05-29 21:29:48] [info]  [12628] Stopping service...
[2024-05-29 21:29:49] [info]  [12628] Service stop thread completed.
[2024-05-29 21:29:49] [info]  [14404] Run service finished.
[2024-05-29 21:29:49] [info]  [14404] Apache Commons Daemon procrun finished.
[2024-05-29 21:29:49] [info]  [23244] Apache Commons Daemon procrun (1.3.4.0 64-bit) started.
[2024-05-29 21:29:49] [info]  [23244] Running Service 'Tomcat5'...
[2024-05-29 21:29:49] [info]  [18532] Starting service...
[2024-05-29 21:29:51] [info]  [18532] Service started in 1140 milliseconds.
[2024-05-30 18:25:37] [info]  [23244] Service SERVICE_CONTROL_STOP signalled.
[2024-05-30 18:25:37] [info]  [14320] Stopping service...
[2024-05-30 18:25:39] [info]  [14320] Service stop thread completed.
[2024-05-30 18:25:39] [info]  [23244] Run service finished.
[2024-05-30 18:25:39] [info]  [23244] Apache Commons Daemon procrun finished.
