[2024-06-05 21:31:37] [info]  [ 8028] Apache Commons Daemon procrun (1.3.4.0 64-bit) started.
[2024-06-05 21:31:37] [info]  [ 8028] Running Service 'Tomcat5'...
[2024-06-05 21:31:37] [info]  [12680] Starting service...
[2024-06-05 21:31:38] [info]  [12680] Service started in 1597 milliseconds.
[2024-06-05 21:35:22] [info]  [ 8028] Service SERVICE_CONTROL_STOP signalled.
[2024-06-05 21:35:22] [info]  [29044] Stopping service...
[2024-06-05 21:35:23] [info]  [29044] Service stop thread completed.
[2024-06-05 21:35:23] [info]  [ 8028] Run service finished.
[2024-06-05 21:35:23] [info]  [ 8028] Apache Commons Daemon procrun finished.
[2024-06-05 21:35:23] [info]  [30624] Apache Commons Daemon procrun (1.3.4.0 64-bit) started.
[2024-06-05 21:35:23] [info]  [30624] Running Service 'Tomcat5'...
[2024-06-05 21:35:23] [info]  [24324] Starting service...
[2024-06-05 21:35:25] [info]  [24324] Service started in 1189 milliseconds.
[2024-06-05 21:36:05] [info]  [30624] Service SERVICE_CONTROL_STOP signalled.
[2024-06-05 21:36:05] [info]  [20008] Stopping service...
[2024-06-05 21:36:06] [info]  [20008] Service stop thread completed.
[2024-06-05 21:36:06] [info]  [30624] Run service finished.
[2024-06-05 21:36:06] [info]  [30624] Apache Commons Daemon procrun finished.
[2024-06-05 21:36:06] [info]  [15696] Apache Commons Daemon procrun (1.3.4.0 64-bit) started.
[2024-06-05 21:36:06] [info]  [15696] Running Service 'Tomcat5'...
[2024-06-05 21:36:06] [info]  [ 6612] Starting service...
[2024-06-05 21:36:07] [info]  [ 6612] Service started in 1172 milliseconds.
[2024-06-13 18:59:30] [info]  [32724] Console SHUTDOWN event signaled.
[2024-06-13 18:59:30] [info]  [32724] Stopping service...
[2024-06-13 18:59:33] [info]  [32724] Service stop thread completed.
[2024-06-13 18:59:34] [info]  [15696] Run service finished.
[2024-06-13 18:59:34] [info]  [15696] Apache Commons Daemon procrun finished.
