[2024-04-12 20:05:43] [info]  [23636] Apache Commons Daemon procrun (1.3.4.0 64-bit) started.
[2024-04-12 20:05:43] [info]  [23636] Running Service 'Tomcat5'...
[2024-04-12 20:05:43] [info]  [ 9020] Starting service...
[2024-04-12 20:05:45] [info]  [ 9020] Service started in 1431 milliseconds.
[2024-04-12 20:29:02] [info]  [23636] Service SERVICE_CONTROL_STOP signalled.
[2024-04-12 20:29:02] [info]  [ 2684] Stopping service...
[2024-04-12 20:29:03] [info]  [ 2684] Service stop thread completed.
[2024-04-12 20:29:03] [info]  [23636] Run service finished.
[2024-04-12 20:29:03] [info]  [23636] Apache Commons Daemon procrun finished.
[2024-04-12 20:29:03] [info]  [22108] Apache Commons Daemon procrun (1.3.4.0 64-bit) started.
[2024-04-12 20:29:03] [info]  [22108] Running Service 'Tomcat5'...
[2024-04-12 20:29:03] [info]  [ 9592] Starting service...
[2024-04-12 20:29:04] [info]  [ 9592] Service started in 1174 milliseconds.
[2024-04-12 21:25:38] [info]  [22108] Service SERVICE_CONTROL_STOP signalled.
[2024-04-12 21:25:38] [info]  [17972] Stopping service...
[2024-04-12 21:25:39] [info]  [17972] Service stop thread completed.
[2024-04-12 21:25:39] [info]  [22108] Run service finished.
[2024-04-12 21:25:39] [info]  [22108] Apache Commons Daemon procrun finished.
[2024-04-12 21:25:40] [info]  [ 9416] Apache Commons Daemon procrun (1.3.4.0 64-bit) started.
[2024-04-12 21:25:40] [info]  [ 9416] Running Service 'Tomcat5'...
[2024-04-12 21:25:40] [info]  [24404] Starting service...
[2024-04-12 21:25:41] [info]  [24404] Service started in 1142 milliseconds.
[2024-04-12 22:03:35] [info]  [ 9416] Service SERVICE_CONTROL_STOP signalled.
[2024-04-12 22:03:35] [info]  [ 2628] Stopping service...
[2024-04-12 22:03:36] [info]  [ 2628] Service stop thread completed.
[2024-04-12 22:03:36] [info]  [ 9416] Run service finished.
[2024-04-12 22:03:36] [info]  [ 9416] Apache Commons Daemon procrun finished.
[2024-04-12 22:03:37] [info]  [24768] Apache Commons Daemon procrun (1.3.4.0 64-bit) started.
[2024-04-12 22:03:37] [info]  [24768] Running Service 'Tomcat5'...
[2024-04-12 22:03:37] [info]  [17132] Starting service...
[2024-04-12 22:03:38] [info]  [17132] Service started in 1169 milliseconds.
[2024-04-16 20:24:02] [info]  [24768] Service SERVICE_CONTROL_STOP signalled.
[2024-04-16 20:24:02] [info]  [23356] Stopping service...
[2024-04-16 20:24:03] [info]  [23356] Service stop thread completed.
[2024-04-16 20:24:03] [info]  [24768] Run service finished.
[2024-04-16 20:24:03] [info]  [24768] Apache Commons Daemon procrun finished.
