[2024-05-11 19:14:14] [info]  [10900] Apache Commons Daemon procrun (1.3.4.0 64-bit) started.
[2024-05-11 19:14:14] [info]  [10900] Running Service 'Tomcat5'...
[2024-05-11 19:14:14] [info]  [32672] Starting service...
[2024-05-11 19:14:15] [info]  [32672] Service started in 1511 milliseconds.
[2024-05-11 19:24:20] [info]  [10900] Service SERVICE_CONTROL_STOP signalled.
[2024-05-11 19:24:20] [info]  [18232] Stopping service...
[2024-05-11 19:24:21] [info]  [18232] Service stop thread completed.
[2024-05-11 19:24:21] [info]  [10900] Run service finished.
[2024-05-11 19:24:21] [info]  [10900] Apache Commons Daemon procrun finished.
[2024-05-11 19:24:22] [info]  [25536] Apache Commons Daemon procrun (1.3.4.0 64-bit) started.
[2024-05-11 19:24:22] [info]  [25536] Running Service 'Tomcat5'...
[2024-05-11 19:24:22] [info]  [16860] Starting service...
[2024-05-11 19:24:23] [info]  [16860] Service started in 1154 milliseconds.
[2024-05-11 19:26:26] [info]  [25536] Service SERVICE_CONTROL_STOP signalled.
[2024-05-11 19:26:26] [info]  [22504] Stopping service...
[2024-05-11 19:26:27] [info]  [22504] Service stop thread completed.
[2024-05-11 19:26:27] [info]  [25536] Run service finished.
[2024-05-11 19:26:27] [info]  [25536] Apache Commons Daemon procrun finished.
[2024-05-11 19:26:40] [info]  [32504] Apache Commons Daemon procrun (1.3.4.0 64-bit) started.
[2024-05-11 19:26:40] [info]  [32504] Running Service 'Tomcat5'...
[2024-05-11 19:26:40] [info]  [ 3688] Starting service...
[2024-05-11 19:26:41] [info]  [ 3688] Service started in 1148 milliseconds.
[2024-05-12 16:31:11] [info]  [32504] Service SERVICE_CONTROL_STOP signalled.
[2024-05-12 16:31:11] [info]  [28792] Stopping service...
[2024-05-12 16:31:13] [info]  [28792] Service stop thread completed.
[2024-05-12 16:31:13] [info]  [32504] Run service finished.
[2024-05-12 16:31:13] [info]  [32504] Apache Commons Daemon procrun finished.
