[2024-04-26 21:59:37] [info]  [22668] Apache Commons Daemon procrun (1.3.4.0 64-bit) started.
[2024-04-26 21:59:37] [info]  [22668] Running Service 'Tomcat5'...
[2024-04-26 21:59:37] [info]  [23900] Starting service...
[2024-04-26 21:59:38] [info]  [23900] Service started in 1536 milliseconds.
[2024-04-26 22:11:45] [info]  [22668] Service SERVICE_CONTROL_STOP signalled.
[2024-04-26 22:11:45] [info]  [23896] Stopping service...
[2024-04-26 22:11:46] [info]  [23896] Service stop thread completed.
[2024-04-26 22:11:46] [info]  [22668] Run service finished.
[2024-04-26 22:11:46] [info]  [22668] Apache Commons Daemon procrun finished.
[2024-04-26 22:12:15] [info]  [18268] Apache Commons Daemon procrun (1.3.4.0 64-bit) started.
[2024-04-26 22:12:15] [info]  [18268] Running Service 'Tomcat5'...
[2024-04-26 22:12:15] [info]  [ 3776] Starting service...
[2024-04-26 22:12:16] [info]  [ 3776] Service started in 1250 milliseconds.
[2024-04-26 22:36:15] [info]  [18268] Service SERVICE_CONTROL_STOP signalled.
[2024-04-26 22:36:15] [info]  [11956] Stopping service...
[2024-04-26 22:36:16] [info]  [11956] Service stop thread completed.
[2024-04-26 22:36:16] [info]  [18268] Run service finished.
[2024-04-26 22:36:16] [info]  [18268] Apache Commons Daemon procrun finished.
[2024-04-26 22:36:16] [info]  [12424] Apache Commons Daemon procrun (1.3.4.0 64-bit) started.
[2024-04-26 22:36:16] [info]  [12424] Running Service 'Tomcat5'...
[2024-04-26 22:36:17] [info]  [21516] Starting service...
[2024-04-26 22:36:18] [info]  [21516] Service started in 1233 milliseconds.
