[2024-05-28 17:16:43] [info]  [23316] Apache Commons Daemon procrun (1.3.4.0 64-bit) started.
[2024-05-28 17:16:43] [info]  [23316] Running Service 'Tomcat5'...
[2024-05-28 17:16:43] [info]  [11504] Starting service...
[2024-05-28 17:16:44] [info]  [11504] Service started in 1672 milliseconds.
[2024-05-28 17:43:11] [info]  [23316] Service SERVICE_CONTROL_STOP signalled.
[2024-05-28 17:43:11] [info]  [15156] Stopping service...
[2024-05-28 17:43:12] [info]  [15156] Service stop thread completed.
[2024-05-28 17:43:13] [info]  [23316] Run service finished.
[2024-05-28 17:43:13] [info]  [23316] Apache Commons Daemon procrun finished.
[2024-05-28 17:43:13] [info]  [11332] Apache Commons Daemon procrun (1.3.4.0 64-bit) started.
[2024-05-28 17:43:13] [info]  [11332] Running Service 'Tomcat5'...
[2024-05-28 17:43:13] [info]  [16556] Starting service...
[2024-05-28 17:43:14] [info]  [16556] Service started in 1223 milliseconds.
[2024-05-28 18:02:42] [info]  [11332] Service SERVICE_CONTROL_STOP signalled.
[2024-05-28 18:02:42] [info]  [12972] Stopping service...
[2024-05-28 18:02:43] [info]  [12972] Service stop thread completed.
[2024-05-28 18:02:43] [info]  [11332] Run service finished.
[2024-05-28 18:02:43] [info]  [11332] Apache Commons Daemon procrun finished.
[2024-05-28 18:03:26] [info]  [17976] Apache Commons Daemon procrun (1.3.4.0 64-bit) started.
[2024-05-28 18:03:26] [info]  [17976] Running Service 'Tomcat5'...
[2024-05-28 18:03:26] [info]  [13796] Starting service...
[2024-05-28 18:03:27] [info]  [13796] Service started in 1227 milliseconds.
[2024-05-28 18:14:06] [info]  [17976] Service SERVICE_CONTROL_STOP signalled.
[2024-05-28 18:14:06] [info]  [17968] Stopping service...
[2024-05-28 18:14:07] [info]  [17968] Service stop thread completed.
[2024-05-28 18:14:07] [info]  [17976] Run service finished.
[2024-05-28 18:14:07] [info]  [17976] Apache Commons Daemon procrun finished.
[2024-05-28 18:14:07] [info]  [ 8060] Apache Commons Daemon procrun (1.3.4.0 64-bit) started.
[2024-05-28 18:14:07] [info]  [ 8060] Running Service 'Tomcat5'...
[2024-05-28 18:14:07] [info]  [10588] Starting service...
[2024-05-28 18:14:09] [info]  [10588] Service started in 1227 milliseconds.
[2024-05-28 19:33:07] [info]  [ 8060] Service SERVICE_CONTROL_STOP signalled.
[2024-05-28 19:33:07] [info]  [22180] Stopping service...
[2024-05-28 19:33:08] [info]  [22180] Service stop thread completed.
[2024-05-28 19:33:08] [info]  [ 8060] Run service finished.
[2024-05-28 19:33:08] [info]  [ 8060] Apache Commons Daemon procrun finished.
[2024-05-28 19:33:09] [info]  [13080] Apache Commons Daemon procrun (1.3.4.0 64-bit) started.
[2024-05-28 19:33:09] [info]  [13080] Running Service 'Tomcat5'...
[2024-05-28 19:33:09] [info]  [14428] Starting service...
[2024-05-28 19:33:10] [info]  [14428] Service started in 1156 milliseconds.
[2024-05-28 21:09:53] [info]  [13080] Service SERVICE_CONTROL_STOP signalled.
[2024-05-28 21:09:53] [info]  [24672] Stopping service...
[2024-05-28 21:09:54] [info]  [24672] Service stop thread completed.
[2024-05-28 21:09:55] [info]  [13080] Run service finished.
[2024-05-28 21:09:55] [info]  [13080] Apache Commons Daemon procrun finished.
[2024-05-28 21:09:55] [info]  [25000] Apache Commons Daemon procrun (1.3.4.0 64-bit) started.
[2024-05-28 21:09:55] [info]  [25000] Running Service 'Tomcat5'...
[2024-05-28 21:09:55] [info]  [25020] Starting service...
[2024-05-28 21:09:56] [info]  [25020] Service started in 1374 milliseconds.
[2024-05-29 17:27:19] [info]  [25000] Service SERVICE_CONTROL_STOP signalled.
[2024-05-29 17:27:19] [info]  [ 8424] Stopping service...
[2024-05-29 17:27:20] [info]  [ 8424] Service stop thread completed.
[2024-05-29 17:27:21] [info]  [25000] Run service finished.
[2024-05-29 17:27:21] [info]  [25000] Apache Commons Daemon procrun finished.
