[2024-05-07 17:46:31] [info]  [19052] Apache Commons Daemon procrun (1.3.4.0 64-bit) started.
[2024-05-07 17:46:31] [info]  [19052] Running Service 'Tomcat5'...
[2024-05-07 17:46:31] [info]  [20228] Starting service...
[2024-05-07 17:46:33] [info]  [20228] Service started in 1696 milliseconds.
[2024-05-07 17:51:02] [info]  [19052] Service SERVICE_CONTROL_STOP signalled.
[2024-05-07 17:51:02] [info]  [23616] Stopping service...
[2024-05-07 17:51:03] [info]  [23616] Service stop thread completed.
[2024-05-07 17:51:04] [info]  [19052] Run service finished.
[2024-05-07 17:51:04] [info]  [19052] Apache Commons Daemon procrun finished.
[2024-05-07 17:51:04] [info]  [ 2956] Apache Commons Daemon procrun (1.3.4.0 64-bit) started.
[2024-05-07 17:51:04] [info]  [ 2956] Running Service 'Tomcat5'...
[2024-05-07 17:51:04] [info]  [ 7944] Starting service...
[2024-05-07 17:51:05] [info]  [ 7944] Service started in 1224 milliseconds.
[2024-05-07 17:58:37] [info]  [ 2956] Service SERVICE_CONTROL_STOP signalled.
[2024-05-07 17:58:37] [info]  [ 4596] Stopping service...
[2024-05-07 17:58:38] [info]  [ 4596] Service stop thread completed.
[2024-05-07 17:58:38] [info]  [ 2956] Run service finished.
[2024-05-07 17:58:38] [info]  [ 2956] Apache Commons Daemon procrun finished.
[2024-05-07 17:58:38] [info]  [26668] Apache Commons Daemon procrun (1.3.4.0 64-bit) started.
[2024-05-07 17:58:39] [info]  [26668] Running Service 'Tomcat5'...
[2024-05-07 17:58:39] [info]  [22672] Starting service...
[2024-05-07 17:58:40] [info]  [22672] Service started in 1230 milliseconds.
[2024-05-07 18:17:06] [info]  [26668] Service SERVICE_CONTROL_STOP signalled.
[2024-05-07 18:17:06] [info]  [ 5012] Stopping service...
[2024-05-07 18:17:07] [info]  [ 5012] Service stop thread completed.
[2024-05-07 18:17:07] [info]  [26668] Run service finished.
[2024-05-07 18:17:07] [info]  [26668] Apache Commons Daemon procrun finished.
[2024-05-07 18:17:07] [info]  [13888] Apache Commons Daemon procrun (1.3.4.0 64-bit) started.
[2024-05-07 18:17:07] [info]  [13888] Running Service 'Tomcat5'...
[2024-05-07 18:17:07] [info]  [ 6324] Starting service...
[2024-05-07 18:17:09] [info]  [ 6324] Service started in 1237 milliseconds.
[2024-05-07 18:36:41] [info]  [13888] Service SERVICE_CONTROL_STOP signalled.
[2024-05-07 18:36:41] [info]  [24372] Stopping service...
[2024-05-07 18:36:42] [info]  [24372] Service stop thread completed.
[2024-05-07 18:36:43] [info]  [13888] Run service finished.
[2024-05-07 18:36:43] [info]  [13888] Apache Commons Daemon procrun finished.
[2024-05-07 18:36:43] [info]  [25744] Apache Commons Daemon procrun (1.3.4.0 64-bit) started.
[2024-05-07 18:36:43] [info]  [25744] Running Service 'Tomcat5'...
[2024-05-07 18:36:43] [info]  [12732] Starting service...
[2024-05-07 18:36:44] [info]  [12732] Service started in 1244 milliseconds.
[2024-05-07 19:06:28] [info]  [25744] Service SERVICE_CONTROL_STOP signalled.
[2024-05-07 19:06:28] [info]  [ 9712] Stopping service...
[2024-05-07 19:06:30] [info]  [ 9712] Service stop thread completed.
[2024-05-07 19:06:31] [info]  [25744] Run service finished.
[2024-05-07 19:06:31] [info]  [25744] Apache Commons Daemon procrun finished.
[2024-05-07 19:06:31] [info]  [19204] Apache Commons Daemon procrun (1.3.4.0 64-bit) started.
[2024-05-07 19:06:31] [info]  [19204] Running Service 'Tomcat5'...
[2024-05-07 19:06:31] [info]  [ 3752] Starting service...
[2024-05-07 19:06:33] [info]  [ 3752] Service started in 1600 milliseconds.
[2024-05-07 19:12:53] [info]  [19204] Service SERVICE_CONTROL_STOP signalled.
[2024-05-07 19:12:53] [info]  [24772] Stopping service...
[2024-05-07 19:12:54] [info]  [24772] Service stop thread completed.
[2024-05-07 19:12:55] [info]  [19204] Run service finished.
[2024-05-07 19:12:55] [info]  [19204] Apache Commons Daemon procrun finished.
[2024-05-07 19:12:55] [info]  [14000] Apache Commons Daemon procrun (1.3.4.0 64-bit) started.
[2024-05-07 19:12:55] [info]  [14000] Running Service 'Tomcat5'...
[2024-05-07 19:12:55] [info]  [  796] Starting service...
[2024-05-07 19:12:56] [info]  [  796] Service started in 1233 milliseconds.
[2024-05-07 19:14:51] [info]  [14000] Service SERVICE_CONTROL_STOP signalled.
[2024-05-07 19:14:51] [info]  [28384] Stopping service...
[2024-05-07 19:14:52] [info]  [28384] Service stop thread completed.
[2024-05-07 19:14:53] [info]  [14000] Run service finished.
[2024-05-07 19:14:53] [info]  [14000] Apache Commons Daemon procrun finished.
[2024-05-07 19:14:53] [info]  [14436] Apache Commons Daemon procrun (1.3.4.0 64-bit) started.
[2024-05-07 19:14:53] [info]  [14436] Running Service 'Tomcat5'...
[2024-05-07 19:14:53] [info]  [27052] Starting service...
[2024-05-07 19:14:54] [info]  [27052] Service started in 1251 milliseconds.
[2024-05-08 19:19:35] [info]  [14436] Service SERVICE_CONTROL_STOP signalled.
[2024-05-08 19:19:35] [info]  [27612] Stopping service...
[2024-05-08 19:19:37] [info]  [27612] Service stop thread completed.
[2024-05-08 19:19:37] [info]  [14436] Run service finished.
[2024-05-08 19:19:37] [info]  [14436] Apache Commons Daemon procrun finished.
