
2024-05-06 20:27:34 Apache Commons Daemon procrun stdout initialized.

2024-05-06 21:06:52 Apache Commons Daemon procrun stdout initialized.

2024-05-06 21:10:22 Apache Commons Daemon procrun stdout initialized.
Client name : OIDC Client
Client id : kCvD_B6pJNfM0grVaSz3GihRNDaqSPmcCsUAh4R8Qv8
Client id issued at : Mon May 06 21:10:35 IST 2024
Client secret : fea2febd80a75cc783e8c0aeaf22b87886c23636c5634894accfebeb1140385d
Client name : OIDC Client
Client id : 3-1edWH-wOOFo7sC06uv0fd_HROdop72tP2fn7fzcjU
Client id issued at : Mon May 06 21:15:44 IST 2024
Client secret : fea2febd80a75cc783e8c0aeaf22b87886c23636c5634894accfebeb1140385d

2024-05-06 21:22:54 Apache Commons Daemon procrun stdout initialized.
Client name : OIDC Client
Client id : MHsYpQdQA3tD0RtyRRd8YwNioe1RXyU_E0HKlG1HoM4
Client id issued at : Mon May 06 21:23:08 IST 2024
Client secret : fea2febd80a75cc783e8c0aeaf22b87886c23636c5634894accfebeb1140385d

2024-05-06 21:32:51 Apache Commons Daemon procrun stdout initialized.
Client name : OIDC Client
Client id : QKhwKoZOUHM84QjM1QfE8U6pwZAZqMrnQ4M5WjBm_rk
Client id issued at : Mon May 06 21:33:03 IST 2024
Client secret : fea2febd80a75cc783e8c0aeaf22b87886c23636c5634894accfebeb1140385d

2024-05-06 21:38:40 Apache Commons Daemon procrun stdout initialized.

2024-05-06 21:39:02 Apache Commons Daemon procrun stdout initialized.
Client name : OIDC Client
Client id : MrXmYbtWRZITeCfL-QUHmeRV3igWC2TUirtzJ9veojk
Client id issued at : Mon May 06 21:39:25 IST 2024
Client secret : fea2febd80a75cc783e8c0aeaf22b87886c23636c5634894accfebeb1140385d

2024-05-06 21:42:51 Apache Commons Daemon procrun stdout initialized.
Client name : OIDC Client
Client id : BTVQq_6vhPKnoPvKzVAui1dhkVgyRPILM0QThk5xiuM
Client id issued at : Mon May 06 21:43:03 IST 2024
Client secret : fea2febd80a75cc783e8c0aeaf22b87886c23636c5634894accfebeb1140385d

2024-05-06 21:45:27 Apache Commons Daemon procrun stdout initialized.
Client name : OIDC Client
Client id : A6eojtzYrz_Uoqutfp9lbzj1carGTTlbfyEjdRpEI38
Client id issued at : Mon May 06 21:45:39 IST 2024
Client secret : fea2febd80a75cc783e8c0aeaf22b87886c23636c5634894accfebeb1140385d

2024-05-06 21:51:07 Apache Commons Daemon procrun stdout initialized.
Client name : OIDC Client
Client id : aysFAGUpRXRY3dS8kKfiFPO-tXe6k4WpouwTqBog9as
Client id issued at : Mon May 06 21:51:29 IST 2024
Client secret : fea2febd80a75cc783e8c0aeaf22b87886c23636c5634894accfebeb1140385d

2024-05-06 21:52:50 Apache Commons Daemon procrun stdout initialized.
Client name : OIDC Client
Client id : gfHxSxre3FUM8PYJAqSAMQerTLcHfIgZx4AY1IDV5OU
Client id issued at : Mon May 06 21:53:05 IST 2024
Client secret : fea2febd80a75cc783e8c0aeaf22b87886c23636c5634894accfebeb1140385d

2024-05-06 21:58:44 Apache Commons Daemon procrun stdout initialized.
Client name : OIDC Client
Client id : O22UYvoX71N42QpYv5v3CwyM6XQbKbtasjIKrwFC8Gc
Client id issued at : Mon May 06 21:59:43 IST 2024
Client secret : fea2febd80a75cc783e8c0aeaf22b87886c23636c5634894accfebeb1140385d

2024-05-06 22:02:44 Apache Commons Daemon procrun stdout initialized.
Client name : OIDC Client
Client id : SbeDbH-ig6m-JbbHihKyx_knGLYKR1SF0glGkZhD5oE
Client id issued at : Mon May 06 22:03:00 IST 2024
Client secret : fea2febd80a75cc783e8c0aeaf22b87886c23636c5634894accfebeb1140385d
Client name : OIDC Client
Client id : uJ5mlOoPFE3oK4sAn3enKKLduNXRxDJ2vmCVMHbd7EY
Client id issued at : Mon May 06 22:05:55 IST 2024
Client secret : fea2febd80a75cc783e8c0aeaf22b87886c23636c5634894accfebeb1140385d
