
2024-05-11 19:14:14 Apache Commons Daemon procrun stderr initialized.
WARNING: java.io.tmpdir directory does not exist
11-May-2024 19:14:16.062 WARNING [main] org.apache.tomcat.util.digester.SetPropertiesRule.begin Match [Server/Service/Connector] failed to set property [ssLProtocol] to [TLS]
11-May-2024 19:14:16.069 WARNING [main] org.apache.tomcat.util.digester.SetPropertiesRule.begin Match [Server/Service/Connector] failed to set property [storeType] to [pkcs12]
11-May-2024 19:14:16.113 INFO [main] org.apache.catalina.startup.VersionLoggerListener.log Server version name:   Apache Tomcat/9.0.80
11-May-2024 19:14:16.114 INFO [main] org.apache.catalina.startup.VersionLoggerListener.log Server built:          Aug 23 2023 21:59:38 UTC
11-May-2024 19:14:16.114 INFO [main] org.apache.catalina.startup.VersionLoggerListener.log Server version number: 9.0.80.0
11-May-2024 19:14:16.114 INFO [main] org.apache.catalina.startup.VersionLoggerListener.log OS Name:               Windows 11
11-May-2024 19:14:16.114 INFO [main] org.apache.catalina.startup.VersionLoggerListener.log OS Version:            10.0
11-May-2024 19:14:16.114 INFO [main] org.apache.catalina.startup.VersionLoggerListener.log Architecture:          amd64
11-May-2024 19:14:16.114 INFO [main] org.apache.catalina.startup.VersionLoggerListener.log Java Home:             C:\Program Files\Java\jdk-20
11-May-2024 19:14:16.114 INFO [main] org.apache.catalina.startup.VersionLoggerListener.log JVM Version:           20.0.1+9-29
11-May-2024 19:14:16.115 INFO [main] org.apache.catalina.startup.VersionLoggerListener.log JVM Vendor:            Oracle Corporation
11-May-2024 19:14:16.115 INFO [main] org.apache.catalina.startup.VersionLoggerListener.log CATALINA_BASE:         C:\Tomcat5
11-May-2024 19:14:16.115 INFO [main] org.apache.catalina.startup.VersionLoggerListener.log CATALINA_HOME:         C:\Tomcat5
11-May-2024 19:14:16.117 INFO [main] org.apache.catalina.startup.VersionLoggerListener.log Command line argument: -Dcatalina.home=c:\Tomcat5
11-May-2024 19:14:16.117 INFO [main] org.apache.catalina.startup.VersionLoggerListener.log Command line argument: -Dcatalina.base=c:\Tomcat5
11-May-2024 19:14:16.117 INFO [main] org.apache.catalina.startup.VersionLoggerListener.log Command line argument: -Dignore.endorsed.dirs=c:\Tomcat5\endorsed
11-May-2024 19:14:16.117 INFO [main] org.apache.catalina.startup.VersionLoggerListener.log Command line argument: -Djava.io.tmpdir=c:\Tomcat5\temp
11-May-2024 19:14:16.117 INFO [main] org.apache.catalina.startup.VersionLoggerListener.log Command line argument: -Djava.util.logging.manager=org.apache.juli.ClassLoaderLogManager
11-May-2024 19:14:16.117 INFO [main] org.apache.catalina.startup.VersionLoggerListener.log Command line argument: -Djava.util.logging.config.file=c:\Tomcat5\conf\logging.properties
11-May-2024 19:14:16.117 INFO [main] org.apache.catalina.startup.VersionLoggerListener.log Command line argument: --add-opens=java.base/java.lang=ALL-UNNAMED
11-May-2024 19:14:16.117 INFO [main] org.apache.catalina.startup.VersionLoggerListener.log Command line argument: --add-opens=java.base/java.io=ALL-UNNAMED
11-May-2024 19:14:16.117 INFO [main] org.apache.catalina.startup.VersionLoggerListener.log Command line argument: --add-opens=java.base/java.util=ALL-UNNAMED
11-May-2024 19:14:16.118 INFO [main] org.apache.catalina.startup.VersionLoggerListener.log Command line argument: --add-opens=java.base/java.util.concurrent=ALL-UNNAMED
11-May-2024 19:14:16.118 INFO [main] org.apache.catalina.startup.VersionLoggerListener.log Command line argument: --add-opens=java.rmi/sun.rmi.transport=ALL-UNNAMED
11-May-2024 19:14:16.118 INFO [main] org.apache.catalina.startup.VersionLoggerListener.log Command line argument: exit
11-May-2024 19:14:16.118 INFO [main] org.apache.catalina.startup.VersionLoggerListener.log Command line argument: abort
11-May-2024 19:14:16.118 INFO [main] org.apache.catalina.startup.VersionLoggerListener.log Command line argument: -Xms128m
11-May-2024 19:14:16.118 INFO [main] org.apache.catalina.startup.VersionLoggerListener.log Command line argument: -Xmx256m
11-May-2024 19:14:16.124 INFO [main] org.apache.catalina.core.AprLifecycleListener.lifecycleEvent The Apache Tomcat Native library which allows using OpenSSL was not found on the java.library.path: [c:\Tomcat5\bin;C:\windows\Sun\Java\bin;C:\windows\system32;C:\windows;C:\Program Files\Java\jdk-20\bin;C:\windows\system32;C:\windows;C:\windows\System32\Wbem;C:\windows\System32\WindowsPowerShell\v1.0\;C:\windows\System32\OpenSSH\;C:\Program Files (x86)\NVIDIA Corporation\PhysX\Common;C:\Program Files\NVIDIA Corporation\NVIDIA NvDLISR;C:\Program Files\MySQL\MySQL Server 8.0\bin;C:\Program Files\Java\jdk-20\bin;C:\Program Files\Git\cmd;C:\windows\ServiceProfiles\LocalService\AppData\Local\Microsoft\WindowsApps;.]
11-May-2024 19:14:16.572 INFO [main] org.apache.coyote.AbstractProtocol.init Initializing ProtocolHandler ["http-nio-8509"]
11-May-2024 19:14:16.609 INFO [main] org.apache.coyote.AbstractProtocol.init Initializing ProtocolHandler ["https-jsse-nio-8543"]
11-May-2024 19:14:17.012 INFO [main] org.apache.tomcat.util.net.AbstractEndpoint.logCertificate Connector [https-jsse-nio-8543], TLS virtual host [_default_], certificate type [UNDEFINED] configured from keystore [conf/OAuth2Client.jks] using alias [client] with trust store [conf/trust.jks]
11-May-2024 19:14:17.015 INFO [main] org.apache.catalina.startup.Catalina.load Server initialization in [1148] milliseconds
11-May-2024 19:14:17.047 WARNING [main] java.util.ArrayList.forEach Name = dsUsers Property maxActive is not used in DBCP2, use maxTotal instead. maxTotal default value is 8. You have set value of "100" for "maxActive" property, which is being ignored.
11-May-2024 19:14:17.047 WARNING [main] java.util.ArrayList.forEach Name = dsUsers Property maxWait is not used in DBCP2 , use maxWaitMillis instead. maxWaitMillis default value is PT-0.001S. You have set value of "10000" for "maxWait" property, which is being ignored.
11-May-2024 19:14:17.047 INFO [main] java.util.ArrayList.forEach Name = dsUsers Ignoring unknown property: value of "jdbc/dsUsers" for "global" property
11-May-2024 19:14:17.111 INFO [main] org.apache.catalina.core.StandardService.startInternal Starting service [Catalina]
11-May-2024 19:14:17.112 INFO [main] org.apache.catalina.core.StandardEngine.startInternal Starting Servlet engine: [Apache Tomcat/9.0.80]
11-May-2024 19:14:17.144 INFO [main] org.apache.catalina.startup.HostConfig.deployWAR Deploying web application archive [C:\Tomcat5\webapps\OAuth2Client.war]
11-May-2024 19:14:20.328 INFO [main] org.apache.jasper.servlet.TldScanner.scanJars At least one JAR was scanned for TLDs yet contained no TLDs. Enable debug logging for this logger for a complete list of JARs that were scanned but no TLDs were found in them. Skipping unneeded JARs during scanning can improve startup time and JSP compilation time.
11-May-2024 19:14:20.407 INFO [main] org.apache.catalina.startup.HostConfig.deployWAR Deployment of web application archive [C:\Tomcat5\webapps\OAuth2Client.war] has finished in [3,261] ms
11-May-2024 19:14:20.408 INFO [main] org.apache.catalina.startup.HostConfig.deployDirectory Deploying web application directory [C:\Tomcat5\webapps\docs]
11-May-2024 19:14:20.763 INFO [main] org.apache.jasper.servlet.TldScanner.scanJars At least one JAR was scanned for TLDs yet contained no TLDs. Enable debug logging for this logger for a complete list of JARs that were scanned but no TLDs were found in them. Skipping unneeded JARs during scanning can improve startup time and JSP compilation time.
11-May-2024 19:14:20.768 INFO [main] org.apache.catalina.startup.HostConfig.deployDirectory Deployment of web application directory [C:\Tomcat5\webapps\docs] has finished in [359] ms
11-May-2024 19:14:20.768 INFO [main] org.apache.catalina.startup.HostConfig.deployDirectory Deploying web application directory [C:\Tomcat5\webapps\examples]
11-May-2024 19:14:21.861 INFO [main] org.apache.jasper.servlet.TldScanner.scanJars At least one JAR was scanned for TLDs yet contained no TLDs. Enable debug logging for this logger for a complete list of JARs that were scanned but no TLDs were found in them. Skipping unneeded JARs during scanning can improve startup time and JSP compilation time.
11-May-2024 19:14:21.923 INFO [main] org.apache.catalina.core.ApplicationContext.log ContextListener: contextInitialized()
11-May-2024 19:14:21.923 INFO [main] org.apache.catalina.core.ApplicationContext.log SessionListener: contextInitialized()
11-May-2024 19:14:21.924 INFO [main] org.apache.catalina.core.ApplicationContext.log ContextListener: attributeAdded('StockTicker', 'async.Stockticker@5a3783e4')
11-May-2024 19:14:21.939 INFO [main] org.apache.catalina.startup.HostConfig.deployDirectory Deployment of web application directory [C:\Tomcat5\webapps\examples] has finished in [1,171] ms
11-May-2024 19:14:21.940 INFO [main] org.apache.catalina.startup.HostConfig.deployDirectory Deploying web application directory [C:\Tomcat5\webapps\host-manager]
11-May-2024 19:14:22.280 INFO [main] org.apache.jasper.servlet.TldScanner.scanJars At least one JAR was scanned for TLDs yet contained no TLDs. Enable debug logging for this logger for a complete list of JARs that were scanned but no TLDs were found in them. Skipping unneeded JARs during scanning can improve startup time and JSP compilation time.
11-May-2024 19:14:22.286 INFO [main] org.apache.catalina.startup.HostConfig.deployDirectory Deployment of web application directory [C:\Tomcat5\webapps\host-manager] has finished in [346] ms
11-May-2024 19:14:22.287 INFO [main] org.apache.catalina.startup.HostConfig.deployDirectory Deploying web application directory [C:\Tomcat5\webapps\manager]
11-May-2024 19:14:22.623 INFO [main] org.apache.jasper.servlet.TldScanner.scanJars At least one JAR was scanned for TLDs yet contained no TLDs. Enable debug logging for this logger for a complete list of JARs that were scanned but no TLDs were found in them. Skipping unneeded JARs during scanning can improve startup time and JSP compilation time.
11-May-2024 19:14:22.627 INFO [main] org.apache.catalina.startup.HostConfig.deployDirectory Deployment of web application directory [C:\Tomcat5\webapps\manager] has finished in [341] ms
11-May-2024 19:14:22.627 INFO [main] org.apache.catalina.startup.HostConfig.deployDirectory Deploying web application directory [C:\Tomcat5\webapps\ROOT]
11-May-2024 19:14:22.918 INFO [main] org.apache.jasper.servlet.TldScanner.scanJars At least one JAR was scanned for TLDs yet contained no TLDs. Enable debug logging for this logger for a complete list of JARs that were scanned but no TLDs were found in them. Skipping unneeded JARs during scanning can improve startup time and JSP compilation time.
11-May-2024 19:14:22.923 INFO [main] org.apache.catalina.startup.HostConfig.deployDirectory Deployment of web application directory [C:\Tomcat5\webapps\ROOT] has finished in [295] ms
11-May-2024 19:14:22.925 SEVERE [main] org.apache.catalina.mapper.MapperListener.findDefaultHost Unknown default host [localhost] for service [StandardService[Catalina]]. Tomcat will not be able process HTTP/1.0 requests that do not specify a host name.
11-May-2024 19:14:22.927 SEVERE [main] org.apache.catalina.mapper.MapperListener.findDefaultHost Unknown default host [localhost] for service [StandardService[Catalina]]. Tomcat will not be able process HTTP/1.0 requests that do not specify a host name.
11-May-2024 19:14:22.927 INFO [main] org.apache.coyote.AbstractProtocol.start Starting ProtocolHandler ["http-nio-8509"]
11-May-2024 19:14:22.954 INFO [main] org.apache.coyote.AbstractProtocol.start Starting ProtocolHandler ["https-jsse-nio-8543"]
11-May-2024 19:14:22.958 INFO [main] org.apache.catalina.startup.Catalina.start Server startup in [5941] milliseconds
SLF4J: Failed to load class "org.slf4j.impl.StaticLoggerBinder".
SLF4J: Defaulting to no-operation (NOP) logger implementation
SLF4J: See http://www.slf4j.org/codes.html#StaticLoggerBinder for further details.
11-May-2024 19:15:28.245 INFO [https-jsse-nio-8543-exec-10] UserAuthorizationHandler.doGet ClientRepository
11-May-2024 19:15:28.399 INFO [https-jsse-nio-8543-exec-10] UserAuthorizationHandler.doGet {"_id": {"$oid": "663a277bfaa9523498eac7cc"}, "client_id": "YqcEqGPFfI77eWW15qZ_ZWM-0o-biww7bmzxaZ2kw4I", "client_secret": "fea2febd80a75cc783e8c0aeaf22b87886c23636c5634894accfebeb1140385d", "client_id_issued_at": {"$date": "2024-05-07T13:07:07Z"}, "jwks_uri": "https://oauth2server:8643/oauth2server/WebKeySet", "redirect_uri": "https://OAuth2Client:8543/oauth2client/GetCode"}
11-May-2024 19:15:28.406 INFO [https-jsse-nio-8543-exec-10] UserAuthorizationHandler.doGet YqcEqGPFfI77eWW15qZ_ZWM-0o-biww7bmzxaZ2kw4I
11-May-2024 19:16:40.404 INFO [https-jsse-nio-8543-exec-8] UserAuthorizationHandler.doGet ClientRepository
11-May-2024 19:16:40.437 INFO [https-jsse-nio-8543-exec-8] UserAuthorizationHandler.doGet {"_id": {"$oid": "663a277bfaa9523498eac7cc"}, "client_id": "YqcEqGPFfI77eWW15qZ_ZWM-0o-biww7bmzxaZ2kw4I", "client_secret": "fea2febd80a75cc783e8c0aeaf22b87886c23636c5634894accfebeb1140385d", "client_id_issued_at": {"$date": "2024-05-07T13:07:07Z"}, "jwks_uri": "https://oauth2server:8643/oauth2server/WebKeySet", "redirect_uri": "https://OAuth2Client:8543/oauth2client/GetCode"}
11-May-2024 19:16:40.440 INFO [https-jsse-nio-8543-exec-8] UserAuthorizationHandler.doGet YqcEqGPFfI77eWW15qZ_ZWM-0o-biww7bmzxaZ2kw4I
11-May-2024 19:19:43.004 INFO [https-jsse-nio-8543-exec-1] UserAuthorizationHandler.doGet ClientRepository
11-May-2024 19:19:43.068 INFO [https-jsse-nio-8543-exec-1] UserAuthorizationHandler.doGet {"_id": {"$oid": "663a277bfaa9523498eac7cc"}, "client_id": "YqcEqGPFfI77eWW15qZ_ZWM-0o-biww7bmzxaZ2kw4I", "client_secret": "fea2febd80a75cc783e8c0aeaf22b87886c23636c5634894accfebeb1140385d", "client_id_issued_at": {"$date": "2024-05-07T13:07:07Z"}, "jwks_uri": "https://oauth2server:8643/oauth2server/WebKeySet", "redirect_uri": "https://OAuth2Client:8543/oauth2client/GetCode"}
11-May-2024 19:19:43.068 INFO [https-jsse-nio-8543-exec-1] UserAuthorizationHandler.doGet YqcEqGPFfI77eWW15qZ_ZWM-0o-biww7bmzxaZ2kw4I
11-May-2024 19:21:15.288 INFO [https-jsse-nio-8543-exec-3] UserAuthorizationHandler.doGet ClientRepository
11-May-2024 19:21:15.304 INFO [https-jsse-nio-8543-exec-3] UserAuthorizationHandler.doGet {"_id": {"$oid": "663a277bfaa9523498eac7cc"}, "client_id": "YqcEqGPFfI77eWW15qZ_ZWM-0o-biww7bmzxaZ2kw4I", "client_secret": "fea2febd80a75cc783e8c0aeaf22b87886c23636c5634894accfebeb1140385d", "client_id_issued_at": {"$date": "2024-05-07T13:07:07Z"}, "jwks_uri": "https://oauth2server:8643/oauth2server/WebKeySet", "redirect_uri": "https://OAuth2Client:8543/oauth2client/GetCode"}
11-May-2024 19:21:15.305 INFO [https-jsse-nio-8543-exec-3] UserAuthorizationHandler.doGet YqcEqGPFfI77eWW15qZ_ZWM-0o-biww7bmzxaZ2kw4I
11-May-2024 19:23:01.152 INFO [https-jsse-nio-8543-exec-7] UserAuthorizationHandler.doGet ClientRepository
11-May-2024 19:23:01.172 INFO [https-jsse-nio-8543-exec-7] UserAuthorizationHandler.doGet {"_id": {"$oid": "663a277bfaa9523498eac7cc"}, "client_id": "YqcEqGPFfI77eWW15qZ_ZWM-0o-biww7bmzxaZ2kw4I", "client_secret": "fea2febd80a75cc783e8c0aeaf22b87886c23636c5634894accfebeb1140385d", "client_id_issued_at": {"$date": "2024-05-07T13:07:07Z"}, "jwks_uri": "https://oauth2server:8643/oauth2server/WebKeySet", "redirect_uri": "https://OAuth2Client:8543/oauth2client/GetCode"}
11-May-2024 19:23:01.173 INFO [https-jsse-nio-8543-exec-7] UserAuthorizationHandler.doGet YqcEqGPFfI77eWW15qZ_ZWM-0o-biww7bmzxaZ2kw4I
11-May-2024 19:24:20.450 INFO [Thread-2] org.apache.coyote.AbstractProtocol.pause Pausing ProtocolHandler ["http-nio-8509"]
11-May-2024 19:24:20.463 INFO [Thread-2] org.apache.coyote.AbstractProtocol.pause Pausing ProtocolHandler ["https-jsse-nio-8543"]
11-May-2024 19:24:20.473 INFO [Thread-2] org.apache.catalina.core.StandardService.stopInternal Stopping service [Catalina]
11-May-2024 19:24:20.476 SEVERE [Thread-2] org.apache.catalina.mapper.MapperListener.findDefaultHost Unknown default host [localhost] for service [StandardService[Catalina]]. Tomcat will not be able process HTTP/1.0 requests that do not specify a host name.
11-May-2024 19:24:20.494 INFO [Thread-2] org.apache.catalina.core.ApplicationContext.log SessionListener: contextDestroyed()
11-May-2024 19:24:20.494 INFO [Thread-2] org.apache.catalina.core.ApplicationContext.log ContextListener: contextDestroyed()
11-May-2024 19:24:20.549 WARNING [Thread-2] org.apache.catalina.loader.WebappClassLoaderBase.clearReferencesThreads The web application [OAuth2Client] appears to have started a thread named [BufferPoolPruner-1-thread-1] but has failed to stop it. This is very likely to create a memory leak. Stack trace of thread:
 java.base/jdk.internal.misc.Unsafe.park(Native Method)
 java.base/java.util.concurrent.locks.LockSupport.parkNanos(LockSupport.java:269)
 java.base/java.util.concurrent.locks.AbstractQueuedSynchronizer$ConditionObject.awaitNanos(AbstractQueuedSynchronizer.java:1758)
 java.base/java.util.concurrent.ScheduledThreadPoolExecutor$DelayedWorkQueue.take(ScheduledThreadPoolExecutor.java:1182)
 java.base/java.util.concurrent.ScheduledThreadPoolExecutor$DelayedWorkQueue.take(ScheduledThreadPoolExecutor.java:899)
 java.base/java.util.concurrent.ThreadPoolExecutor.getTask(ThreadPoolExecutor.java:1070)
 java.base/java.util.concurrent.ThreadPoolExecutor.runWorker(ThreadPoolExecutor.java:1130)
 java.base/java.util.concurrent.ThreadPoolExecutor$Worker.run(ThreadPoolExecutor.java:642)
 java.base/java.lang.Thread.run(Thread.java:1623)
11-May-2024 19:24:20.549 WARNING [Thread-2] org.apache.catalina.loader.WebappClassLoaderBase.clearReferencesThreads The web application [OAuth2Client] appears to have started a thread named [cluster-ClusterId{value='663f7678a63f75621620baea', description='null'}-oauth2client:27017] but has failed to stop it. This is very likely to create a memory leak. Stack trace of thread:
 java.base/sun.nio.ch.Net.poll(Native Method)
 java.base/sun.nio.ch.NioSocketImpl.park(NioSocketImpl.java:186)
 java.base/sun.nio.ch.NioSocketImpl.timedRead(NioSocketImpl.java:275)
 java.base/sun.nio.ch.NioSocketImpl.implRead(NioSocketImpl.java:299)
 java.base/sun.nio.ch.NioSocketImpl.read(NioSocketImpl.java:340)
 java.base/sun.nio.ch.NioSocketImpl$1.read(NioSocketImpl.java:789)
 java.base/java.net.Socket$SocketInputStream.read(Socket.java:1025)
 com.mongodb.internal.connection.SocketStream.read(SocketStream.java:175)
 com.mongodb.internal.connection.SocketStream.read(SocketStream.java:200)
 com.mongodb.internal.connection.InternalStreamConnection.receiveResponseBuffers(InternalStreamConnection.java:739)
 com.mongodb.internal.connection.InternalStreamConnection.receiveMessageWithAdditionalTimeout(InternalStreamConnection.java:603)
 com.mongodb.internal.connection.InternalStreamConnection.receiveCommandMessageResponse(InternalStreamConnection.java:451)
 com.mongodb.internal.connection.InternalStreamConnection.receive(InternalStreamConnection.java:404)
 com.mongodb.internal.connection.DefaultServerMonitor$ServerMonitorRunnable.lookupServerDescription(DefaultServerMonitor.java:224)
 com.mongodb.internal.connection.DefaultServerMonitor$ServerMonitorRunnable.run(DefaultServerMonitor.java:156)
 java.base/java.lang.Thread.run(Thread.java:1623)
11-May-2024 19:24:20.550 WARNING [Thread-2] org.apache.catalina.loader.WebappClassLoaderBase.clearReferencesThreads The web application [OAuth2Client] appears to have started a thread named [cluster-rtt-ClusterId{value='663f7678a63f75621620baea', description='null'}-oauth2client:27017] but has failed to stop it. This is very likely to create a memory leak. Stack trace of thread:
 java.base/java.lang.Thread.sleep0(Native Method)
 java.base/java.lang.Thread.sleep(Thread.java:484)
 com.mongodb.internal.connection.DefaultServerMonitor.waitForNext(DefaultServerMonitor.java:442)
 com.mongodb.internal.connection.DefaultServerMonitor.access$1500(DefaultServerMonitor.java:68)
 com.mongodb.internal.connection.DefaultServerMonitor$RoundTripTimeRunnable.run(DefaultServerMonitor.java:413)
 java.base/java.lang.Thread.run(Thread.java:1623)
11-May-2024 19:24:20.550 WARNING [Thread-2] org.apache.catalina.loader.WebappClassLoaderBase.clearReferencesThreads The web application [OAuth2Client] appears to have started a thread named [MaintenanceTimer-2-thread-1] but has failed to stop it. This is very likely to create a memory leak. Stack trace of thread:
 java.base/jdk.internal.misc.Unsafe.park(Native Method)
 java.base/java.util.concurrent.locks.LockSupport.parkNanos(LockSupport.java:269)
 java.base/java.util.concurrent.locks.AbstractQueuedSynchronizer$ConditionObject.awaitNanos(AbstractQueuedSynchronizer.java:1758)
 java.base/java.util.concurrent.ScheduledThreadPoolExecutor$DelayedWorkQueue.take(ScheduledThreadPoolExecutor.java:1182)
 java.base/java.util.concurrent.ScheduledThreadPoolExecutor$DelayedWorkQueue.take(ScheduledThreadPoolExecutor.java:899)
 java.base/java.util.concurrent.ThreadPoolExecutor.getTask(ThreadPoolExecutor.java:1070)
 java.base/java.util.concurrent.ThreadPoolExecutor.runWorker(ThreadPoolExecutor.java:1130)
 java.base/java.util.concurrent.ThreadPoolExecutor$Worker.run(ThreadPoolExecutor.java:642)
 java.base/java.lang.Thread.run(Thread.java:1623)
11-May-2024 19:24:20.550 WARNING [Thread-2] org.apache.catalina.loader.WebappClassLoaderBase.clearReferencesThreads The web application [OAuth2Client] appears to have started a thread named [cluster-ClusterId{value='663f76c0a63f75621620baec', description='null'}-oauth2client:27017] but has failed to stop it. This is very likely to create a memory leak. Stack trace of thread:
 java.base/sun.nio.ch.Net.poll(Native Method)
 java.base/sun.nio.ch.NioSocketImpl.park(NioSocketImpl.java:186)
 java.base/sun.nio.ch.NioSocketImpl.timedRead(NioSocketImpl.java:275)
 java.base/sun.nio.ch.NioSocketImpl.implRead(NioSocketImpl.java:299)
 java.base/sun.nio.ch.NioSocketImpl.read(NioSocketImpl.java:340)
 java.base/sun.nio.ch.NioSocketImpl$1.read(NioSocketImpl.java:789)
 java.base/java.net.Socket$SocketInputStream.read(Socket.java:1025)
 com.mongodb.internal.connection.SocketStream.read(SocketStream.java:175)
 com.mongodb.internal.connection.SocketStream.read(SocketStream.java:200)
 com.mongodb.internal.connection.InternalStreamConnection.receiveResponseBuffers(InternalStreamConnection.java:739)
 com.mongodb.internal.connection.InternalStreamConnection.receiveMessageWithAdditionalTimeout(InternalStreamConnection.java:603)
 com.mongodb.internal.connection.InternalStreamConnection.receiveCommandMessageResponse(InternalStreamConnection.java:451)
 com.mongodb.internal.connection.InternalStreamConnection.receive(InternalStreamConnection.java:404)
 com.mongodb.internal.connection.DefaultServerMonitor$ServerMonitorRunnable.lookupServerDescription(DefaultServerMonitor.java:224)
 com.mongodb.internal.connection.DefaultServerMonitor$ServerMonitorRunnable.run(DefaultServerMonitor.java:156)
 java.base/java.lang.Thread.run(Thread.java:1623)
11-May-2024 19:24:20.550 WARNING [Thread-2] org.apache.catalina.loader.WebappClassLoaderBase.clearReferencesThreads The web application [OAuth2Client] appears to have started a thread named [cluster-rtt-ClusterId{value='663f76c0a63f75621620baec', description='null'}-oauth2client:27017] but has failed to stop it. This is very likely to create a memory leak. Stack trace of thread:
 java.base/java.lang.Thread.sleep0(Native Method)
 java.base/java.lang.Thread.sleep(Thread.java:484)
 com.mongodb.internal.connection.DefaultServerMonitor.waitForNext(DefaultServerMonitor.java:442)
 com.mongodb.internal.connection.DefaultServerMonitor.access$1500(DefaultServerMonitor.java:68)
 com.mongodb.internal.connection.DefaultServerMonitor$RoundTripTimeRunnable.run(DefaultServerMonitor.java:413)
 java.base/java.lang.Thread.run(Thread.java:1623)
11-May-2024 19:24:20.550 WARNING [Thread-2] org.apache.catalina.loader.WebappClassLoaderBase.clearReferencesThreads The web application [OAuth2Client] appears to have started a thread named [MaintenanceTimer-3-thread-1] but has failed to stop it. This is very likely to create a memory leak. Stack trace of thread:
 java.base/jdk.internal.misc.Unsafe.park(Native Method)
 java.base/java.util.concurrent.locks.LockSupport.parkNanos(LockSupport.java:269)
 java.base/java.util.concurrent.locks.AbstractQueuedSynchronizer$ConditionObject.awaitNanos(AbstractQueuedSynchronizer.java:1758)
 java.base/java.util.concurrent.ScheduledThreadPoolExecutor$DelayedWorkQueue.take(ScheduledThreadPoolExecutor.java:1182)
 java.base/java.util.concurrent.ScheduledThreadPoolExecutor$DelayedWorkQueue.take(ScheduledThreadPoolExecutor.java:899)
 java.base/java.util.concurrent.ThreadPoolExecutor.getTask(ThreadPoolExecutor.java:1070)
 java.base/java.util.concurrent.ThreadPoolExecutor.runWorker(ThreadPoolExecutor.java:1130)
 java.base/java.util.concurrent.ThreadPoolExecutor$Worker.run(ThreadPoolExecutor.java:642)
 java.base/java.lang.Thread.run(Thread.java:1623)
11-May-2024 19:24:20.551 WARNING [Thread-2] org.apache.catalina.loader.WebappClassLoaderBase.clearReferencesThreads The web application [OAuth2Client] appears to have started a thread named [cluster-ClusterId{value='663f7777a63f75621620baee', description='null'}-oauth2client:27017] but has failed to stop it. This is very likely to create a memory leak. Stack trace of thread:
 java.base/sun.nio.ch.Net.poll(Native Method)
 java.base/sun.nio.ch.NioSocketImpl.park(NioSocketImpl.java:186)
 java.base/sun.nio.ch.NioSocketImpl.timedRead(NioSocketImpl.java:275)
 java.base/sun.nio.ch.NioSocketImpl.implRead(NioSocketImpl.java:299)
 java.base/sun.nio.ch.NioSocketImpl.read(NioSocketImpl.java:340)
 java.base/sun.nio.ch.NioSocketImpl$1.read(NioSocketImpl.java:789)
 java.base/java.net.Socket$SocketInputStream.read(Socket.java:1025)
 com.mongodb.internal.connection.SocketStream.read(SocketStream.java:175)
 com.mongodb.internal.connection.SocketStream.read(SocketStream.java:200)
 com.mongodb.internal.connection.InternalStreamConnection.receiveResponseBuffers(InternalStreamConnection.java:739)
 com.mongodb.internal.connection.InternalStreamConnection.receiveMessageWithAdditionalTimeout(InternalStreamConnection.java:603)
 com.mongodb.internal.connection.InternalStreamConnection.receiveCommandMessageResponse(InternalStreamConnection.java:451)
 com.mongodb.internal.connection.InternalStreamConnection.receive(InternalStreamConnection.java:404)
 com.mongodb.internal.connection.DefaultServerMonitor$ServerMonitorRunnable.lookupServerDescription(DefaultServerMonitor.java:224)
 com.mongodb.internal.connection.DefaultServerMonitor$ServerMonitorRunnable.run(DefaultServerMonitor.java:156)
 java.base/java.lang.Thread.run(Thread.java:1623)
11-May-2024 19:24:20.551 WARNING [Thread-2] org.apache.catalina.loader.WebappClassLoaderBase.clearReferencesThreads The web application [OAuth2Client] appears to have started a thread named [cluster-rtt-ClusterId{value='663f7777a63f75621620baee', description='null'}-oauth2client:27017] but has failed to stop it. This is very likely to create a memory leak. Stack trace of thread:
 java.base/java.lang.Thread.sleep0(Native Method)
 java.base/java.lang.Thread.sleep(Thread.java:484)
 com.mongodb.internal.connection.DefaultServerMonitor.waitForNext(DefaultServerMonitor.java:442)
 com.mongodb.internal.connection.DefaultServerMonitor.access$1500(DefaultServerMonitor.java:68)
 com.mongodb.internal.connection.DefaultServerMonitor$RoundTripTimeRunnable.run(DefaultServerMonitor.java:413)
 java.base/java.lang.Thread.run(Thread.java:1623)
11-May-2024 19:24:20.551 WARNING [Thread-2] org.apache.catalina.loader.WebappClassLoaderBase.clearReferencesThreads The web application [OAuth2Client] appears to have started a thread named [MaintenanceTimer-4-thread-1] but has failed to stop it. This is very likely to create a memory leak. Stack trace of thread:
 java.base/jdk.internal.misc.Unsafe.park(Native Method)
 java.base/java.util.concurrent.locks.LockSupport.parkNanos(LockSupport.java:269)
 java.base/java.util.concurrent.locks.AbstractQueuedSynchronizer$ConditionObject.awaitNanos(AbstractQueuedSynchronizer.java:1758)
 java.base/java.util.concurrent.ScheduledThreadPoolExecutor$DelayedWorkQueue.take(ScheduledThreadPoolExecutor.java:1182)
 java.base/java.util.concurrent.ScheduledThreadPoolExecutor$DelayedWorkQueue.take(ScheduledThreadPoolExecutor.java:899)
 java.base/java.util.concurrent.ThreadPoolExecutor.getTask(ThreadPoolExecutor.java:1070)
 java.base/java.util.concurrent.ThreadPoolExecutor.runWorker(ThreadPoolExecutor.java:1130)
 java.base/java.util.concurrent.ThreadPoolExecutor$Worker.run(ThreadPoolExecutor.java:642)
 java.base/java.lang.Thread.run(Thread.java:1623)
11-May-2024 19:24:20.551 WARNING [Thread-2] org.apache.catalina.loader.WebappClassLoaderBase.clearReferencesThreads The web application [OAuth2Client] appears to have started a thread named [cluster-ClusterId{value='663f77d3a63f75621620baf0', description='null'}-oauth2client:27017] but has failed to stop it. This is very likely to create a memory leak. Stack trace of thread:
 java.base/sun.nio.ch.Net.poll(Native Method)
 java.base/sun.nio.ch.NioSocketImpl.park(NioSocketImpl.java:186)
 java.base/sun.nio.ch.NioSocketImpl.timedRead(NioSocketImpl.java:275)
 java.base/sun.nio.ch.NioSocketImpl.implRead(NioSocketImpl.java:299)
 java.base/sun.nio.ch.NioSocketImpl.read(NioSocketImpl.java:340)
 java.base/sun.nio.ch.NioSocketImpl$1.read(NioSocketImpl.java:789)
 java.base/java.net.Socket$SocketInputStream.read(Socket.java:1025)
 com.mongodb.internal.connection.SocketStream.read(SocketStream.java:175)
 com.mongodb.internal.connection.SocketStream.read(SocketStream.java:200)
 com.mongodb.internal.connection.InternalStreamConnection.receiveResponseBuffers(InternalStreamConnection.java:739)
 com.mongodb.internal.connection.InternalStreamConnection.receiveMessageWithAdditionalTimeout(InternalStreamConnection.java:603)
 com.mongodb.internal.connection.InternalStreamConnection.receiveCommandMessageResponse(InternalStreamConnection.java:451)
 com.mongodb.internal.connection.InternalStreamConnection.receive(InternalStreamConnection.java:404)
 com.mongodb.internal.connection.DefaultServerMonitor$ServerMonitorRunnable.lookupServerDescription(DefaultServerMonitor.java:224)
 com.mongodb.internal.connection.DefaultServerMonitor$ServerMonitorRunnable.run(DefaultServerMonitor.java:156)
 java.base/java.lang.Thread.run(Thread.java:1623)
11-May-2024 19:24:20.551 WARNING [Thread-2] org.apache.catalina.loader.WebappClassLoaderBase.clearReferencesThreads The web application [OAuth2Client] appears to have started a thread named [cluster-rtt-ClusterId{value='663f77d3a63f75621620baf0', description='null'}-oauth2client:27017] but has failed to stop it. This is very likely to create a memory leak. Stack trace of thread:
 java.base/java.lang.Thread.sleep0(Native Method)
 java.base/java.lang.Thread.sleep(Thread.java:484)
 com.mongodb.internal.connection.DefaultServerMonitor.waitForNext(DefaultServerMonitor.java:442)
 com.mongodb.internal.connection.DefaultServerMonitor.access$1500(DefaultServerMonitor.java:68)
 com.mongodb.internal.connection.DefaultServerMonitor$RoundTripTimeRunnable.run(DefaultServerMonitor.java:413)
 java.base/java.lang.Thread.run(Thread.java:1623)
11-May-2024 19:24:20.552 WARNING [Thread-2] org.apache.catalina.loader.WebappClassLoaderBase.clearReferencesThreads The web application [OAuth2Client] appears to have started a thread named [MaintenanceTimer-5-thread-1] but has failed to stop it. This is very likely to create a memory leak. Stack trace of thread:
 java.base/jdk.internal.misc.Unsafe.park(Native Method)
 java.base/java.util.concurrent.locks.LockSupport.parkNanos(LockSupport.java:269)
 java.base/java.util.concurrent.locks.AbstractQueuedSynchronizer$ConditionObject.awaitNanos(AbstractQueuedSynchronizer.java:1758)
 java.base/java.util.concurrent.ScheduledThreadPoolExecutor$DelayedWorkQueue.take(ScheduledThreadPoolExecutor.java:1182)
 java.base/java.util.concurrent.ScheduledThreadPoolExecutor$DelayedWorkQueue.take(ScheduledThreadPoolExecutor.java:899)
 java.base/java.util.concurrent.ThreadPoolExecutor.getTask(ThreadPoolExecutor.java:1070)
 java.base/java.util.concurrent.ThreadPoolExecutor.runWorker(ThreadPoolExecutor.java:1130)
 java.base/java.util.concurrent.ThreadPoolExecutor$Worker.run(ThreadPoolExecutor.java:642)
 java.base/java.lang.Thread.run(Thread.java:1623)
11-May-2024 19:24:20.552 WARNING [Thread-2] org.apache.catalina.loader.WebappClassLoaderBase.clearReferencesThreads The web application [OAuth2Client] appears to have started a thread named [cluster-ClusterId{value='663f783da63f75621620baf2', description='null'}-oauth2client:27017] but has failed to stop it. This is very likely to create a memory leak. Stack trace of thread:
 java.base/sun.nio.ch.Net.poll(Native Method)
 java.base/sun.nio.ch.NioSocketImpl.park(NioSocketImpl.java:186)
 java.base/sun.nio.ch.NioSocketImpl.timedRead(NioSocketImpl.java:275)
 java.base/sun.nio.ch.NioSocketImpl.implRead(NioSocketImpl.java:299)
 java.base/sun.nio.ch.NioSocketImpl.read(NioSocketImpl.java:340)
 java.base/sun.nio.ch.NioSocketImpl$1.read(NioSocketImpl.java:789)
 java.base/java.net.Socket$SocketInputStream.read(Socket.java:1025)
 com.mongodb.internal.connection.SocketStream.read(SocketStream.java:175)
 com.mongodb.internal.connection.SocketStream.read(SocketStream.java:200)
 com.mongodb.internal.connection.InternalStreamConnection.receiveResponseBuffers(InternalStreamConnection.java:739)
 com.mongodb.internal.connection.InternalStreamConnection.receiveMessageWithAdditionalTimeout(InternalStreamConnection.java:603)
 com.mongodb.internal.connection.InternalStreamConnection.receiveCommandMessageResponse(InternalStreamConnection.java:451)
 com.mongodb.internal.connection.InternalStreamConnection.receive(InternalStreamConnection.java:404)
 com.mongodb.internal.connection.DefaultServerMonitor$ServerMonitorRunnable.lookupServerDescription(DefaultServerMonitor.java:224)
 com.mongodb.internal.connection.DefaultServerMonitor$ServerMonitorRunnable.run(DefaultServerMonitor.java:156)
 java.base/java.lang.Thread.run(Thread.java:1623)
11-May-2024 19:24:20.552 WARNING [Thread-2] org.apache.catalina.loader.WebappClassLoaderBase.clearReferencesThreads The web application [OAuth2Client] appears to have started a thread named [cluster-rtt-ClusterId{value='663f783da63f75621620baf2', description='null'}-oauth2client:27017] but has failed to stop it. This is very likely to create a memory leak. Stack trace of thread:
 java.base/java.lang.Thread.sleep0(Native Method)
 java.base/java.lang.Thread.sleep(Thread.java:484)
 com.mongodb.internal.connection.DefaultServerMonitor.waitForNext(DefaultServerMonitor.java:442)
 com.mongodb.internal.connection.DefaultServerMonitor.access$1500(DefaultServerMonitor.java:68)
 com.mongodb.internal.connection.DefaultServerMonitor$RoundTripTimeRunnable.run(DefaultServerMonitor.java:413)
 java.base/java.lang.Thread.run(Thread.java:1623)
11-May-2024 19:24:20.552 WARNING [Thread-2] org.apache.catalina.loader.WebappClassLoaderBase.clearReferencesThreads The web application [OAuth2Client] appears to have started a thread named [MaintenanceTimer-6-thread-1] but has failed to stop it. This is very likely to create a memory leak. Stack trace of thread:
 java.base/jdk.internal.misc.Unsafe.park(Native Method)
 java.base/java.util.concurrent.locks.LockSupport.parkNanos(LockSupport.java:269)
 java.base/java.util.concurrent.locks.AbstractQueuedSynchronizer$ConditionObject.awaitNanos(AbstractQueuedSynchronizer.java:1758)
 java.base/java.util.concurrent.ScheduledThreadPoolExecutor$DelayedWorkQueue.take(ScheduledThreadPoolExecutor.java:1182)
 java.base/java.util.concurrent.ScheduledThreadPoolExecutor$DelayedWorkQueue.take(ScheduledThreadPoolExecutor.java:899)
 java.base/java.util.concurrent.ThreadPoolExecutor.getTask(ThreadPoolExecutor.java:1070)
 java.base/java.util.concurrent.ThreadPoolExecutor.runWorker(ThreadPoolExecutor.java:1130)
 java.base/java.util.concurrent.ThreadPoolExecutor$Worker.run(ThreadPoolExecutor.java:642)
 java.base/java.lang.Thread.run(Thread.java:1623)
11-May-2024 19:24:20.552 WARNING [Thread-2] org.apache.catalina.loader.WebappClassLoaderBase.clearReferencesThreads The web application [OAuth2Client] appears to have started a thread named [mysql-cj-abandoned-connection-cleanup] but has failed to stop it. This is very likely to create a memory leak. Stack trace of thread:
 java.base/jdk.internal.misc.Unsafe.park(Native Method)
 java.base/java.util.concurrent.locks.LockSupport.parkNanos(LockSupport.java:269)
 java.base/java.util.concurrent.locks.AbstractQueuedSynchronizer$ConditionObject.await(AbstractQueuedSynchronizer.java:1847)
 java.base/java.lang.ref.ReferenceQueue.await(ReferenceQueue.java:71)
 java.base/java.lang.ref.ReferenceQueue.remove0(ReferenceQueue.java:143)
 java.base/java.lang.ref.ReferenceQueue.remove(ReferenceQueue.java:218)
 com.mysql.cj.jdbc.AbandonedConnectionCleanupThread.run(AbandonedConnectionCleanupThread.java:91)
 java.base/java.util.concurrent.ThreadPoolExecutor.runWorker(ThreadPoolExecutor.java:1144)
 java.base/java.util.concurrent.ThreadPoolExecutor$Worker.run(ThreadPoolExecutor.java:642)
 java.base/java.lang.Thread.run(Thread.java:1623)
11-May-2024 19:24:20.553 SEVERE [Thread-2] org.apache.catalina.loader.WebappClassLoaderBase.checkThreadLocalMapForLeaks The web application [OAuth2Client] created a ThreadLocal with key of type [java.lang.ThreadLocal] (value [java.lang.ThreadLocal@2a761c83]) and a value of type [com.mongodb.client.internal.MongoDatabaseImpl] (value [com.mongodb.client.internal.MongoDatabaseImpl@2df1e7a9]) but failed to remove it when the web application was stopped. Threads are going to be renewed over time to try and avoid a probable memory leak.
11-May-2024 19:24:20.553 SEVERE [Thread-2] org.apache.catalina.loader.WebappClassLoaderBase.checkThreadLocalMapForLeaks The web application [OAuth2Client] created a ThreadLocal with key of type [java.lang.ThreadLocal] (value [java.lang.ThreadLocal@2a761c83]) and a value of type [com.mongodb.client.internal.MongoDatabaseImpl] (value [com.mongodb.client.internal.MongoDatabaseImpl@55346933]) but failed to remove it when the web application was stopped. Threads are going to be renewed over time to try and avoid a probable memory leak.
11-May-2024 19:24:20.553 SEVERE [Thread-2] org.apache.catalina.loader.WebappClassLoaderBase.checkThreadLocalMapForLeaks The web application [OAuth2Client] created a ThreadLocal with key of type [java.lang.ThreadLocal] (value [java.lang.ThreadLocal@2a761c83]) and a value of type [com.mongodb.client.internal.MongoDatabaseImpl] (value [com.mongodb.client.internal.MongoDatabaseImpl@2b3b55e8]) but failed to remove it when the web application was stopped. Threads are going to be renewed over time to try and avoid a probable memory leak.
11-May-2024 19:24:20.554 SEVERE [Thread-2] org.apache.catalina.loader.WebappClassLoaderBase.checkThreadLocalMapForLeaks The web application [OAuth2Client] created a ThreadLocal with key of type [java.lang.ThreadLocal] (value [java.lang.ThreadLocal@2a761c83]) and a value of type [com.mongodb.client.internal.MongoDatabaseImpl] (value [com.mongodb.client.internal.MongoDatabaseImpl@3133c608]) but failed to remove it when the web application was stopped. Threads are going to be renewed over time to try and avoid a probable memory leak.
11-May-2024 19:24:20.554 SEVERE [Thread-2] org.apache.catalina.loader.WebappClassLoaderBase.checkThreadLocalMapForLeaks The web application [OAuth2Client] created a ThreadLocal with key of type [java.lang.ThreadLocal] (value [java.lang.ThreadLocal@2a761c83]) and a value of type [com.mongodb.client.internal.MongoDatabaseImpl] (value [com.mongodb.client.internal.MongoDatabaseImpl@13ddb328]) but failed to remove it when the web application was stopped. Threads are going to be renewed over time to try and avoid a probable memory leak.
11-May-2024 19:24:20.575 INFO [Thread-2] org.apache.coyote.AbstractProtocol.stop Stopping ProtocolHandler ["http-nio-8509"]
11-May-2024 19:24:20.591 INFO [Thread-2] org.apache.coyote.AbstractProtocol.stop Stopping ProtocolHandler ["https-jsse-nio-8543"]
11-May-2024 19:24:20.611 INFO [Thread-2] org.apache.coyote.AbstractProtocol.destroy Destroying ProtocolHandler ["http-nio-8509"]
11-May-2024 19:24:20.611 INFO [Thread-2] org.apache.coyote.AbstractProtocol.destroy Destroying ProtocolHandler ["https-jsse-nio-8543"]

2024-05-11 19:24:22 Apache Commons Daemon procrun stderr initialized.
WARNING: java.io.tmpdir directory does not exist
11-May-2024 19:24:22.601 WARNING [main] org.apache.tomcat.util.digester.SetPropertiesRule.begin Match [Server/Service/Connector] failed to set property [ssLProtocol] to [TLS]
11-May-2024 19:24:22.607 WARNING [main] org.apache.tomcat.util.digester.SetPropertiesRule.begin Match [Server/Service/Connector] failed to set property [storeType] to [pkcs12]
11-May-2024 19:24:22.641 INFO [main] org.apache.catalina.startup.VersionLoggerListener.log Server version name:   Apache Tomcat/9.0.80
11-May-2024 19:24:22.641 INFO [main] org.apache.catalina.startup.VersionLoggerListener.log Server built:          Aug 23 2023 21:59:38 UTC
11-May-2024 19:24:22.641 INFO [main] org.apache.catalina.startup.VersionLoggerListener.log Server version number: 9.0.80.0
11-May-2024 19:24:22.641 INFO [main] org.apache.catalina.startup.VersionLoggerListener.log OS Name:               Windows 11
11-May-2024 19:24:22.641 INFO [main] org.apache.catalina.startup.VersionLoggerListener.log OS Version:            10.0
11-May-2024 19:24:22.641 INFO [main] org.apache.catalina.startup.VersionLoggerListener.log Architecture:          amd64
11-May-2024 19:24:22.641 INFO [main] org.apache.catalina.startup.VersionLoggerListener.log Java Home:             C:\Program Files\Java\jdk-20
11-May-2024 19:24:22.641 INFO [main] org.apache.catalina.startup.VersionLoggerListener.log JVM Version:           20.0.1+9-29
11-May-2024 19:24:22.642 INFO [main] org.apache.catalina.startup.VersionLoggerListener.log JVM Vendor:            Oracle Corporation
11-May-2024 19:24:22.642 INFO [main] org.apache.catalina.startup.VersionLoggerListener.log CATALINA_BASE:         C:\Tomcat5
11-May-2024 19:24:22.642 INFO [main] org.apache.catalina.startup.VersionLoggerListener.log CATALINA_HOME:         C:\Tomcat5
11-May-2024 19:24:22.643 INFO [main] org.apache.catalina.startup.VersionLoggerListener.log Command line argument: -Dcatalina.home=c:\Tomcat5
11-May-2024 19:24:22.643 INFO [main] org.apache.catalina.startup.VersionLoggerListener.log Command line argument: -Dcatalina.base=c:\Tomcat5
11-May-2024 19:24:22.643 INFO [main] org.apache.catalina.startup.VersionLoggerListener.log Command line argument: -Dignore.endorsed.dirs=c:\Tomcat5\endorsed
11-May-2024 19:24:22.643 INFO [main] org.apache.catalina.startup.VersionLoggerListener.log Command line argument: -Djava.io.tmpdir=c:\Tomcat5\temp
11-May-2024 19:24:22.643 INFO [main] org.apache.catalina.startup.VersionLoggerListener.log Command line argument: -Djava.util.logging.manager=org.apache.juli.ClassLoaderLogManager
11-May-2024 19:24:22.643 INFO [main] org.apache.catalina.startup.VersionLoggerListener.log Command line argument: -Djava.util.logging.config.file=c:\Tomcat5\conf\logging.properties
11-May-2024 19:24:22.643 INFO [main] org.apache.catalina.startup.VersionLoggerListener.log Command line argument: --add-opens=java.base/java.lang=ALL-UNNAMED
11-May-2024 19:24:22.644 INFO [main] org.apache.catalina.startup.VersionLoggerListener.log Command line argument: --add-opens=java.base/java.io=ALL-UNNAMED
11-May-2024 19:24:22.644 INFO [main] org.apache.catalina.startup.VersionLoggerListener.log Command line argument: --add-opens=java.base/java.util=ALL-UNNAMED
11-May-2024 19:24:22.644 INFO [main] org.apache.catalina.startup.VersionLoggerListener.log Command line argument: --add-opens=java.base/java.util.concurrent=ALL-UNNAMED
11-May-2024 19:24:22.644 INFO [main] org.apache.catalina.startup.VersionLoggerListener.log Command line argument: --add-opens=java.rmi/sun.rmi.transport=ALL-UNNAMED
11-May-2024 19:24:22.644 INFO [main] org.apache.catalina.startup.VersionLoggerListener.log Command line argument: exit
11-May-2024 19:24:22.644 INFO [main] org.apache.catalina.startup.VersionLoggerListener.log Command line argument: abort
11-May-2024 19:24:22.644 INFO [main] org.apache.catalina.startup.VersionLoggerListener.log Command line argument: -Xms128m
11-May-2024 19:24:22.644 INFO [main] org.apache.catalina.startup.VersionLoggerListener.log Command line argument: -Xmx256m
11-May-2024 19:24:22.648 INFO [main] org.apache.catalina.core.AprLifecycleListener.lifecycleEvent The Apache Tomcat Native library which allows using OpenSSL was not found on the java.library.path: [c:\Tomcat5\bin;C:\windows\Sun\Java\bin;C:\windows\system32;C:\windows;C:\Program Files\Java\jdk-20\bin;C:\windows\system32;C:\windows;C:\windows\System32\Wbem;C:\windows\System32\WindowsPowerShell\v1.0\;C:\windows\System32\OpenSSH\;C:\Program Files (x86)\NVIDIA Corporation\PhysX\Common;C:\Program Files\NVIDIA Corporation\NVIDIA NvDLISR;C:\Program Files\MySQL\MySQL Server 8.0\bin;C:\Program Files\Java\jdk-20\bin;C:\Program Files\Git\cmd;C:\windows\ServiceProfiles\LocalService\AppData\Local\Microsoft\WindowsApps;.]
11-May-2024 19:24:22.954 INFO [main] org.apache.coyote.AbstractProtocol.init Initializing ProtocolHandler ["http-nio-8509"]
11-May-2024 19:24:22.978 INFO [main] org.apache.coyote.AbstractProtocol.init Initializing ProtocolHandler ["https-jsse-nio-8543"]
11-May-2024 19:24:23.291 INFO [main] org.apache.tomcat.util.net.AbstractEndpoint.logCertificate Connector [https-jsse-nio-8543], TLS virtual host [_default_], certificate type [UNDEFINED] configured from keystore [conf/OAuth2Client.jks] using alias [client] with trust store [conf/trust.jks]
11-May-2024 19:24:23.293 INFO [main] org.apache.catalina.startup.Catalina.load Server initialization in [845] milliseconds
11-May-2024 19:24:23.318 WARNING [main] java.util.ArrayList.forEach Name = dsUsers Property maxActive is not used in DBCP2, use maxTotal instead. maxTotal default value is 8. You have set value of "100" for "maxActive" property, which is being ignored.
11-May-2024 19:24:23.318 WARNING [main] java.util.ArrayList.forEach Name = dsUsers Property maxWait is not used in DBCP2 , use maxWaitMillis instead. maxWaitMillis default value is PT-0.001S. You have set value of "10000" for "maxWait" property, which is being ignored.
11-May-2024 19:24:23.319 INFO [main] java.util.ArrayList.forEach Name = dsUsers Ignoring unknown property: value of "jdbc/dsUsers" for "global" property
11-May-2024 19:24:23.373 INFO [main] org.apache.catalina.core.StandardService.startInternal Starting service [Catalina]
11-May-2024 19:24:23.374 INFO [main] org.apache.catalina.core.StandardEngine.startInternal Starting Servlet engine: [Apache Tomcat/9.0.80]
11-May-2024 19:24:23.392 INFO [main] org.apache.catalina.startup.HostConfig.deployWAR Deploying web application archive [C:\Tomcat5\webapps\OAuth2Client.war]
11-May-2024 19:24:25.798 INFO [main] org.apache.jasper.servlet.TldScanner.scanJars At least one JAR was scanned for TLDs yet contained no TLDs. Enable debug logging for this logger for a complete list of JARs that were scanned but no TLDs were found in them. Skipping unneeded JARs during scanning can improve startup time and JSP compilation time.
11-May-2024 19:24:25.866 INFO [main] org.apache.catalina.startup.HostConfig.deployWAR Deployment of web application archive [C:\Tomcat5\webapps\OAuth2Client.war] has finished in [2,475] ms
11-May-2024 19:24:25.868 INFO [main] org.apache.catalina.startup.HostConfig.deployDirectory Deploying web application directory [C:\Tomcat5\webapps\docs]
11-May-2024 19:24:26.172 INFO [main] org.apache.jasper.servlet.TldScanner.scanJars At least one JAR was scanned for TLDs yet contained no TLDs. Enable debug logging for this logger for a complete list of JARs that were scanned but no TLDs were found in them. Skipping unneeded JARs during scanning can improve startup time and JSP compilation time.
11-May-2024 19:24:26.177 INFO [main] org.apache.catalina.startup.HostConfig.deployDirectory Deployment of web application directory [C:\Tomcat5\webapps\docs] has finished in [309] ms
11-May-2024 19:24:26.177 INFO [main] org.apache.catalina.startup.HostConfig.deployDirectory Deploying web application directory [C:\Tomcat5\webapps\examples]
11-May-2024 19:24:26.771 INFO [main] org.apache.jasper.servlet.TldScanner.scanJars At least one JAR was scanned for TLDs yet contained no TLDs. Enable debug logging for this logger for a complete list of JARs that were scanned but no TLDs were found in them. Skipping unneeded JARs during scanning can improve startup time and JSP compilation time.
11-May-2024 19:24:26.816 INFO [main] org.apache.catalina.core.ApplicationContext.log ContextListener: contextInitialized()
11-May-2024 19:24:26.816 INFO [main] org.apache.catalina.core.ApplicationContext.log SessionListener: contextInitialized()
11-May-2024 19:24:26.817 INFO [main] org.apache.catalina.core.ApplicationContext.log ContextListener: attributeAdded('StockTicker', 'async.Stockticker@1ad27a73')
11-May-2024 19:24:26.826 INFO [main] org.apache.catalina.startup.HostConfig.deployDirectory Deployment of web application directory [C:\Tomcat5\webapps\examples] has finished in [649] ms
11-May-2024 19:24:26.826 INFO [main] org.apache.catalina.startup.HostConfig.deployDirectory Deploying web application directory [C:\Tomcat5\webapps\host-manager]
11-May-2024 19:24:27.113 INFO [main] org.apache.jasper.servlet.TldScanner.scanJars At least one JAR was scanned for TLDs yet contained no TLDs. Enable debug logging for this logger for a complete list of JARs that were scanned but no TLDs were found in them. Skipping unneeded JARs during scanning can improve startup time and JSP compilation time.
11-May-2024 19:24:27.118 INFO [main] org.apache.catalina.startup.HostConfig.deployDirectory Deployment of web application directory [C:\Tomcat5\webapps\host-manager] has finished in [292] ms
11-May-2024 19:24:27.118 INFO [main] org.apache.catalina.startup.HostConfig.deployDirectory Deploying web application directory [C:\Tomcat5\webapps\manager]
11-May-2024 19:24:27.409 INFO [main] org.apache.jasper.servlet.TldScanner.scanJars At least one JAR was scanned for TLDs yet contained no TLDs. Enable debug logging for this logger for a complete list of JARs that were scanned but no TLDs were found in them. Skipping unneeded JARs during scanning can improve startup time and JSP compilation time.
11-May-2024 19:24:27.413 INFO [main] org.apache.catalina.startup.HostConfig.deployDirectory Deployment of web application directory [C:\Tomcat5\webapps\manager] has finished in [295] ms
11-May-2024 19:24:27.413 INFO [main] org.apache.catalina.startup.HostConfig.deployDirectory Deploying web application directory [C:\Tomcat5\webapps\ROOT]
11-May-2024 19:24:27.696 INFO [main] org.apache.jasper.servlet.TldScanner.scanJars At least one JAR was scanned for TLDs yet contained no TLDs. Enable debug logging for this logger for a complete list of JARs that were scanned but no TLDs were found in them. Skipping unneeded JARs during scanning can improve startup time and JSP compilation time.
11-May-2024 19:24:27.698 INFO [main] org.apache.catalina.startup.HostConfig.deployDirectory Deployment of web application directory [C:\Tomcat5\webapps\ROOT] has finished in [285] ms
11-May-2024 19:24:27.700 SEVERE [main] org.apache.catalina.mapper.MapperListener.findDefaultHost Unknown default host [localhost] for service [StandardService[Catalina]]. Tomcat will not be able process HTTP/1.0 requests that do not specify a host name.
11-May-2024 19:24:27.701 SEVERE [main] org.apache.catalina.mapper.MapperListener.findDefaultHost Unknown default host [localhost] for service [StandardService[Catalina]]. Tomcat will not be able process HTTP/1.0 requests that do not specify a host name.
11-May-2024 19:24:27.701 INFO [main] org.apache.coyote.AbstractProtocol.start Starting ProtocolHandler ["http-nio-8509"]
11-May-2024 19:24:27.719 INFO [main] org.apache.coyote.AbstractProtocol.start Starting ProtocolHandler ["https-jsse-nio-8543"]
11-May-2024 19:24:27.722 INFO [main] org.apache.catalina.startup.Catalina.start Server startup in [4427] milliseconds
SLF4J: Failed to load class "org.slf4j.impl.StaticLoggerBinder".
SLF4J: Defaulting to no-operation (NOP) logger implementation
SLF4J: See http://www.slf4j.org/codes.html#StaticLoggerBinder for further details.
11-May-2024 19:24:53.104 INFO [https-jsse-nio-8543-exec-10] UserAuthorizationHandler.doGet ClientRepository
11-May-2024 19:24:53.220 INFO [https-jsse-nio-8543-exec-10] UserAuthorizationHandler.doGet {"_id": {"$oid": "663a277bfaa9523498eac7cc"}, "client_id": "YqcEqGPFfI77eWW15qZ_ZWM-0o-biww7bmzxaZ2kw4I", "client_secret": "fea2febd80a75cc783e8c0aeaf22b87886c23636c5634894accfebeb1140385d", "client_id_issued_at": {"$date": "2024-05-07T13:07:07Z"}, "jwks_uri": "https://oauth2server:8643/oauth2server/WebKeySet", "redirect_uri": "https://OAuth2Client:8543/oauth2client/GetCode"}
11-May-2024 19:24:53.222 INFO [https-jsse-nio-8543-exec-10] UserAuthorizationHandler.doGet YqcEqGPFfI77eWW15qZ_ZWM-0o-biww7bmzxaZ2kw4I
11-May-2024 19:26:26.214 INFO [Thread-2] org.apache.coyote.AbstractProtocol.pause Pausing ProtocolHandler ["http-nio-8509"]
11-May-2024 19:26:26.226 INFO [Thread-2] org.apache.coyote.AbstractProtocol.pause Pausing ProtocolHandler ["https-jsse-nio-8543"]
11-May-2024 19:26:26.235 INFO [Thread-2] org.apache.catalina.core.StandardService.stopInternal Stopping service [Catalina]
11-May-2024 19:26:26.236 SEVERE [Thread-2] org.apache.catalina.mapper.MapperListener.findDefaultHost Unknown default host [localhost] for service [StandardService[Catalina]]. Tomcat will not be able process HTTP/1.0 requests that do not specify a host name.
11-May-2024 19:26:26.251 INFO [Thread-2] org.apache.catalina.core.ApplicationContext.log SessionListener: contextDestroyed()
11-May-2024 19:26:26.251 INFO [Thread-2] org.apache.catalina.core.ApplicationContext.log ContextListener: contextDestroyed()
11-May-2024 19:26:26.276 WARNING [Thread-2] org.apache.catalina.loader.WebappClassLoaderBase.clearReferencesThreads The web application [OAuth2Client] appears to have started a thread named [BufferPoolPruner-1-thread-1] but has failed to stop it. This is very likely to create a memory leak. Stack trace of thread:
 java.base/jdk.internal.misc.Unsafe.park(Native Method)
 java.base/java.util.concurrent.locks.LockSupport.parkNanos(LockSupport.java:269)
 java.base/java.util.concurrent.locks.AbstractQueuedSynchronizer$ConditionObject.awaitNanos(AbstractQueuedSynchronizer.java:1758)
 java.base/java.util.concurrent.ScheduledThreadPoolExecutor$DelayedWorkQueue.take(ScheduledThreadPoolExecutor.java:1182)
 java.base/java.util.concurrent.ScheduledThreadPoolExecutor$DelayedWorkQueue.take(ScheduledThreadPoolExecutor.java:899)
 java.base/java.util.concurrent.ThreadPoolExecutor.getTask(ThreadPoolExecutor.java:1070)
 java.base/java.util.concurrent.ThreadPoolExecutor.runWorker(ThreadPoolExecutor.java:1130)
 java.base/java.util.concurrent.ThreadPoolExecutor$Worker.run(ThreadPoolExecutor.java:642)
 java.base/java.lang.Thread.run(Thread.java:1623)
11-May-2024 19:26:26.276 WARNING [Thread-2] org.apache.catalina.loader.WebappClassLoaderBase.clearReferencesThreads The web application [OAuth2Client] appears to have started a thread named [cluster-ClusterId{value='663f78ac87cfa51ddbe1bdeb', description='null'}-oauth2client:27017] but has failed to stop it. This is very likely to create a memory leak. Stack trace of thread:
 java.base/sun.nio.ch.Net.poll(Native Method)
 java.base/sun.nio.ch.NioSocketImpl.park(NioSocketImpl.java:186)
 java.base/sun.nio.ch.NioSocketImpl.timedRead(NioSocketImpl.java:275)
 java.base/sun.nio.ch.NioSocketImpl.implRead(NioSocketImpl.java:299)
 java.base/sun.nio.ch.NioSocketImpl.read(NioSocketImpl.java:340)
 java.base/sun.nio.ch.NioSocketImpl$1.read(NioSocketImpl.java:789)
 java.base/java.net.Socket$SocketInputStream.read(Socket.java:1025)
 com.mongodb.internal.connection.SocketStream.read(SocketStream.java:175)
 com.mongodb.internal.connection.SocketStream.read(SocketStream.java:200)
 com.mongodb.internal.connection.InternalStreamConnection.receiveResponseBuffers(InternalStreamConnection.java:739)
 com.mongodb.internal.connection.InternalStreamConnection.receiveMessageWithAdditionalTimeout(InternalStreamConnection.java:603)
 com.mongodb.internal.connection.InternalStreamConnection.receiveCommandMessageResponse(InternalStreamConnection.java:451)
 com.mongodb.internal.connection.InternalStreamConnection.receive(InternalStreamConnection.java:404)
 com.mongodb.internal.connection.DefaultServerMonitor$ServerMonitorRunnable.lookupServerDescription(DefaultServerMonitor.java:224)
 com.mongodb.internal.connection.DefaultServerMonitor$ServerMonitorRunnable.run(DefaultServerMonitor.java:156)
 java.base/java.lang.Thread.run(Thread.java:1623)
11-May-2024 19:26:26.276 WARNING [Thread-2] org.apache.catalina.loader.WebappClassLoaderBase.clearReferencesThreads The web application [OAuth2Client] appears to have started a thread named [cluster-rtt-ClusterId{value='663f78ac87cfa51ddbe1bdeb', description='null'}-oauth2client:27017] but has failed to stop it. This is very likely to create a memory leak. Stack trace of thread:
 java.base/java.lang.Thread.sleep0(Native Method)
 java.base/java.lang.Thread.sleep(Thread.java:484)
 com.mongodb.internal.connection.DefaultServerMonitor.waitForNext(DefaultServerMonitor.java:442)
 com.mongodb.internal.connection.DefaultServerMonitor.access$1500(DefaultServerMonitor.java:68)
 com.mongodb.internal.connection.DefaultServerMonitor$RoundTripTimeRunnable.run(DefaultServerMonitor.java:413)
 java.base/java.lang.Thread.run(Thread.java:1623)
11-May-2024 19:26:26.277 WARNING [Thread-2] org.apache.catalina.loader.WebappClassLoaderBase.clearReferencesThreads The web application [OAuth2Client] appears to have started a thread named [MaintenanceTimer-2-thread-1] but has failed to stop it. This is very likely to create a memory leak. Stack trace of thread:
 java.base/jdk.internal.misc.Unsafe.park(Native Method)
 java.base/java.util.concurrent.locks.LockSupport.parkNanos(LockSupport.java:269)
 java.base/java.util.concurrent.locks.AbstractQueuedSynchronizer$ConditionObject.awaitNanos(AbstractQueuedSynchronizer.java:1758)
 java.base/java.util.concurrent.ScheduledThreadPoolExecutor$DelayedWorkQueue.take(ScheduledThreadPoolExecutor.java:1182)
 java.base/java.util.concurrent.ScheduledThreadPoolExecutor$DelayedWorkQueue.take(ScheduledThreadPoolExecutor.java:899)
 java.base/java.util.concurrent.ThreadPoolExecutor.getTask(ThreadPoolExecutor.java:1070)
 java.base/java.util.concurrent.ThreadPoolExecutor.runWorker(ThreadPoolExecutor.java:1130)
 java.base/java.util.concurrent.ThreadPoolExecutor$Worker.run(ThreadPoolExecutor.java:642)
 java.base/java.lang.Thread.run(Thread.java:1623)
11-May-2024 19:26:26.277 WARNING [Thread-2] org.apache.catalina.loader.WebappClassLoaderBase.clearReferencesThreads The web application [OAuth2Client] appears to have started a thread named [mysql-cj-abandoned-connection-cleanup] but has failed to stop it. This is very likely to create a memory leak. Stack trace of thread:
 java.base/jdk.internal.misc.Unsafe.park(Native Method)
 java.base/java.util.concurrent.locks.LockSupport.parkNanos(LockSupport.java:269)
 java.base/java.util.concurrent.locks.AbstractQueuedSynchronizer$ConditionObject.await(AbstractQueuedSynchronizer.java:1847)
 java.base/java.lang.ref.ReferenceQueue.await(ReferenceQueue.java:71)
 java.base/java.lang.ref.ReferenceQueue.remove0(ReferenceQueue.java:143)
 java.base/java.lang.ref.ReferenceQueue.remove(ReferenceQueue.java:218)
 com.mysql.cj.jdbc.AbandonedConnectionCleanupThread.run(AbandonedConnectionCleanupThread.java:91)
 java.base/java.util.concurrent.ThreadPoolExecutor.runWorker(ThreadPoolExecutor.java:1144)
 java.base/java.util.concurrent.ThreadPoolExecutor$Worker.run(ThreadPoolExecutor.java:642)
 java.base/java.lang.Thread.run(Thread.java:1623)
11-May-2024 19:26:26.278 SEVERE [Thread-2] org.apache.catalina.loader.WebappClassLoaderBase.checkThreadLocalMapForLeaks The web application [OAuth2Client] created a ThreadLocal with key of type [java.lang.ThreadLocal] (value [java.lang.ThreadLocal@35c0afc1]) and a value of type [com.mongodb.client.internal.MongoDatabaseImpl] (value [com.mongodb.client.internal.MongoDatabaseImpl@36b8e908]) but failed to remove it when the web application was stopped. Threads are going to be renewed over time to try and avoid a probable memory leak.
11-May-2024 19:26:26.285 INFO [Thread-2] org.apache.coyote.AbstractProtocol.stop Stopping ProtocolHandler ["http-nio-8509"]
11-May-2024 19:26:26.300 INFO [Thread-2] org.apache.coyote.AbstractProtocol.stop Stopping ProtocolHandler ["https-jsse-nio-8543"]
11-May-2024 19:26:26.317 INFO [Thread-2] org.apache.coyote.AbstractProtocol.destroy Destroying ProtocolHandler ["http-nio-8509"]
11-May-2024 19:26:26.318 INFO [Thread-2] org.apache.coyote.AbstractProtocol.destroy Destroying ProtocolHandler ["https-jsse-nio-8543"]

2024-05-11 19:26:40 Apache Commons Daemon procrun stderr initialized.
WARNING: java.io.tmpdir directory does not exist
11-May-2024 19:26:41.137 WARNING [main] org.apache.tomcat.util.digester.SetPropertiesRule.begin Match [Server/Service/Connector] failed to set property [ssLProtocol] to [TLS]
11-May-2024 19:26:41.143 WARNING [main] org.apache.tomcat.util.digester.SetPropertiesRule.begin Match [Server/Service/Connector] failed to set property [storeType] to [pkcs12]
11-May-2024 19:26:41.176 INFO [main] org.apache.catalina.startup.VersionLoggerListener.log Server version name:   Apache Tomcat/9.0.80
11-May-2024 19:26:41.176 INFO [main] org.apache.catalina.startup.VersionLoggerListener.log Server built:          Aug 23 2023 21:59:38 UTC
11-May-2024 19:26:41.176 INFO [main] org.apache.catalina.startup.VersionLoggerListener.log Server version number: 9.0.80.0
11-May-2024 19:26:41.176 INFO [main] org.apache.catalina.startup.VersionLoggerListener.log OS Name:               Windows 11
11-May-2024 19:26:41.176 INFO [main] org.apache.catalina.startup.VersionLoggerListener.log OS Version:            10.0
11-May-2024 19:26:41.177 INFO [main] org.apache.catalina.startup.VersionLoggerListener.log Architecture:          amd64
11-May-2024 19:26:41.177 INFO [main] org.apache.catalina.startup.VersionLoggerListener.log Java Home:             C:\Program Files\Java\jdk-20
11-May-2024 19:26:41.177 INFO [main] org.apache.catalina.startup.VersionLoggerListener.log JVM Version:           20.0.1+9-29
11-May-2024 19:26:41.177 INFO [main] org.apache.catalina.startup.VersionLoggerListener.log JVM Vendor:            Oracle Corporation
11-May-2024 19:26:41.177 INFO [main] org.apache.catalina.startup.VersionLoggerListener.log CATALINA_BASE:         C:\Tomcat5
11-May-2024 19:26:41.177 INFO [main] org.apache.catalina.startup.VersionLoggerListener.log CATALINA_HOME:         C:\Tomcat5
11-May-2024 19:26:41.177 INFO [main] org.apache.catalina.startup.VersionLoggerListener.log Command line argument: -Dcatalina.home=c:\Tomcat5
11-May-2024 19:26:41.178 INFO [main] org.apache.catalina.startup.VersionLoggerListener.log Command line argument: -Dcatalina.base=c:\Tomcat5
11-May-2024 19:26:41.178 INFO [main] org.apache.catalina.startup.VersionLoggerListener.log Command line argument: -Dignore.endorsed.dirs=c:\Tomcat5\endorsed
11-May-2024 19:26:41.178 INFO [main] org.apache.catalina.startup.VersionLoggerListener.log Command line argument: -Djava.io.tmpdir=c:\Tomcat5\temp
11-May-2024 19:26:41.178 INFO [main] org.apache.catalina.startup.VersionLoggerListener.log Command line argument: -Djava.util.logging.manager=org.apache.juli.ClassLoaderLogManager
11-May-2024 19:26:41.178 INFO [main] org.apache.catalina.startup.VersionLoggerListener.log Command line argument: -Djava.util.logging.config.file=c:\Tomcat5\conf\logging.properties
11-May-2024 19:26:41.178 INFO [main] org.apache.catalina.startup.VersionLoggerListener.log Command line argument: --add-opens=java.base/java.lang=ALL-UNNAMED
11-May-2024 19:26:41.178 INFO [main] org.apache.catalina.startup.VersionLoggerListener.log Command line argument: --add-opens=java.base/java.io=ALL-UNNAMED
11-May-2024 19:26:41.178 INFO [main] org.apache.catalina.startup.VersionLoggerListener.log Command line argument: --add-opens=java.base/java.util=ALL-UNNAMED
11-May-2024 19:26:41.178 INFO [main] org.apache.catalina.startup.VersionLoggerListener.log Command line argument: --add-opens=java.base/java.util.concurrent=ALL-UNNAMED
11-May-2024 19:26:41.178 INFO [main] org.apache.catalina.startup.VersionLoggerListener.log Command line argument: --add-opens=java.rmi/sun.rmi.transport=ALL-UNNAMED
11-May-2024 19:26:41.178 INFO [main] org.apache.catalina.startup.VersionLoggerListener.log Command line argument: exit
11-May-2024 19:26:41.180 INFO [main] org.apache.catalina.startup.VersionLoggerListener.log Command line argument: abort
11-May-2024 19:26:41.180 INFO [main] org.apache.catalina.startup.VersionLoggerListener.log Command line argument: -Xms128m
11-May-2024 19:26:41.180 INFO [main] org.apache.catalina.startup.VersionLoggerListener.log Command line argument: -Xmx256m
11-May-2024 19:26:41.184 INFO [main] org.apache.catalina.core.AprLifecycleListener.lifecycleEvent The Apache Tomcat Native library which allows using OpenSSL was not found on the java.library.path: [c:\Tomcat5\bin;C:\windows\Sun\Java\bin;C:\windows\system32;C:\windows;C:\Program Files\Java\jdk-20\bin;C:\windows\system32;C:\windows;C:\windows\System32\Wbem;C:\windows\System32\WindowsPowerShell\v1.0\;C:\windows\System32\OpenSSH\;C:\Program Files (x86)\NVIDIA Corporation\PhysX\Common;C:\Program Files\NVIDIA Corporation\NVIDIA NvDLISR;C:\Program Files\MySQL\MySQL Server 8.0\bin;C:\Program Files\Java\jdk-20\bin;C:\Program Files\Git\cmd;C:\windows\ServiceProfiles\LocalService\AppData\Local\Microsoft\WindowsApps;.]
11-May-2024 19:26:41.475 INFO [main] org.apache.coyote.AbstractProtocol.init Initializing ProtocolHandler ["http-nio-8509"]
11-May-2024 19:26:41.497 INFO [main] org.apache.coyote.AbstractProtocol.init Initializing ProtocolHandler ["https-jsse-nio-8543"]
11-May-2024 19:26:41.781 INFO [main] org.apache.tomcat.util.net.AbstractEndpoint.logCertificate Connector [https-jsse-nio-8543], TLS virtual host [_default_], certificate type [UNDEFINED] configured from keystore [conf/OAuth2Client.jks] using alias [client] with trust store [conf/trust.jks]
11-May-2024 19:26:41.782 INFO [main] org.apache.catalina.startup.Catalina.load Server initialization in [781] milliseconds
11-May-2024 19:26:41.803 WARNING [main] java.util.ArrayList.forEach Name = dsUsers Property maxActive is not used in DBCP2, use maxTotal instead. maxTotal default value is 8. You have set value of "100" for "maxActive" property, which is being ignored.
11-May-2024 19:26:41.803 WARNING [main] java.util.ArrayList.forEach Name = dsUsers Property maxWait is not used in DBCP2 , use maxWaitMillis instead. maxWaitMillis default value is PT-0.001S. You have set value of "10000" for "maxWait" property, which is being ignored.
11-May-2024 19:26:41.803 INFO [main] java.util.ArrayList.forEach Name = dsUsers Ignoring unknown property: value of "jdbc/dsUsers" for "global" property
11-May-2024 19:26:41.853 INFO [main] org.apache.catalina.core.StandardService.startInternal Starting service [Catalina]
11-May-2024 19:26:41.854 INFO [main] org.apache.catalina.core.StandardEngine.startInternal Starting Servlet engine: [Apache Tomcat/9.0.80]
11-May-2024 19:26:41.870 INFO [main] org.apache.catalina.startup.HostConfig.deployWAR Deploying web application archive [C:\Tomcat5\webapps\OAuth2Client.war]
11-May-2024 19:26:44.137 INFO [main] org.apache.jasper.servlet.TldScanner.scanJars At least one JAR was scanned for TLDs yet contained no TLDs. Enable debug logging for this logger for a complete list of JARs that were scanned but no TLDs were found in them. Skipping unneeded JARs during scanning can improve startup time and JSP compilation time.
11-May-2024 19:26:44.202 INFO [main] org.apache.catalina.startup.HostConfig.deployWAR Deployment of web application archive [C:\Tomcat5\webapps\OAuth2Client.war] has finished in [2,332] ms
11-May-2024 19:26:44.203 INFO [main] org.apache.catalina.startup.HostConfig.deployDirectory Deploying web application directory [C:\Tomcat5\webapps\docs]
11-May-2024 19:26:44.504 INFO [main] org.apache.jasper.servlet.TldScanner.scanJars At least one JAR was scanned for TLDs yet contained no TLDs. Enable debug logging for this logger for a complete list of JARs that were scanned but no TLDs were found in them. Skipping unneeded JARs during scanning can improve startup time and JSP compilation time.
11-May-2024 19:26:44.509 INFO [main] org.apache.catalina.startup.HostConfig.deployDirectory Deployment of web application directory [C:\Tomcat5\webapps\docs] has finished in [306] ms
11-May-2024 19:26:44.509 INFO [main] org.apache.catalina.startup.HostConfig.deployDirectory Deploying web application directory [C:\Tomcat5\webapps\examples]
11-May-2024 19:26:45.068 INFO [main] org.apache.jasper.servlet.TldScanner.scanJars At least one JAR was scanned for TLDs yet contained no TLDs. Enable debug logging for this logger for a complete list of JARs that were scanned but no TLDs were found in them. Skipping unneeded JARs during scanning can improve startup time and JSP compilation time.
11-May-2024 19:26:45.107 INFO [main] org.apache.catalina.core.ApplicationContext.log ContextListener: contextInitialized()
11-May-2024 19:26:45.108 INFO [main] org.apache.catalina.core.ApplicationContext.log SessionListener: contextInitialized()
11-May-2024 19:26:45.109 INFO [main] org.apache.catalina.core.ApplicationContext.log ContextListener: attributeAdded('StockTicker', 'async.Stockticker@5a3783e4')
11-May-2024 19:26:45.118 INFO [main] org.apache.catalina.startup.HostConfig.deployDirectory Deployment of web application directory [C:\Tomcat5\webapps\examples] has finished in [609] ms
11-May-2024 19:26:45.118 INFO [main] org.apache.catalina.startup.HostConfig.deployDirectory Deploying web application directory [C:\Tomcat5\webapps\host-manager]
11-May-2024 19:26:45.403 INFO [main] org.apache.jasper.servlet.TldScanner.scanJars At least one JAR was scanned for TLDs yet contained no TLDs. Enable debug logging for this logger for a complete list of JARs that were scanned but no TLDs were found in them. Skipping unneeded JARs during scanning can improve startup time and JSP compilation time.
11-May-2024 19:26:45.410 INFO [main] org.apache.catalina.startup.HostConfig.deployDirectory Deployment of web application directory [C:\Tomcat5\webapps\host-manager] has finished in [291] ms
11-May-2024 19:26:45.410 INFO [main] org.apache.catalina.startup.HostConfig.deployDirectory Deploying web application directory [C:\Tomcat5\webapps\manager]
11-May-2024 19:26:45.729 INFO [main] org.apache.jasper.servlet.TldScanner.scanJars At least one JAR was scanned for TLDs yet contained no TLDs. Enable debug logging for this logger for a complete list of JARs that were scanned but no TLDs were found in them. Skipping unneeded JARs during scanning can improve startup time and JSP compilation time.
11-May-2024 19:26:45.733 INFO [main] org.apache.catalina.startup.HostConfig.deployDirectory Deployment of web application directory [C:\Tomcat5\webapps\manager] has finished in [323] ms
11-May-2024 19:26:45.734 INFO [main] org.apache.catalina.startup.HostConfig.deployDirectory Deploying web application directory [C:\Tomcat5\webapps\ROOT]
11-May-2024 19:26:46.036 INFO [main] org.apache.jasper.servlet.TldScanner.scanJars At least one JAR was scanned for TLDs yet contained no TLDs. Enable debug logging for this logger for a complete list of JARs that were scanned but no TLDs were found in them. Skipping unneeded JARs during scanning can improve startup time and JSP compilation time.
11-May-2024 19:26:46.039 INFO [main] org.apache.catalina.startup.HostConfig.deployDirectory Deployment of web application directory [C:\Tomcat5\webapps\ROOT] has finished in [304] ms
11-May-2024 19:26:46.041 SEVERE [main] org.apache.catalina.mapper.MapperListener.findDefaultHost Unknown default host [localhost] for service [StandardService[Catalina]]. Tomcat will not be able process HTTP/1.0 requests that do not specify a host name.
11-May-2024 19:26:46.041 SEVERE [main] org.apache.catalina.mapper.MapperListener.findDefaultHost Unknown default host [localhost] for service [StandardService[Catalina]]. Tomcat will not be able process HTTP/1.0 requests that do not specify a host name.
11-May-2024 19:26:46.042 INFO [main] org.apache.coyote.AbstractProtocol.start Starting ProtocolHandler ["http-nio-8509"]
11-May-2024 19:26:46.060 INFO [main] org.apache.coyote.AbstractProtocol.start Starting ProtocolHandler ["https-jsse-nio-8543"]
11-May-2024 19:26:46.065 INFO [main] org.apache.catalina.startup.Catalina.start Server startup in [4281] milliseconds
SLF4J: Failed to load class "org.slf4j.impl.StaticLoggerBinder".
SLF4J: Defaulting to no-operation (NOP) logger implementation
SLF4J: See http://www.slf4j.org/codes.html#StaticLoggerBinder for further details.
11-May-2024 19:31:53.611 INFO [https-jsse-nio-8543-exec-10] UserAuthorizationHandler.doGet ClientRepository
11-May-2024 19:31:53.723 INFO [https-jsse-nio-8543-exec-10] UserAuthorizationHandler.doGet {"_id": {"$oid": "663a277bfaa9523498eac7cc"}, "client_id": "YqcEqGPFfI77eWW15qZ_ZWM-0o-biww7bmzxaZ2kw4I", "client_secret": "fea2febd80a75cc783e8c0aeaf22b87886c23636c5634894accfebeb1140385d", "client_id_issued_at": {"$date": "2024-05-07T13:07:07Z"}, "jwks_uri": "https://oauth2server:8643/oauth2server/WebKeySet", "redirect_uri": "https://OAuth2Client:8543/oauth2client/GetCode"}
11-May-2024 19:31:53.725 INFO [https-jsse-nio-8543-exec-10] UserAuthorizationHandler.doGet YqcEqGPFfI77eWW15qZ_ZWM-0o-biww7bmzxaZ2kw4I
11-May-2024 19:36:49.769 INFO [https-jsse-nio-8543-exec-7] UserAuthorizationHandler.doGet ClientRepository
11-May-2024 19:36:49.826 INFO [https-jsse-nio-8543-exec-7] UserAuthorizationHandler.doGet {"_id": {"$oid": "663a277bfaa9523498eac7cc"}, "client_id": "YqcEqGPFfI77eWW15qZ_ZWM-0o-biww7bmzxaZ2kw4I", "client_secret": "fea2febd80a75cc783e8c0aeaf22b87886c23636c5634894accfebeb1140385d", "client_id_issued_at": {"$date": "2024-05-07T13:07:07Z"}, "jwks_uri": "https://oauth2server:8643/oauth2server/WebKeySet", "redirect_uri": "https://OAuth2Client:8543/oauth2client/GetCode"}
11-May-2024 19:36:49.827 INFO [https-jsse-nio-8543-exec-7] UserAuthorizationHandler.doGet YqcEqGPFfI77eWW15qZ_ZWM-0o-biww7bmzxaZ2kw4I
12-May-2024 16:31:12.066 INFO [Thread-2] org.apache.coyote.AbstractProtocol.pause Pausing ProtocolHandler ["http-nio-8509"]
12-May-2024 16:31:12.177 INFO [Thread-2] org.apache.coyote.AbstractProtocol.pause Pausing ProtocolHandler ["https-jsse-nio-8543"]
12-May-2024 16:31:12.198 INFO [Thread-2] org.apache.catalina.core.StandardService.stopInternal Stopping service [Catalina]
12-May-2024 16:31:12.258 SEVERE [Thread-2] org.apache.catalina.mapper.MapperListener.findDefaultHost Unknown default host [localhost] for service [StandardService[Catalina]]. Tomcat will not be able process HTTP/1.0 requests that do not specify a host name.
12-May-2024 16:31:12.546 INFO [Thread-2] org.apache.catalina.core.ApplicationContext.log SessionListener: contextDestroyed()
12-May-2024 16:31:12.546 INFO [Thread-2] org.apache.catalina.core.ApplicationContext.log ContextListener: contextDestroyed()
12-May-2024 16:31:13.029 WARNING [Thread-2] org.apache.catalina.loader.WebappClassLoaderBase.clearReferencesThreads The web application [OAuth2Client] appears to have started a thread named [BufferPoolPruner-1-thread-1] but has failed to stop it. This is very likely to create a memory leak. Stack trace of thread:
 java.base/jdk.internal.misc.Unsafe.park(Native Method)
 java.base/java.util.concurrent.locks.LockSupport.parkNanos(LockSupport.java:269)
 java.base/java.util.concurrent.locks.AbstractQueuedSynchronizer$ConditionObject.awaitNanos(AbstractQueuedSynchronizer.java:1758)
 java.base/java.util.concurrent.ScheduledThreadPoolExecutor$DelayedWorkQueue.take(ScheduledThreadPoolExecutor.java:1182)
 java.base/java.util.concurrent.ScheduledThreadPoolExecutor$DelayedWorkQueue.take(ScheduledThreadPoolExecutor.java:899)
 java.base/java.util.concurrent.ThreadPoolExecutor.getTask(ThreadPoolExecutor.java:1070)
 java.base/java.util.concurrent.ThreadPoolExecutor.runWorker(ThreadPoolExecutor.java:1130)
 java.base/java.util.concurrent.ThreadPoolExecutor$Worker.run(ThreadPoolExecutor.java:642)
 java.base/java.lang.Thread.run(Thread.java:1623)
12-May-2024 16:31:13.033 WARNING [Thread-2] org.apache.catalina.loader.WebappClassLoaderBase.clearReferencesThreads The web application [OAuth2Client] appears to have started a thread named [cluster-ClusterId{value='663f7a51bb025118bd8a0aff', description='null'}-oauth2client:27017] but has failed to stop it. This is very likely to create a memory leak. Stack trace of thread:
 java.base/sun.nio.ch.Net.poll(Native Method)
 java.base/sun.nio.ch.NioSocketImpl.park(NioSocketImpl.java:186)
 java.base/sun.nio.ch.NioSocketImpl.timedRead(NioSocketImpl.java:275)
 java.base/sun.nio.ch.NioSocketImpl.implRead(NioSocketImpl.java:299)
 java.base/sun.nio.ch.NioSocketImpl.read(NioSocketImpl.java:340)
 java.base/sun.nio.ch.NioSocketImpl$1.read(NioSocketImpl.java:789)
 java.base/java.net.Socket$SocketInputStream.read(Socket.java:1025)
 com.mongodb.internal.connection.SocketStream.read(SocketStream.java:175)
 com.mongodb.internal.connection.SocketStream.read(SocketStream.java:200)
 com.mongodb.internal.connection.InternalStreamConnection.receiveResponseBuffers(InternalStreamConnection.java:739)
 com.mongodb.internal.connection.InternalStreamConnection.receiveMessageWithAdditionalTimeout(InternalStreamConnection.java:603)
 com.mongodb.internal.connection.InternalStreamConnection.receiveCommandMessageResponse(InternalStreamConnection.java:451)
 com.mongodb.internal.connection.InternalStreamConnection.receive(InternalStreamConnection.java:404)
 com.mongodb.internal.connection.DefaultServerMonitor$ServerMonitorRunnable.lookupServerDescription(DefaultServerMonitor.java:224)
 com.mongodb.internal.connection.DefaultServerMonitor$ServerMonitorRunnable.run(DefaultServerMonitor.java:156)
 java.base/java.lang.Thread.run(Thread.java:1623)
12-May-2024 16:31:13.034 WARNING [Thread-2] org.apache.catalina.loader.WebappClassLoaderBase.clearReferencesThreads The web application [OAuth2Client] appears to have started a thread named [cluster-rtt-ClusterId{value='663f7a51bb025118bd8a0aff', description='null'}-oauth2client:27017] but has failed to stop it. This is very likely to create a memory leak. Stack trace of thread:
 java.base/java.lang.Thread.sleep0(Native Method)
 java.base/java.lang.Thread.sleep(Thread.java:484)
 com.mongodb.internal.connection.DefaultServerMonitor.waitForNext(DefaultServerMonitor.java:442)
 com.mongodb.internal.connection.DefaultServerMonitor.access$1500(DefaultServerMonitor.java:68)
 com.mongodb.internal.connection.DefaultServerMonitor$RoundTripTimeRunnable.run(DefaultServerMonitor.java:413)
 java.base/java.lang.Thread.run(Thread.java:1623)
12-May-2024 16:31:13.034 WARNING [Thread-2] org.apache.catalina.loader.WebappClassLoaderBase.clearReferencesThreads The web application [OAuth2Client] appears to have started a thread named [MaintenanceTimer-2-thread-1] but has failed to stop it. This is very likely to create a memory leak. Stack trace of thread:
 java.base/jdk.internal.misc.Unsafe.park(Native Method)
 java.base/java.util.concurrent.locks.LockSupport.parkNanos(LockSupport.java:269)
 java.base/java.util.concurrent.locks.AbstractQueuedSynchronizer$ConditionObject.awaitNanos(AbstractQueuedSynchronizer.java:1758)
 java.base/java.util.concurrent.ScheduledThreadPoolExecutor$DelayedWorkQueue.take(ScheduledThreadPoolExecutor.java:1182)
 java.base/java.util.concurrent.ScheduledThreadPoolExecutor$DelayedWorkQueue.take(ScheduledThreadPoolExecutor.java:899)
 java.base/java.util.concurrent.ThreadPoolExecutor.getTask(ThreadPoolExecutor.java:1070)
 java.base/java.util.concurrent.ThreadPoolExecutor.runWorker(ThreadPoolExecutor.java:1130)
 java.base/java.util.concurrent.ThreadPoolExecutor$Worker.run(ThreadPoolExecutor.java:642)
 java.base/java.lang.Thread.run(Thread.java:1623)
12-May-2024 16:31:13.035 WARNING [Thread-2] org.apache.catalina.loader.WebappClassLoaderBase.clearReferencesThreads The web application [OAuth2Client] appears to have started a thread named [cluster-ClusterId{value='663f7b79bb025118bd8a0b01', description='null'}-oauth2client:27017] but has failed to stop it. This is very likely to create a memory leak. Stack trace of thread:
 java.base/sun.nio.ch.Net.poll(Native Method)
 java.base/sun.nio.ch.NioSocketImpl.park(NioSocketImpl.java:186)
 java.base/sun.nio.ch.NioSocketImpl.timedRead(NioSocketImpl.java:275)
 java.base/sun.nio.ch.NioSocketImpl.implRead(NioSocketImpl.java:299)
 java.base/sun.nio.ch.NioSocketImpl.read(NioSocketImpl.java:340)
 java.base/sun.nio.ch.NioSocketImpl$1.read(NioSocketImpl.java:789)
 java.base/java.net.Socket$SocketInputStream.read(Socket.java:1025)
 com.mongodb.internal.connection.SocketStream.read(SocketStream.java:175)
 com.mongodb.internal.connection.SocketStream.read(SocketStream.java:200)
 com.mongodb.internal.connection.InternalStreamConnection.receiveResponseBuffers(InternalStreamConnection.java:739)
 com.mongodb.internal.connection.InternalStreamConnection.receiveMessageWithAdditionalTimeout(InternalStreamConnection.java:603)
 com.mongodb.internal.connection.InternalStreamConnection.receiveCommandMessageResponse(InternalStreamConnection.java:451)
 com.mongodb.internal.connection.InternalStreamConnection.receive(InternalStreamConnection.java:404)
 com.mongodb.internal.connection.DefaultServerMonitor$ServerMonitorRunnable.lookupServerDescription(DefaultServerMonitor.java:224)
 com.mongodb.internal.connection.DefaultServerMonitor$ServerMonitorRunnable.run(DefaultServerMonitor.java:156)
 java.base/java.lang.Thread.run(Thread.java:1623)
12-May-2024 16:31:13.035 WARNING [Thread-2] org.apache.catalina.loader.WebappClassLoaderBase.clearReferencesThreads The web application [OAuth2Client] appears to have started a thread named [cluster-rtt-ClusterId{value='663f7b79bb025118bd8a0b01', description='null'}-oauth2client:27017] but has failed to stop it. This is very likely to create a memory leak. Stack trace of thread:
 java.base/java.lang.Thread.sleep0(Native Method)
 java.base/java.lang.Thread.sleep(Thread.java:484)
 com.mongodb.internal.connection.DefaultServerMonitor.waitForNext(DefaultServerMonitor.java:442)
 com.mongodb.internal.connection.DefaultServerMonitor.access$1500(DefaultServerMonitor.java:68)
 com.mongodb.internal.connection.DefaultServerMonitor$RoundTripTimeRunnable.run(DefaultServerMonitor.java:413)
 java.base/java.lang.Thread.run(Thread.java:1623)
12-May-2024 16:31:13.035 WARNING [Thread-2] org.apache.catalina.loader.WebappClassLoaderBase.clearReferencesThreads The web application [OAuth2Client] appears to have started a thread named [MaintenanceTimer-3-thread-1] but has failed to stop it. This is very likely to create a memory leak. Stack trace of thread:
 java.base/jdk.internal.misc.Unsafe.park(Native Method)
 java.base/java.util.concurrent.locks.LockSupport.parkNanos(LockSupport.java:269)
 java.base/java.util.concurrent.locks.AbstractQueuedSynchronizer$ConditionObject.awaitNanos(AbstractQueuedSynchronizer.java:1758)
 java.base/java.util.concurrent.ScheduledThreadPoolExecutor$DelayedWorkQueue.take(ScheduledThreadPoolExecutor.java:1182)
 java.base/java.util.concurrent.ScheduledThreadPoolExecutor$DelayedWorkQueue.take(ScheduledThreadPoolExecutor.java:899)
 java.base/java.util.concurrent.ThreadPoolExecutor.getTask(ThreadPoolExecutor.java:1070)
 java.base/java.util.concurrent.ThreadPoolExecutor.runWorker(ThreadPoolExecutor.java:1130)
 java.base/java.util.concurrent.ThreadPoolExecutor$Worker.run(ThreadPoolExecutor.java:642)
 java.base/java.lang.Thread.run(Thread.java:1623)
12-May-2024 16:31:13.037 WARNING [Thread-2] org.apache.catalina.loader.WebappClassLoaderBase.clearReferencesThreads The web application [OAuth2Client] appears to have started a thread named [mysql-cj-abandoned-connection-cleanup] but has failed to stop it. This is very likely to create a memory leak. Stack trace of thread:
 java.base/jdk.internal.misc.Unsafe.park(Native Method)
 java.base/java.util.concurrent.locks.LockSupport.parkNanos(LockSupport.java:269)
 java.base/java.util.concurrent.locks.AbstractQueuedSynchronizer$ConditionObject.await(AbstractQueuedSynchronizer.java:1847)
 java.base/java.lang.ref.ReferenceQueue.await(ReferenceQueue.java:71)
 java.base/java.lang.ref.ReferenceQueue.remove0(ReferenceQueue.java:143)
 java.base/java.lang.ref.ReferenceQueue.remove(ReferenceQueue.java:218)
 com.mysql.cj.jdbc.AbandonedConnectionCleanupThread.run(AbandonedConnectionCleanupThread.java:91)
 java.base/java.util.concurrent.ThreadPoolExecutor.runWorker(ThreadPoolExecutor.java:1144)
 java.base/java.util.concurrent.ThreadPoolExecutor$Worker.run(ThreadPoolExecutor.java:642)
 java.base/java.lang.Thread.run(Thread.java:1623)
12-May-2024 16:31:13.039 SEVERE [Thread-2] org.apache.catalina.loader.WebappClassLoaderBase.checkThreadLocalMapForLeaks The web application [OAuth2Client] created a ThreadLocal with key of type [java.lang.ThreadLocal] (value [java.lang.ThreadLocal@507c67f]) and a value of type [com.mongodb.client.internal.MongoDatabaseImpl] (value [com.mongodb.client.internal.MongoDatabaseImpl@1f015d17]) but failed to remove it when the web application was stopped. Threads are going to be renewed over time to try and avoid a probable memory leak.
12-May-2024 16:31:13.040 SEVERE [Thread-2] org.apache.catalina.loader.WebappClassLoaderBase.checkThreadLocalMapForLeaks The web application [OAuth2Client] created a ThreadLocal with key of type [java.lang.ThreadLocal] (value [java.lang.ThreadLocal@507c67f]) and a value of type [com.mongodb.client.internal.MongoDatabaseImpl] (value [com.mongodb.client.internal.MongoDatabaseImpl@6bf9ed23]) but failed to remove it when the web application was stopped. Threads are going to be renewed over time to try and avoid a probable memory leak.
12-May-2024 16:31:13.067 INFO [Thread-2] org.apache.coyote.AbstractProtocol.stop Stopping ProtocolHandler ["http-nio-8509"]
12-May-2024 16:31:13.095 INFO [Thread-2] org.apache.coyote.AbstractProtocol.stop Stopping ProtocolHandler ["https-jsse-nio-8543"]
12-May-2024 16:31:13.237 INFO [Thread-2] org.apache.coyote.AbstractProtocol.destroy Destroying ProtocolHandler ["http-nio-8509"]
12-May-2024 16:31:13.238 INFO [Thread-2] org.apache.coyote.AbstractProtocol.destroy Destroying ProtocolHandler ["https-jsse-nio-8543"]
