
2024-05-07 17:46:31 Apache Commons Daemon procrun stdout initialized.
Client name : OIDC Client
Client id : wu3qjqYZOBLvhFoJQuFl-BuTiho9uAHmEN7wAiRVY-c
Client id issued at : Tue May 07 17:46:56 IST 2024
Client secret : fea2febd80a75cc783e8c0aeaf22b87886c23636c5634894accfebeb1140385d

2024-05-07 17:51:04 Apache Commons Daemon procrun stdout initialized.
Client name : OIDC Client
Client id : E-CzdEq6qQ0liQxwogm_f3eS4xFaeSWF4ScpT449ZEs
Client id issued at : Tue May 07 17:51:29 IST 2024
Client secret : fea2febd80a75cc783e8c0aeaf22b87886c23636c5634894accfebeb1140385d

2024-05-07 17:58:39 Apache Commons Daemon procrun stdout initialized.
Client name : OIDC Client
Client id : DAOHcwJmw_P1ebgn-_i72qqQjitChy9bomi59jgGTGs
Client id issued at : Tue May 07 17:58:59 IST 2024
Client secret : fea2febd80a75cc783e8c0aeaf22b87886c23636c5634894accfebeb1140385d

2024-05-07 18:17:07 Apache Commons Daemon procrun stdout initialized.
Client name : OIDC Client
Client id : QcPgC4uQ446c8w-oHIftKwyEkRmc0it9lcE5IipEuEo
Client id issued at : Tue May 07 18:17:34 IST 2024
Client secret : fea2febd80a75cc783e8c0aeaf22b87886c23636c5634894accfebeb1140385d
Client name : OIDC Client
Client id : xR7WkWog9IYTX28q4CpbgI6NNWdcavPQ0LssfmBJIwc
Client id issued at : Tue May 07 18:25:54 IST 2024
Client secret : fea2febd80a75cc783e8c0aeaf22b87886c23636c5634894accfebeb1140385d

2024-05-07 18:36:43 Apache Commons Daemon procrun stdout initialized.
Client name : OIDC Client
Client id : YqcEqGPFfI77eWW15qZ_ZWM-0o-biww7bmzxaZ2kw4I
Client id issued at : Tue May 07 18:37:07 IST 2024
Client secret : fea2febd80a75cc783e8c0aeaf22b87886c23636c5634894accfebeb1140385d

2024-05-07 19:06:31 Apache Commons Daemon procrun stdout initialized.

2024-05-07 19:12:55 Apache Commons Daemon procrun stdout initialized.

2024-05-07 19:14:53 Apache Commons Daemon procrun stdout initialized.
