
2024-05-21 19:11:16 Apache Commons Daemon procrun stderr initialized.
WARNING: java.io.tmpdir directory does not exist
21-May-2024 19:11:18.370 WARNING [main] org.apache.tomcat.util.digester.SetPropertiesRule.begin Match [Server/Service/Connector] failed to set property [ssLProtocol] to [TLS]
21-May-2024 19:11:18.377 WARNING [main] org.apache.tomcat.util.digester.SetPropertiesRule.begin Match [Server/Service/Connector] failed to set property [storeType] to [pkcs12]
21-May-2024 19:11:18.418 INFO [main] org.apache.catalina.startup.VersionLoggerListener.log Server version name:   Apache Tomcat/9.0.80
21-May-2024 19:11:18.418 INFO [main] org.apache.catalina.startup.VersionLoggerListener.log Server built:          Aug 23 2023 21:59:38 UTC
21-May-2024 19:11:18.419 INFO [main] org.apache.catalina.startup.VersionLoggerListener.log Server version number: 9.0.80.0
21-May-2024 19:11:18.419 INFO [main] org.apache.catalina.startup.VersionLoggerListener.log OS Name:               Windows 11
21-May-2024 19:11:18.419 INFO [main] org.apache.catalina.startup.VersionLoggerListener.log OS Version:            10.0
21-May-2024 19:11:18.419 INFO [main] org.apache.catalina.startup.VersionLoggerListener.log Architecture:          amd64
21-May-2024 19:11:18.419 INFO [main] org.apache.catalina.startup.VersionLoggerListener.log Java Home:             C:\Program Files\Java\jdk-20
21-May-2024 19:11:18.419 INFO [main] org.apache.catalina.startup.VersionLoggerListener.log JVM Version:           20.0.1+9-29
21-May-2024 19:11:18.419 INFO [main] org.apache.catalina.startup.VersionLoggerListener.log JVM Vendor:            Oracle Corporation
21-May-2024 19:11:18.420 INFO [main] org.apache.catalina.startup.VersionLoggerListener.log CATALINA_BASE:         C:\Tomcat5
21-May-2024 19:11:18.420 INFO [main] org.apache.catalina.startup.VersionLoggerListener.log CATALINA_HOME:         C:\Tomcat5
21-May-2024 19:11:18.420 INFO [main] org.apache.catalina.startup.VersionLoggerListener.log Command line argument: -Dcatalina.home=c:\Tomcat5
21-May-2024 19:11:18.420 INFO [main] org.apache.catalina.startup.VersionLoggerListener.log Command line argument: -Dcatalina.base=c:\Tomcat5
21-May-2024 19:11:18.420 INFO [main] org.apache.catalina.startup.VersionLoggerListener.log Command line argument: -Dignore.endorsed.dirs=c:\Tomcat5\endorsed
21-May-2024 19:11:18.421 INFO [main] org.apache.catalina.startup.VersionLoggerListener.log Command line argument: -Djava.io.tmpdir=c:\Tomcat5\temp
21-May-2024 19:11:18.421 INFO [main] org.apache.catalina.startup.VersionLoggerListener.log Command line argument: -Djava.util.logging.manager=org.apache.juli.ClassLoaderLogManager
21-May-2024 19:11:18.421 INFO [main] org.apache.catalina.startup.VersionLoggerListener.log Command line argument: -Djava.util.logging.config.file=c:\Tomcat5\conf\logging.properties
21-May-2024 19:11:18.421 INFO [main] org.apache.catalina.startup.VersionLoggerListener.log Command line argument: --add-opens=java.base/java.lang=ALL-UNNAMED
21-May-2024 19:11:18.421 INFO [main] org.apache.catalina.startup.VersionLoggerListener.log Command line argument: --add-opens=java.base/java.io=ALL-UNNAMED
21-May-2024 19:11:18.421 INFO [main] org.apache.catalina.startup.VersionLoggerListener.log Command line argument: --add-opens=java.base/java.util=ALL-UNNAMED
21-May-2024 19:11:18.421 INFO [main] org.apache.catalina.startup.VersionLoggerListener.log Command line argument: --add-opens=java.base/java.util.concurrent=ALL-UNNAMED
21-May-2024 19:11:18.421 INFO [main] org.apache.catalina.startup.VersionLoggerListener.log Command line argument: --add-opens=java.rmi/sun.rmi.transport=ALL-UNNAMED
21-May-2024 19:11:18.421 INFO [main] org.apache.catalina.startup.VersionLoggerListener.log Command line argument: exit
21-May-2024 19:11:18.421 INFO [main] org.apache.catalina.startup.VersionLoggerListener.log Command line argument: abort
21-May-2024 19:11:18.422 INFO [main] org.apache.catalina.startup.VersionLoggerListener.log Command line argument: -Xms128m
21-May-2024 19:11:18.422 INFO [main] org.apache.catalina.startup.VersionLoggerListener.log Command line argument: -Xmx256m
21-May-2024 19:11:18.426 INFO [main] org.apache.catalina.core.AprLifecycleListener.lifecycleEvent The Apache Tomcat Native library which allows using OpenSSL was not found on the java.library.path: [c:\Tomcat5\bin;C:\windows\Sun\Java\bin;C:\windows\system32;C:\windows;C:\Program Files\Java\jdk-20\bin;C:\windows\system32;C:\windows;C:\windows\System32\Wbem;C:\windows\System32\WindowsPowerShell\v1.0\;C:\windows\System32\OpenSSH\;C:\Program Files (x86)\NVIDIA Corporation\PhysX\Common;C:\Program Files\NVIDIA Corporation\NVIDIA NvDLISR;C:\Program Files\MySQL\MySQL Server 8.0\bin;C:\Program Files\Java\jdk-20\bin;C:\Program Files\Git\cmd;C:\windows\ServiceProfiles\LocalService\AppData\Local\Microsoft\WindowsApps;.]
21-May-2024 19:11:18.764 INFO [main] org.apache.coyote.AbstractProtocol.init Initializing ProtocolHandler ["http-nio-8509"]
21-May-2024 19:11:18.790 INFO [main] org.apache.coyote.AbstractProtocol.init Initializing ProtocolHandler ["https-jsse-nio-8543"]
21-May-2024 19:11:19.119 INFO [main] org.apache.tomcat.util.net.AbstractEndpoint.logCertificate Connector [https-jsse-nio-8543], TLS virtual host [_default_], certificate type [UNDEFINED] configured from keystore [conf/OAuth2Client.jks] using alias [client] with trust store [conf/trust.jks]
21-May-2024 19:11:19.121 INFO [main] org.apache.catalina.startup.Catalina.load Server initialization in [908] milliseconds
21-May-2024 19:11:19.141 WARNING [main] java.util.ArrayList.forEach Name = dsUsers Property maxActive is not used in DBCP2, use maxTotal instead. maxTotal default value is 8. You have set value of "100" for "maxActive" property, which is being ignored.
21-May-2024 19:11:19.141 WARNING [main] java.util.ArrayList.forEach Name = dsUsers Property maxWait is not used in DBCP2 , use maxWaitMillis instead. maxWaitMillis default value is PT-0.001S. You have set value of "10000" for "maxWait" property, which is being ignored.
21-May-2024 19:11:19.142 INFO [main] java.util.ArrayList.forEach Name = dsUsers Ignoring unknown property: value of "jdbc/dsUsers" for "global" property
21-May-2024 19:11:19.192 INFO [main] org.apache.catalina.core.StandardService.startInternal Starting service [Catalina]
21-May-2024 19:11:19.193 INFO [main] org.apache.catalina.core.StandardEngine.startInternal Starting Servlet engine: [Apache Tomcat/9.0.80]
21-May-2024 19:11:19.219 INFO [main] org.apache.catalina.startup.HostConfig.deployWAR Deploying web application archive [C:\Tomcat5\webapps\OAuth2Client.war]
21-May-2024 19:11:22.656 INFO [main] org.apache.jasper.servlet.TldScanner.scanJars At least one JAR was scanned for TLDs yet contained no TLDs. Enable debug logging for this logger for a complete list of JARs that were scanned but no TLDs were found in them. Skipping unneeded JARs during scanning can improve startup time and JSP compilation time.
21-May-2024 19:11:22.729 INFO [main] org.apache.catalina.startup.HostConfig.deployWAR Deployment of web application archive [C:\Tomcat5\webapps\OAuth2Client.war] has finished in [3,509] ms
21-May-2024 19:11:22.730 INFO [main] org.apache.catalina.startup.HostConfig.deployDirectory Deploying web application directory [C:\Tomcat5\webapps\docs]
21-May-2024 19:11:23.044 INFO [main] org.apache.jasper.servlet.TldScanner.scanJars At least one JAR was scanned for TLDs yet contained no TLDs. Enable debug logging for this logger for a complete list of JARs that were scanned but no TLDs were found in them. Skipping unneeded JARs during scanning can improve startup time and JSP compilation time.
21-May-2024 19:11:23.047 INFO [main] org.apache.catalina.startup.HostConfig.deployDirectory Deployment of web application directory [C:\Tomcat5\webapps\docs] has finished in [317] ms
21-May-2024 19:11:23.047 INFO [main] org.apache.catalina.startup.HostConfig.deployDirectory Deploying web application directory [C:\Tomcat5\webapps\examples]
21-May-2024 19:11:24.037 INFO [main] org.apache.jasper.servlet.TldScanner.scanJars At least one JAR was scanned for TLDs yet contained no TLDs. Enable debug logging for this logger for a complete list of JARs that were scanned but no TLDs were found in them. Skipping unneeded JARs during scanning can improve startup time and JSP compilation time.
21-May-2024 19:11:24.082 INFO [main] org.apache.catalina.core.ApplicationContext.log ContextListener: contextInitialized()
21-May-2024 19:11:24.082 INFO [main] org.apache.catalina.core.ApplicationContext.log SessionListener: contextInitialized()
21-May-2024 19:11:24.083 INFO [main] org.apache.catalina.core.ApplicationContext.log ContextListener: attributeAdded('StockTicker', 'async.Stockticker@1ad27a73')
21-May-2024 19:11:24.096 INFO [main] org.apache.catalina.startup.HostConfig.deployDirectory Deployment of web application directory [C:\Tomcat5\webapps\examples] has finished in [1,048] ms
21-May-2024 19:11:24.096 INFO [main] org.apache.catalina.startup.HostConfig.deployDirectory Deploying web application directory [C:\Tomcat5\webapps\host-manager]
21-May-2024 19:11:24.445 INFO [main] org.apache.jasper.servlet.TldScanner.scanJars At least one JAR was scanned for TLDs yet contained no TLDs. Enable debug logging for this logger for a complete list of JARs that were scanned but no TLDs were found in them. Skipping unneeded JARs during scanning can improve startup time and JSP compilation time.
21-May-2024 19:11:24.450 INFO [main] org.apache.catalina.startup.HostConfig.deployDirectory Deployment of web application directory [C:\Tomcat5\webapps\host-manager] has finished in [354] ms
21-May-2024 19:11:24.451 INFO [main] org.apache.catalina.startup.HostConfig.deployDirectory Deploying web application directory [C:\Tomcat5\webapps\manager]
21-May-2024 19:11:24.761 INFO [main] org.apache.jasper.servlet.TldScanner.scanJars At least one JAR was scanned for TLDs yet contained no TLDs. Enable debug logging for this logger for a complete list of JARs that were scanned but no TLDs were found in them. Skipping unneeded JARs during scanning can improve startup time and JSP compilation time.
21-May-2024 19:11:24.763 INFO [main] org.apache.catalina.startup.HostConfig.deployDirectory Deployment of web application directory [C:\Tomcat5\webapps\manager] has finished in [312] ms
21-May-2024 19:11:24.764 INFO [main] org.apache.catalina.startup.HostConfig.deployDirectory Deploying web application directory [C:\Tomcat5\webapps\ROOT]
21-May-2024 19:11:25.042 INFO [main] org.apache.jasper.servlet.TldScanner.scanJars At least one JAR was scanned for TLDs yet contained no TLDs. Enable debug logging for this logger for a complete list of JARs that were scanned but no TLDs were found in them. Skipping unneeded JARs during scanning can improve startup time and JSP compilation time.
21-May-2024 19:11:25.045 INFO [main] org.apache.catalina.startup.HostConfig.deployDirectory Deployment of web application directory [C:\Tomcat5\webapps\ROOT] has finished in [281] ms
21-May-2024 19:11:25.047 SEVERE [main] org.apache.catalina.mapper.MapperListener.findDefaultHost Unknown default host [localhost] for service [StandardService[Catalina]]. Tomcat will not be able process HTTP/1.0 requests that do not specify a host name.
21-May-2024 19:11:25.048 SEVERE [main] org.apache.catalina.mapper.MapperListener.findDefaultHost Unknown default host [localhost] for service [StandardService[Catalina]]. Tomcat will not be able process HTTP/1.0 requests that do not specify a host name.
21-May-2024 19:11:25.048 INFO [main] org.apache.coyote.AbstractProtocol.start Starting ProtocolHandler ["http-nio-8509"]
21-May-2024 19:11:25.066 INFO [main] org.apache.coyote.AbstractProtocol.start Starting ProtocolHandler ["https-jsse-nio-8543"]
21-May-2024 19:11:25.069 INFO [main] org.apache.catalina.startup.Catalina.start Server startup in [5947] milliseconds
SLF4J: Failed to load class "org.slf4j.impl.StaticLoggerBinder".
SLF4J: Defaulting to no-operation (NOP) logger implementation
SLF4J: See http://www.slf4j.org/codes.html#StaticLoggerBinder for further details.
21-May-2024 20:50:16.721 INFO [https-jsse-nio-8543-exec-9] UserAuthorizationHandler.doGet ClientRepository
21-May-2024 20:50:16.892 INFO [https-jsse-nio-8543-exec-9] UserAuthorizationHandler.doGet {"_id": {"$oid": "663a277bfaa9523498eac7cc"}, "client_id": "YqcEqGPFfI77eWW15qZ_ZWM-0o-biww7bmzxaZ2kw4I", "client_secret": "fea2febd80a75cc783e8c0aeaf22b87886c23636c5634894accfebeb1140385d", "client_id_issued_at": {"$date": "2024-05-07T13:07:07Z"}, "jwks_uri": "https://oauth2server:8643/oauth2server/WebKeySet", "redirect_uri": "https://OAuth2Client:8543/oauth2client/GetCode"}
21-May-2024 20:50:16.895 INFO [https-jsse-nio-8543-exec-9] UserAuthorizationHandler.doGet YqcEqGPFfI77eWW15qZ_ZWM-0o-biww7bmzxaZ2kw4I
21-May-2024 21:02:27.152 INFO [Thread-2] org.apache.coyote.AbstractProtocol.pause Pausing ProtocolHandler ["http-nio-8509"]
21-May-2024 21:02:27.167 INFO [Thread-2] org.apache.coyote.AbstractProtocol.pause Pausing ProtocolHandler ["https-jsse-nio-8543"]
21-May-2024 21:02:27.179 INFO [Thread-2] org.apache.catalina.core.StandardService.stopInternal Stopping service [Catalina]
21-May-2024 21:02:27.180 SEVERE [Thread-2] org.apache.catalina.mapper.MapperListener.findDefaultHost Unknown default host [localhost] for service [StandardService[Catalina]]. Tomcat will not be able process HTTP/1.0 requests that do not specify a host name.
21-May-2024 21:02:27.199 INFO [Thread-2] org.apache.catalina.core.ApplicationContext.log SessionListener: contextDestroyed()
21-May-2024 21:02:27.199 INFO [Thread-2] org.apache.catalina.core.ApplicationContext.log ContextListener: contextDestroyed()
21-May-2024 21:02:27.263 WARNING [Thread-2] org.apache.catalina.loader.WebappClassLoaderBase.clearReferencesThreads The web application [OAuth2Client] appears to have started a thread named [BufferPoolPruner-1-thread-1] but has failed to stop it. This is very likely to create a memory leak. Stack trace of thread:
 java.base/jdk.internal.misc.Unsafe.park(Native Method)
 java.base/java.util.concurrent.locks.LockSupport.parkNanos(LockSupport.java:269)
 java.base/java.util.concurrent.locks.AbstractQueuedSynchronizer$ConditionObject.awaitNanos(AbstractQueuedSynchronizer.java:1758)
 java.base/java.util.concurrent.ScheduledThreadPoolExecutor$DelayedWorkQueue.take(ScheduledThreadPoolExecutor.java:1182)
 java.base/java.util.concurrent.ScheduledThreadPoolExecutor$DelayedWorkQueue.take(ScheduledThreadPoolExecutor.java:899)
 java.base/java.util.concurrent.ThreadPoolExecutor.getTask(ThreadPoolExecutor.java:1070)
 java.base/java.util.concurrent.ThreadPoolExecutor.runWorker(ThreadPoolExecutor.java:1130)
 java.base/java.util.concurrent.ThreadPoolExecutor$Worker.run(ThreadPoolExecutor.java:642)
 java.base/java.lang.Thread.run(Thread.java:1623)
21-May-2024 21:02:27.263 WARNING [Thread-2] org.apache.catalina.loader.WebappClassLoaderBase.clearReferencesThreads The web application [OAuth2Client] appears to have started a thread named [cluster-ClusterId{value='664cbbb0d183c26fdc57549d', description='null'}-oauth2client:27017] but has failed to stop it. This is very likely to create a memory leak. Stack trace of thread:
 java.base/sun.nio.ch.Net.poll(Native Method)
 java.base/sun.nio.ch.NioSocketImpl.park(NioSocketImpl.java:186)
 java.base/sun.nio.ch.NioSocketImpl.timedRead(NioSocketImpl.java:275)
 java.base/sun.nio.ch.NioSocketImpl.implRead(NioSocketImpl.java:299)
 java.base/sun.nio.ch.NioSocketImpl.read(NioSocketImpl.java:340)
 java.base/sun.nio.ch.NioSocketImpl$1.read(NioSocketImpl.java:789)
 java.base/java.net.Socket$SocketInputStream.read(Socket.java:1025)
 com.mongodb.internal.connection.SocketStream.read(SocketStream.java:175)
 com.mongodb.internal.connection.SocketStream.read(SocketStream.java:200)
 com.mongodb.internal.connection.InternalStreamConnection.receiveResponseBuffers(InternalStreamConnection.java:739)
 com.mongodb.internal.connection.InternalStreamConnection.receiveMessageWithAdditionalTimeout(InternalStreamConnection.java:603)
 com.mongodb.internal.connection.InternalStreamConnection.receiveCommandMessageResponse(InternalStreamConnection.java:451)
 com.mongodb.internal.connection.InternalStreamConnection.receive(InternalStreamConnection.java:404)
 com.mongodb.internal.connection.DefaultServerMonitor$ServerMonitorRunnable.lookupServerDescription(DefaultServerMonitor.java:224)
 com.mongodb.internal.connection.DefaultServerMonitor$ServerMonitorRunnable.run(DefaultServerMonitor.java:156)
 java.base/java.lang.Thread.run(Thread.java:1623)
21-May-2024 21:02:27.264 WARNING [Thread-2] org.apache.catalina.loader.WebappClassLoaderBase.clearReferencesThreads The web application [OAuth2Client] appears to have started a thread named [cluster-rtt-ClusterId{value='664cbbb0d183c26fdc57549d', description='null'}-oauth2client:27017] but has failed to stop it. This is very likely to create a memory leak. Stack trace of thread:
 java.base/java.lang.Thread.sleep0(Native Method)
 java.base/java.lang.Thread.sleep(Thread.java:484)
 com.mongodb.internal.connection.DefaultServerMonitor.waitForNext(DefaultServerMonitor.java:442)
 com.mongodb.internal.connection.DefaultServerMonitor.access$1500(DefaultServerMonitor.java:68)
 com.mongodb.internal.connection.DefaultServerMonitor$RoundTripTimeRunnable.run(DefaultServerMonitor.java:413)
 java.base/java.lang.Thread.run(Thread.java:1623)
21-May-2024 21:02:27.264 WARNING [Thread-2] org.apache.catalina.loader.WebappClassLoaderBase.clearReferencesThreads The web application [OAuth2Client] appears to have started a thread named [MaintenanceTimer-2-thread-1] but has failed to stop it. This is very likely to create a memory leak. Stack trace of thread:
 java.base/jdk.internal.misc.Unsafe.park(Native Method)
 java.base/java.util.concurrent.locks.LockSupport.parkNanos(LockSupport.java:269)
 java.base/java.util.concurrent.locks.AbstractQueuedSynchronizer$ConditionObject.awaitNanos(AbstractQueuedSynchronizer.java:1758)
 java.base/java.util.concurrent.ScheduledThreadPoolExecutor$DelayedWorkQueue.take(ScheduledThreadPoolExecutor.java:1182)
 java.base/java.util.concurrent.ScheduledThreadPoolExecutor$DelayedWorkQueue.take(ScheduledThreadPoolExecutor.java:899)
 java.base/java.util.concurrent.ThreadPoolExecutor.getTask(ThreadPoolExecutor.java:1070)
 java.base/java.util.concurrent.ThreadPoolExecutor.runWorker(ThreadPoolExecutor.java:1130)
 java.base/java.util.concurrent.ThreadPoolExecutor$Worker.run(ThreadPoolExecutor.java:642)
 java.base/java.lang.Thread.run(Thread.java:1623)
21-May-2024 21:02:27.264 WARNING [Thread-2] org.apache.catalina.loader.WebappClassLoaderBase.clearReferencesThreads The web application [OAuth2Client] appears to have started a thread named [mysql-cj-abandoned-connection-cleanup] but has failed to stop it. This is very likely to create a memory leak. Stack trace of thread:
 java.base/jdk.internal.misc.Unsafe.park(Native Method)
 java.base/java.util.concurrent.locks.LockSupport.parkNanos(LockSupport.java:269)
 java.base/java.util.concurrent.locks.AbstractQueuedSynchronizer$ConditionObject.await(AbstractQueuedSynchronizer.java:1847)
 java.base/java.lang.ref.ReferenceQueue.await(ReferenceQueue.java:71)
 java.base/java.lang.ref.ReferenceQueue.remove0(ReferenceQueue.java:143)
 java.base/java.lang.ref.ReferenceQueue.remove(ReferenceQueue.java:218)
 com.mysql.cj.jdbc.AbandonedConnectionCleanupThread.run(AbandonedConnectionCleanupThread.java:91)
 java.base/java.util.concurrent.ThreadPoolExecutor.runWorker(ThreadPoolExecutor.java:1144)
 java.base/java.util.concurrent.ThreadPoolExecutor$Worker.run(ThreadPoolExecutor.java:642)
 java.base/java.lang.Thread.run(Thread.java:1623)
21-May-2024 21:02:27.265 SEVERE [Thread-2] org.apache.catalina.loader.WebappClassLoaderBase.checkThreadLocalMapForLeaks The web application [OAuth2Client] created a ThreadLocal with key of type [java.lang.ThreadLocal] (value [java.lang.ThreadLocal@192c787c]) and a value of type [com.mongodb.client.internal.MongoDatabaseImpl] (value [com.mongodb.client.internal.MongoDatabaseImpl@6d5d008e]) but failed to remove it when the web application was stopped. Threads are going to be renewed over time to try and avoid a probable memory leak.
21-May-2024 21:02:27.274 INFO [Thread-2] org.apache.coyote.AbstractProtocol.stop Stopping ProtocolHandler ["http-nio-8509"]
21-May-2024 21:02:27.281 INFO [Thread-2] org.apache.coyote.AbstractProtocol.stop Stopping ProtocolHandler ["https-jsse-nio-8543"]
21-May-2024 21:02:27.303 INFO [Thread-2] org.apache.coyote.AbstractProtocol.destroy Destroying ProtocolHandler ["http-nio-8509"]
21-May-2024 21:02:27.304 INFO [Thread-2] org.apache.coyote.AbstractProtocol.destroy Destroying ProtocolHandler ["https-jsse-nio-8543"]

2024-05-21 21:02:28 Apache Commons Daemon procrun stderr initialized.
WARNING: java.io.tmpdir directory does not exist
21-May-2024 21:02:29.294 WARNING [main] org.apache.tomcat.util.digester.SetPropertiesRule.begin Match [Server/Service/Connector] failed to set property [ssLProtocol] to [TLS]
21-May-2024 21:02:29.304 WARNING [main] org.apache.tomcat.util.digester.SetPropertiesRule.begin Match [Server/Service/Connector] failed to set property [storeType] to [pkcs12]
21-May-2024 21:02:29.335 INFO [main] org.apache.catalina.startup.VersionLoggerListener.log Server version name:   Apache Tomcat/9.0.80
21-May-2024 21:02:29.335 INFO [main] org.apache.catalina.startup.VersionLoggerListener.log Server built:          Aug 23 2023 21:59:38 UTC
21-May-2024 21:02:29.335 INFO [main] org.apache.catalina.startup.VersionLoggerListener.log Server version number: 9.0.80.0
21-May-2024 21:02:29.336 INFO [main] org.apache.catalina.startup.VersionLoggerListener.log OS Name:               Windows 11
21-May-2024 21:02:29.336 INFO [main] org.apache.catalina.startup.VersionLoggerListener.log OS Version:            10.0
21-May-2024 21:02:29.336 INFO [main] org.apache.catalina.startup.VersionLoggerListener.log Architecture:          amd64
21-May-2024 21:02:29.336 INFO [main] org.apache.catalina.startup.VersionLoggerListener.log Java Home:             C:\Program Files\Java\jdk-20
21-May-2024 21:02:29.336 INFO [main] org.apache.catalina.startup.VersionLoggerListener.log JVM Version:           20.0.1+9-29
21-May-2024 21:02:29.336 INFO [main] org.apache.catalina.startup.VersionLoggerListener.log JVM Vendor:            Oracle Corporation
21-May-2024 21:02:29.336 INFO [main] org.apache.catalina.startup.VersionLoggerListener.log CATALINA_BASE:         C:\Tomcat5
21-May-2024 21:02:29.336 INFO [main] org.apache.catalina.startup.VersionLoggerListener.log CATALINA_HOME:         C:\Tomcat5
21-May-2024 21:02:29.337 INFO [main] org.apache.catalina.startup.VersionLoggerListener.log Command line argument: -Dcatalina.home=c:\Tomcat5
21-May-2024 21:02:29.337 INFO [main] org.apache.catalina.startup.VersionLoggerListener.log Command line argument: -Dcatalina.base=c:\Tomcat5
21-May-2024 21:02:29.337 INFO [main] org.apache.catalina.startup.VersionLoggerListener.log Command line argument: -Dignore.endorsed.dirs=c:\Tomcat5\endorsed
21-May-2024 21:02:29.337 INFO [main] org.apache.catalina.startup.VersionLoggerListener.log Command line argument: -Djava.io.tmpdir=c:\Tomcat5\temp
21-May-2024 21:02:29.337 INFO [main] org.apache.catalina.startup.VersionLoggerListener.log Command line argument: -Djava.util.logging.manager=org.apache.juli.ClassLoaderLogManager
21-May-2024 21:02:29.338 INFO [main] org.apache.catalina.startup.VersionLoggerListener.log Command line argument: -Djava.util.logging.config.file=c:\Tomcat5\conf\logging.properties
21-May-2024 21:02:29.338 INFO [main] org.apache.catalina.startup.VersionLoggerListener.log Command line argument: --add-opens=java.base/java.lang=ALL-UNNAMED
21-May-2024 21:02:29.338 INFO [main] org.apache.catalina.startup.VersionLoggerListener.log Command line argument: --add-opens=java.base/java.io=ALL-UNNAMED
21-May-2024 21:02:29.338 INFO [main] org.apache.catalina.startup.VersionLoggerListener.log Command line argument: --add-opens=java.base/java.util=ALL-UNNAMED
21-May-2024 21:02:29.338 INFO [main] org.apache.catalina.startup.VersionLoggerListener.log Command line argument: --add-opens=java.base/java.util.concurrent=ALL-UNNAMED
21-May-2024 21:02:29.338 INFO [main] org.apache.catalina.startup.VersionLoggerListener.log Command line argument: --add-opens=java.rmi/sun.rmi.transport=ALL-UNNAMED
21-May-2024 21:02:29.338 INFO [main] org.apache.catalina.startup.VersionLoggerListener.log Command line argument: exit
21-May-2024 21:02:29.339 INFO [main] org.apache.catalina.startup.VersionLoggerListener.log Command line argument: abort
21-May-2024 21:02:29.339 INFO [main] org.apache.catalina.startup.VersionLoggerListener.log Command line argument: -Xms128m
21-May-2024 21:02:29.339 INFO [main] org.apache.catalina.startup.VersionLoggerListener.log Command line argument: -Xmx256m
21-May-2024 21:02:29.344 INFO [main] org.apache.catalina.core.AprLifecycleListener.lifecycleEvent The Apache Tomcat Native library which allows using OpenSSL was not found on the java.library.path: [c:\Tomcat5\bin;C:\windows\Sun\Java\bin;C:\windows\system32;C:\windows;C:\Program Files\Java\jdk-20\bin;C:\windows\system32;C:\windows;C:\windows\System32\Wbem;C:\windows\System32\WindowsPowerShell\v1.0\;C:\windows\System32\OpenSSH\;C:\Program Files (x86)\NVIDIA Corporation\PhysX\Common;C:\Program Files\NVIDIA Corporation\NVIDIA NvDLISR;C:\Program Files\MySQL\MySQL Server 8.0\bin;C:\Program Files\Java\jdk-20\bin;C:\Program Files\Git\cmd;C:\windows\ServiceProfiles\LocalService\AppData\Local\Microsoft\WindowsApps;.]
21-May-2024 21:02:29.660 INFO [main] org.apache.coyote.AbstractProtocol.init Initializing ProtocolHandler ["http-nio-8509"]
21-May-2024 21:02:29.691 INFO [main] org.apache.coyote.AbstractProtocol.init Initializing ProtocolHandler ["https-jsse-nio-8543"]
21-May-2024 21:02:30.054 INFO [main] org.apache.tomcat.util.net.AbstractEndpoint.logCertificate Connector [https-jsse-nio-8543], TLS virtual host [_default_], certificate type [UNDEFINED] configured from keystore [conf/OAuth2Client.jks] using alias [client] with trust store [conf/trust.jks]
21-May-2024 21:02:30.056 INFO [main] org.apache.catalina.startup.Catalina.load Server initialization in [925] milliseconds
21-May-2024 21:02:30.088 WARNING [main] java.util.ArrayList.forEach Name = dsUsers Property maxActive is not used in DBCP2, use maxTotal instead. maxTotal default value is 8. You have set value of "100" for "maxActive" property, which is being ignored.
21-May-2024 21:02:30.088 WARNING [main] java.util.ArrayList.forEach Name = dsUsers Property maxWait is not used in DBCP2 , use maxWaitMillis instead. maxWaitMillis default value is PT-0.001S. You have set value of "10000" for "maxWait" property, which is being ignored.
21-May-2024 21:02:30.089 INFO [main] java.util.ArrayList.forEach Name = dsUsers Ignoring unknown property: value of "jdbc/dsUsers" for "global" property
21-May-2024 21:02:30.143 INFO [main] org.apache.catalina.core.StandardService.startInternal Starting service [Catalina]
21-May-2024 21:02:30.145 INFO [main] org.apache.catalina.core.StandardEngine.startInternal Starting Servlet engine: [Apache Tomcat/9.0.80]
21-May-2024 21:02:30.162 INFO [main] org.apache.catalina.startup.HostConfig.deployWAR Deploying web application archive [C:\Tomcat5\webapps\OAuth2Client.war]
21-May-2024 21:02:32.663 INFO [main] org.apache.jasper.servlet.TldScanner.scanJars At least one JAR was scanned for TLDs yet contained no TLDs. Enable debug logging for this logger for a complete list of JARs that were scanned but no TLDs were found in them. Skipping unneeded JARs during scanning can improve startup time and JSP compilation time.
21-May-2024 21:02:32.741 INFO [main] org.apache.catalina.startup.HostConfig.deployWAR Deployment of web application archive [C:\Tomcat5\webapps\OAuth2Client.war] has finished in [2,578] ms
21-May-2024 21:02:32.742 INFO [main] org.apache.catalina.startup.HostConfig.deployDirectory Deploying web application directory [C:\Tomcat5\webapps\docs]
21-May-2024 21:02:33.095 INFO [main] org.apache.jasper.servlet.TldScanner.scanJars At least one JAR was scanned for TLDs yet contained no TLDs. Enable debug logging for this logger for a complete list of JARs that were scanned but no TLDs were found in them. Skipping unneeded JARs during scanning can improve startup time and JSP compilation time.
21-May-2024 21:02:33.099 INFO [main] org.apache.catalina.startup.HostConfig.deployDirectory Deployment of web application directory [C:\Tomcat5\webapps\docs] has finished in [357] ms
21-May-2024 21:02:33.099 INFO [main] org.apache.catalina.startup.HostConfig.deployDirectory Deploying web application directory [C:\Tomcat5\webapps\examples]
21-May-2024 21:02:33.739 INFO [main] org.apache.jasper.servlet.TldScanner.scanJars At least one JAR was scanned for TLDs yet contained no TLDs. Enable debug logging for this logger for a complete list of JARs that were scanned but no TLDs were found in them. Skipping unneeded JARs during scanning can improve startup time and JSP compilation time.
21-May-2024 21:02:33.784 INFO [main] org.apache.catalina.core.ApplicationContext.log ContextListener: contextInitialized()
21-May-2024 21:02:33.784 INFO [main] org.apache.catalina.core.ApplicationContext.log SessionListener: contextInitialized()
21-May-2024 21:02:33.785 INFO [main] org.apache.catalina.core.ApplicationContext.log ContextListener: attributeAdded('StockTicker', 'async.Stockticker@5a3783e4')
21-May-2024 21:02:33.797 INFO [main] org.apache.catalina.startup.HostConfig.deployDirectory Deployment of web application directory [C:\Tomcat5\webapps\examples] has finished in [698] ms
21-May-2024 21:02:33.797 INFO [main] org.apache.catalina.startup.HostConfig.deployDirectory Deploying web application directory [C:\Tomcat5\webapps\host-manager]
21-May-2024 21:02:34.100 INFO [main] org.apache.jasper.servlet.TldScanner.scanJars At least one JAR was scanned for TLDs yet contained no TLDs. Enable debug logging for this logger for a complete list of JARs that were scanned but no TLDs were found in them. Skipping unneeded JARs during scanning can improve startup time and JSP compilation time.
21-May-2024 21:02:34.106 INFO [main] org.apache.catalina.startup.HostConfig.deployDirectory Deployment of web application directory [C:\Tomcat5\webapps\host-manager] has finished in [308] ms
21-May-2024 21:02:34.106 INFO [main] org.apache.catalina.startup.HostConfig.deployDirectory Deploying web application directory [C:\Tomcat5\webapps\manager]
21-May-2024 21:02:34.404 INFO [main] org.apache.jasper.servlet.TldScanner.scanJars At least one JAR was scanned for TLDs yet contained no TLDs. Enable debug logging for this logger for a complete list of JARs that were scanned but no TLDs were found in them. Skipping unneeded JARs during scanning can improve startup time and JSP compilation time.
21-May-2024 21:02:34.407 INFO [main] org.apache.catalina.startup.HostConfig.deployDirectory Deployment of web application directory [C:\Tomcat5\webapps\manager] has finished in [301] ms
21-May-2024 21:02:34.407 INFO [main] org.apache.catalina.startup.HostConfig.deployDirectory Deploying web application directory [C:\Tomcat5\webapps\ROOT]
21-May-2024 21:02:34.678 INFO [main] org.apache.jasper.servlet.TldScanner.scanJars At least one JAR was scanned for TLDs yet contained no TLDs. Enable debug logging for this logger for a complete list of JARs that were scanned but no TLDs were found in them. Skipping unneeded JARs during scanning can improve startup time and JSP compilation time.
21-May-2024 21:02:34.681 INFO [main] org.apache.catalina.startup.HostConfig.deployDirectory Deployment of web application directory [C:\Tomcat5\webapps\ROOT] has finished in [274] ms
21-May-2024 21:02:34.682 SEVERE [main] org.apache.catalina.mapper.MapperListener.findDefaultHost Unknown default host [localhost] for service [StandardService[Catalina]]. Tomcat will not be able process HTTP/1.0 requests that do not specify a host name.
21-May-2024 21:02:34.683 SEVERE [main] org.apache.catalina.mapper.MapperListener.findDefaultHost Unknown default host [localhost] for service [StandardService[Catalina]]. Tomcat will not be able process HTTP/1.0 requests that do not specify a host name.
21-May-2024 21:02:34.683 INFO [main] org.apache.coyote.AbstractProtocol.start Starting ProtocolHandler ["http-nio-8509"]
21-May-2024 21:02:34.702 INFO [main] org.apache.coyote.AbstractProtocol.start Starting ProtocolHandler ["https-jsse-nio-8543"]
21-May-2024 21:02:34.706 INFO [main] org.apache.catalina.startup.Catalina.start Server startup in [4648] milliseconds
SLF4J: Failed to load class "org.slf4j.impl.StaticLoggerBinder".
SLF4J: Defaulting to no-operation (NOP) logger implementation
SLF4J: See http://www.slf4j.org/codes.html#StaticLoggerBinder for further details.
22-May-2024 19:59:47.635 INFO [https-jsse-nio-8543-exec-9] UserAuthorizationHandler.doGet ClientRepository
22-May-2024 19:59:47.774 INFO [https-jsse-nio-8543-exec-9] UserAuthorizationHandler.doGet {"_id": {"$oid": "663a277bfaa9523498eac7cc"}, "client_id": "YqcEqGPFfI77eWW15qZ_ZWM-0o-biww7bmzxaZ2kw4I", "client_secret": "fea2febd80a75cc783e8c0aeaf22b87886c23636c5634894accfebeb1140385d", "client_id_issued_at": {"$date": "2024-05-07T13:07:07Z"}, "jwks_uri": "https://oauth2server:8643/oauth2server/WebKeySet", "redirect_uri": "https://OAuth2Client:8543/oauth2client/GetCode"}
22-May-2024 19:59:47.778 INFO [https-jsse-nio-8543-exec-9] UserAuthorizationHandler.doGet YqcEqGPFfI77eWW15qZ_ZWM-0o-biww7bmzxaZ2kw4I
22-May-2024 20:02:42.049 INFO [https-jsse-nio-8543-exec-7] UserAuthorizationHandler.doGet ClientRepository
22-May-2024 20:02:42.076 INFO [https-jsse-nio-8543-exec-7] UserAuthorizationHandler.doGet {"_id": {"$oid": "663a277bfaa9523498eac7cc"}, "client_id": "YqcEqGPFfI77eWW15qZ_ZWM-0o-biww7bmzxaZ2kw4I", "client_secret": "fea2febd80a75cc783e8c0aeaf22b87886c23636c5634894accfebeb1140385d", "client_id_issued_at": {"$date": "2024-05-07T13:07:07Z"}, "jwks_uri": "https://oauth2server:8643/oauth2server/WebKeySet", "redirect_uri": "https://OAuth2Client:8543/oauth2client/GetCode"}
22-May-2024 20:02:42.077 INFO [https-jsse-nio-8543-exec-7] UserAuthorizationHandler.doGet YqcEqGPFfI77eWW15qZ_ZWM-0o-biww7bmzxaZ2kw4I
23-May-2024 17:12:23.071 INFO [https-jsse-nio-8543-exec-5] UserAuthorizationHandler.doGet ClientRepository
23-May-2024 17:12:23.149 INFO [https-jsse-nio-8543-exec-5] UserAuthorizationHandler.doGet {"_id": {"$oid": "663a277bfaa9523498eac7cc"}, "client_id": "YqcEqGPFfI77eWW15qZ_ZWM-0o-biww7bmzxaZ2kw4I", "client_secret": "fea2febd80a75cc783e8c0aeaf22b87886c23636c5634894accfebeb1140385d", "client_id_issued_at": {"$date": "2024-05-07T13:07:07Z"}, "jwks_uri": "https://oauth2server:8643/oauth2server/WebKeySet", "redirect_uri": "https://OAuth2Client:8543/oauth2client/GetCode"}
23-May-2024 17:12:23.150 INFO [https-jsse-nio-8543-exec-5] UserAuthorizationHandler.doGet YqcEqGPFfI77eWW15qZ_ZWM-0o-biww7bmzxaZ2kw4I
23-May-2024 17:13:26.538 INFO [https-jsse-nio-8543-exec-6] UserAuthorizationHandler.doGet ClientRepository
23-May-2024 17:13:26.590 INFO [https-jsse-nio-8543-exec-6] UserAuthorizationHandler.doGet {"_id": {"$oid": "663a277bfaa9523498eac7cc"}, "client_id": "YqcEqGPFfI77eWW15qZ_ZWM-0o-biww7bmzxaZ2kw4I", "client_secret": "fea2febd80a75cc783e8c0aeaf22b87886c23636c5634894accfebeb1140385d", "client_id_issued_at": {"$date": "2024-05-07T13:07:07Z"}, "jwks_uri": "https://oauth2server:8643/oauth2server/WebKeySet", "redirect_uri": "https://OAuth2Client:8543/oauth2client/GetCode"}
23-May-2024 17:13:26.591 INFO [https-jsse-nio-8543-exec-6] UserAuthorizationHandler.doGet YqcEqGPFfI77eWW15qZ_ZWM-0o-biww7bmzxaZ2kw4I
23-May-2024 17:13:58.592 INFO [https-jsse-nio-8543-exec-5] UserAuthorizationHandler.doGet ClientRepository
23-May-2024 17:13:58.596 INFO [https-jsse-nio-8543-exec-5] UserAuthorizationHandler.doGet {"_id": {"$oid": "663a277bfaa9523498eac7cc"}, "client_id": "YqcEqGPFfI77eWW15qZ_ZWM-0o-biww7bmzxaZ2kw4I", "client_secret": "fea2febd80a75cc783e8c0aeaf22b87886c23636c5634894accfebeb1140385d", "client_id_issued_at": {"$date": "2024-05-07T13:07:07Z"}, "jwks_uri": "https://oauth2server:8643/oauth2server/WebKeySet", "redirect_uri": "https://OAuth2Client:8543/oauth2client/GetCode"}
23-May-2024 17:13:58.598 INFO [https-jsse-nio-8543-exec-5] UserAuthorizationHandler.doGet YqcEqGPFfI77eWW15qZ_ZWM-0o-biww7bmzxaZ2kw4I
23-May-2024 17:30:47.862 INFO [https-jsse-nio-8543-exec-3] UserAuthorizationHandler.doGet ClientRepository
23-May-2024 17:30:48.013 INFO [https-jsse-nio-8543-exec-3] UserAuthorizationHandler.doGet {"_id": {"$oid": "663a277bfaa9523498eac7cc"}, "client_id": "YqcEqGPFfI77eWW15qZ_ZWM-0o-biww7bmzxaZ2kw4I", "client_secret": "fea2febd80a75cc783e8c0aeaf22b87886c23636c5634894accfebeb1140385d", "client_id_issued_at": {"$date": "2024-05-07T13:07:07Z"}, "jwks_uri": "https://oauth2server:8643/oauth2server/WebKeySet", "redirect_uri": "https://OAuth2Client:8543/OAuth2Client/GetCode"}
23-May-2024 17:30:48.017 INFO [https-jsse-nio-8543-exec-3] UserAuthorizationHandler.doGet YqcEqGPFfI77eWW15qZ_ZWM-0o-biww7bmzxaZ2kw4I
23-May-2024 17:33:05.790 INFO [Catalina-utility-1] org.apache.catalina.startup.HostConfig.undeploy Undeploying context [/OAuth2Client]
23-May-2024 17:33:07.083 WARNING [Catalina-utility-1] org.apache.catalina.loader.WebappClassLoaderBase.clearReferencesThreads The web application [OAuth2Client] appears to have started a thread named [BufferPoolPruner-1-thread-1] but has failed to stop it. This is very likely to create a memory leak. Stack trace of thread:
 java.base/jdk.internal.misc.Unsafe.park(Native Method)
 java.base/java.util.concurrent.locks.LockSupport.parkNanos(LockSupport.java:269)
 java.base/java.util.concurrent.locks.AbstractQueuedSynchronizer$ConditionObject.awaitNanos(AbstractQueuedSynchronizer.java:1758)
 java.base/java.util.concurrent.ScheduledThreadPoolExecutor$DelayedWorkQueue.take(ScheduledThreadPoolExecutor.java:1182)
 java.base/java.util.concurrent.ScheduledThreadPoolExecutor$DelayedWorkQueue.take(ScheduledThreadPoolExecutor.java:899)
 java.base/java.util.concurrent.ThreadPoolExecutor.getTask(ThreadPoolExecutor.java:1070)
 java.base/java.util.concurrent.ThreadPoolExecutor.runWorker(ThreadPoolExecutor.java:1130)
 java.base/java.util.concurrent.ThreadPoolExecutor$Worker.run(ThreadPoolExecutor.java:642)
 java.base/java.lang.Thread.run(Thread.java:1623)
23-May-2024 17:33:07.085 WARNING [Catalina-utility-1] org.apache.catalina.loader.WebappClassLoaderBase.clearReferencesThreads The web application [OAuth2Client] appears to have started a thread named [cluster-ClusterId{value='664e015b2acd856ca8598d0d', description='null'}-oauth2client:27017] but has failed to stop it. This is very likely to create a memory leak. Stack trace of thread:
 java.base/sun.nio.ch.Net.poll(Native Method)
 java.base/sun.nio.ch.NioSocketImpl.park(NioSocketImpl.java:186)
 java.base/sun.nio.ch.NioSocketImpl.timedRead(NioSocketImpl.java:275)
 java.base/sun.nio.ch.NioSocketImpl.implRead(NioSocketImpl.java:299)
 java.base/sun.nio.ch.NioSocketImpl.read(NioSocketImpl.java:340)
 java.base/sun.nio.ch.NioSocketImpl$1.read(NioSocketImpl.java:789)
 java.base/java.net.Socket$SocketInputStream.read(Socket.java:1025)
 com.mongodb.internal.connection.SocketStream.read(SocketStream.java:175)
 com.mongodb.internal.connection.SocketStream.read(SocketStream.java:200)
 com.mongodb.internal.connection.InternalStreamConnection.receiveResponseBuffers(InternalStreamConnection.java:739)
 com.mongodb.internal.connection.InternalStreamConnection.receiveMessageWithAdditionalTimeout(InternalStreamConnection.java:603)
 com.mongodb.internal.connection.InternalStreamConnection.receiveCommandMessageResponse(InternalStreamConnection.java:451)
 com.mongodb.internal.connection.InternalStreamConnection.receive(InternalStreamConnection.java:404)
 com.mongodb.internal.connection.DefaultServerMonitor$ServerMonitorRunnable.lookupServerDescription(DefaultServerMonitor.java:224)
 com.mongodb.internal.connection.DefaultServerMonitor$ServerMonitorRunnable.run(DefaultServerMonitor.java:156)
 java.base/java.lang.Thread.run(Thread.java:1623)
23-May-2024 17:33:07.085 WARNING [Catalina-utility-1] org.apache.catalina.loader.WebappClassLoaderBase.clearReferencesThreads The web application [OAuth2Client] appears to have started a thread named [cluster-rtt-ClusterId{value='664e015b2acd856ca8598d0d', description='null'}-oauth2client:27017] but has failed to stop it. This is very likely to create a memory leak. Stack trace of thread:
 java.base/java.lang.Thread.sleep0(Native Method)
 java.base/java.lang.Thread.sleep(Thread.java:484)
 com.mongodb.internal.connection.DefaultServerMonitor.waitForNext(DefaultServerMonitor.java:442)
 com.mongodb.internal.connection.DefaultServerMonitor.access$1500(DefaultServerMonitor.java:68)
 com.mongodb.internal.connection.DefaultServerMonitor$RoundTripTimeRunnable.run(DefaultServerMonitor.java:413)
 java.base/java.lang.Thread.run(Thread.java:1623)
23-May-2024 17:33:07.085 WARNING [Catalina-utility-1] org.apache.catalina.loader.WebappClassLoaderBase.clearReferencesThreads The web application [OAuth2Client] appears to have started a thread named [MaintenanceTimer-2-thread-1] but has failed to stop it. This is very likely to create a memory leak. Stack trace of thread:
 java.base/jdk.internal.misc.Unsafe.park(Native Method)
 java.base/java.util.concurrent.locks.LockSupport.parkNanos(LockSupport.java:269)
 java.base/java.util.concurrent.locks.AbstractQueuedSynchronizer$ConditionObject.awaitNanos(AbstractQueuedSynchronizer.java:1758)
 java.base/java.util.concurrent.ScheduledThreadPoolExecutor$DelayedWorkQueue.take(ScheduledThreadPoolExecutor.java:1182)
 java.base/java.util.concurrent.ScheduledThreadPoolExecutor$DelayedWorkQueue.take(ScheduledThreadPoolExecutor.java:899)
 java.base/java.util.concurrent.ThreadPoolExecutor.getTask(ThreadPoolExecutor.java:1070)
 java.base/java.util.concurrent.ThreadPoolExecutor.runWorker(ThreadPoolExecutor.java:1130)
 java.base/java.util.concurrent.ThreadPoolExecutor$Worker.run(ThreadPoolExecutor.java:642)
 java.base/java.lang.Thread.run(Thread.java:1623)
23-May-2024 17:33:07.086 WARNING [Catalina-utility-1] org.apache.catalina.loader.WebappClassLoaderBase.clearReferencesThreads The web application [OAuth2Client] appears to have started a thread named [cluster-ClusterId{value='664e020a2acd856ca8598d0f', description='null'}-oauth2client:27017] but has failed to stop it. This is very likely to create a memory leak. Stack trace of thread:
 java.base/sun.nio.ch.Net.poll(Native Method)
 java.base/sun.nio.ch.NioSocketImpl.park(NioSocketImpl.java:186)
 java.base/sun.nio.ch.NioSocketImpl.timedRead(NioSocketImpl.java:275)
 java.base/sun.nio.ch.NioSocketImpl.implRead(NioSocketImpl.java:299)
 java.base/sun.nio.ch.NioSocketImpl.read(NioSocketImpl.java:340)
 java.base/sun.nio.ch.NioSocketImpl$1.read(NioSocketImpl.java:789)
 java.base/java.net.Socket$SocketInputStream.read(Socket.java:1025)
 com.mongodb.internal.connection.SocketStream.read(SocketStream.java:175)
 com.mongodb.internal.connection.SocketStream.read(SocketStream.java:200)
 com.mongodb.internal.connection.InternalStreamConnection.receiveResponseBuffers(InternalStreamConnection.java:739)
 com.mongodb.internal.connection.InternalStreamConnection.receiveMessageWithAdditionalTimeout(InternalStreamConnection.java:603)
 com.mongodb.internal.connection.InternalStreamConnection.receiveCommandMessageResponse(InternalStreamConnection.java:451)
 com.mongodb.internal.connection.InternalStreamConnection.receive(InternalStreamConnection.java:404)
 com.mongodb.internal.connection.DefaultServerMonitor$ServerMonitorRunnable.lookupServerDescription(DefaultServerMonitor.java:224)
 com.mongodb.internal.connection.DefaultServerMonitor$ServerMonitorRunnable.run(DefaultServerMonitor.java:156)
 java.base/java.lang.Thread.run(Thread.java:1623)
23-May-2024 17:33:07.086 WARNING [Catalina-utility-1] org.apache.catalina.loader.WebappClassLoaderBase.clearReferencesThreads The web application [OAuth2Client] appears to have started a thread named [cluster-rtt-ClusterId{value='664e020a2acd856ca8598d0f', description='null'}-oauth2client:27017] but has failed to stop it. This is very likely to create a memory leak. Stack trace of thread:
 java.base/java.lang.Thread.sleep0(Native Method)
 java.base/java.lang.Thread.sleep(Thread.java:484)
 com.mongodb.internal.connection.DefaultServerMonitor.waitForNext(DefaultServerMonitor.java:442)
 com.mongodb.internal.connection.DefaultServerMonitor.access$1500(DefaultServerMonitor.java:68)
 com.mongodb.internal.connection.DefaultServerMonitor$RoundTripTimeRunnable.run(DefaultServerMonitor.java:413)
 java.base/java.lang.Thread.run(Thread.java:1623)
23-May-2024 17:33:07.087 WARNING [Catalina-utility-1] org.apache.catalina.loader.WebappClassLoaderBase.clearReferencesThreads The web application [OAuth2Client] appears to have started a thread named [MaintenanceTimer-3-thread-1] but has failed to stop it. This is very likely to create a memory leak. Stack trace of thread:
 java.base/jdk.internal.misc.Unsafe.park(Native Method)
 java.base/java.util.concurrent.locks.LockSupport.parkNanos(LockSupport.java:269)
 java.base/java.util.concurrent.locks.AbstractQueuedSynchronizer$ConditionObject.awaitNanos(AbstractQueuedSynchronizer.java:1758)
 java.base/java.util.concurrent.ScheduledThreadPoolExecutor$DelayedWorkQueue.take(ScheduledThreadPoolExecutor.java:1182)
 java.base/java.util.concurrent.ScheduledThreadPoolExecutor$DelayedWorkQueue.take(ScheduledThreadPoolExecutor.java:899)
 java.base/java.util.concurrent.ThreadPoolExecutor.getTask(ThreadPoolExecutor.java:1070)
 java.base/java.util.concurrent.ThreadPoolExecutor.runWorker(ThreadPoolExecutor.java:1130)
 java.base/java.util.concurrent.ThreadPoolExecutor$Worker.run(ThreadPoolExecutor.java:642)
 java.base/java.lang.Thread.run(Thread.java:1623)
23-May-2024 17:33:07.087 WARNING [Catalina-utility-1] org.apache.catalina.loader.WebappClassLoaderBase.clearReferencesThreads The web application [OAuth2Client] appears to have started a thread named [cluster-ClusterId{value='664f2b9f2acd856ca8598d11', description='null'}-oauth2client:27017] but has failed to stop it. This is very likely to create a memory leak. Stack trace of thread:
 java.base/sun.nio.ch.Net.poll(Native Method)
 java.base/sun.nio.ch.NioSocketImpl.park(NioSocketImpl.java:186)
 java.base/sun.nio.ch.NioSocketImpl.timedRead(NioSocketImpl.java:275)
 java.base/sun.nio.ch.NioSocketImpl.implRead(NioSocketImpl.java:299)
 java.base/sun.nio.ch.NioSocketImpl.read(NioSocketImpl.java:340)
 java.base/sun.nio.ch.NioSocketImpl$1.read(NioSocketImpl.java:789)
 java.base/java.net.Socket$SocketInputStream.read(Socket.java:1025)
 com.mongodb.internal.connection.SocketStream.read(SocketStream.java:175)
 com.mongodb.internal.connection.SocketStream.read(SocketStream.java:200)
 com.mongodb.internal.connection.InternalStreamConnection.receiveResponseBuffers(InternalStreamConnection.java:739)
 com.mongodb.internal.connection.InternalStreamConnection.receiveMessageWithAdditionalTimeout(InternalStreamConnection.java:603)
 com.mongodb.internal.connection.InternalStreamConnection.receiveCommandMessageResponse(InternalStreamConnection.java:451)
 com.mongodb.internal.connection.InternalStreamConnection.receive(InternalStreamConnection.java:404)
 com.mongodb.internal.connection.DefaultServerMonitor$ServerMonitorRunnable.lookupServerDescription(DefaultServerMonitor.java:224)
 com.mongodb.internal.connection.DefaultServerMonitor$ServerMonitorRunnable.run(DefaultServerMonitor.java:156)
 java.base/java.lang.Thread.run(Thread.java:1623)
23-May-2024 17:33:07.088 WARNING [Catalina-utility-1] org.apache.catalina.loader.WebappClassLoaderBase.clearReferencesThreads The web application [OAuth2Client] appears to have started a thread named [cluster-rtt-ClusterId{value='664f2b9f2acd856ca8598d11', description='null'}-oauth2client:27017] but has failed to stop it. This is very likely to create a memory leak. Stack trace of thread:
 java.base/java.lang.Thread.sleep0(Native Method)
 java.base/java.lang.Thread.sleep(Thread.java:484)
 com.mongodb.internal.connection.DefaultServerMonitor.waitForNext(DefaultServerMonitor.java:442)
 com.mongodb.internal.connection.DefaultServerMonitor.access$1500(DefaultServerMonitor.java:68)
 com.mongodb.internal.connection.DefaultServerMonitor$RoundTripTimeRunnable.run(DefaultServerMonitor.java:413)
 java.base/java.lang.Thread.run(Thread.java:1623)
23-May-2024 17:33:07.089 WARNING [Catalina-utility-1] org.apache.catalina.loader.WebappClassLoaderBase.clearReferencesThreads The web application [OAuth2Client] appears to have started a thread named [MaintenanceTimer-4-thread-1] but has failed to stop it. This is very likely to create a memory leak. Stack trace of thread:
 java.base/jdk.internal.misc.Unsafe.park(Native Method)
 java.base/java.util.concurrent.locks.LockSupport.parkNanos(LockSupport.java:269)
 java.base/java.util.concurrent.locks.AbstractQueuedSynchronizer$ConditionObject.awaitNanos(AbstractQueuedSynchronizer.java:1758)
 java.base/java.util.concurrent.ScheduledThreadPoolExecutor$DelayedWorkQueue.take(ScheduledThreadPoolExecutor.java:1182)
 java.base/java.util.concurrent.ScheduledThreadPoolExecutor$DelayedWorkQueue.take(ScheduledThreadPoolExecutor.java:899)
 java.base/java.util.concurrent.ThreadPoolExecutor.getTask(ThreadPoolExecutor.java:1070)
 java.base/java.util.concurrent.ThreadPoolExecutor.runWorker(ThreadPoolExecutor.java:1130)
 java.base/java.util.concurrent.ThreadPoolExecutor$Worker.run(ThreadPoolExecutor.java:642)
 java.base/java.lang.Thread.run(Thread.java:1623)
23-May-2024 17:33:07.089 WARNING [Catalina-utility-1] org.apache.catalina.loader.WebappClassLoaderBase.clearReferencesThreads The web application [OAuth2Client] appears to have started a thread named [cluster-ClusterId{value='664f2bde2acd856ca8598d13', description='null'}-oauth2client:27017] but has failed to stop it. This is very likely to create a memory leak. Stack trace of thread:
 java.base/sun.nio.ch.Net.poll(Native Method)
 java.base/sun.nio.ch.NioSocketImpl.park(NioSocketImpl.java:186)
 java.base/sun.nio.ch.NioSocketImpl.timedRead(NioSocketImpl.java:275)
 java.base/sun.nio.ch.NioSocketImpl.implRead(NioSocketImpl.java:299)
 java.base/sun.nio.ch.NioSocketImpl.read(NioSocketImpl.java:340)
 java.base/sun.nio.ch.NioSocketImpl$1.read(NioSocketImpl.java:789)
 java.base/java.net.Socket$SocketInputStream.read(Socket.java:1025)
 com.mongodb.internal.connection.SocketStream.read(SocketStream.java:175)
 com.mongodb.internal.connection.SocketStream.read(SocketStream.java:200)
 com.mongodb.internal.connection.InternalStreamConnection.receiveResponseBuffers(InternalStreamConnection.java:739)
 com.mongodb.internal.connection.InternalStreamConnection.receiveMessageWithAdditionalTimeout(InternalStreamConnection.java:603)
 com.mongodb.internal.connection.InternalStreamConnection.receiveCommandMessageResponse(InternalStreamConnection.java:451)
 com.mongodb.internal.connection.InternalStreamConnection.receive(InternalStreamConnection.java:404)
 com.mongodb.internal.connection.DefaultServerMonitor$ServerMonitorRunnable.lookupServerDescription(DefaultServerMonitor.java:224)
 com.mongodb.internal.connection.DefaultServerMonitor$ServerMonitorRunnable.run(DefaultServerMonitor.java:156)
 java.base/java.lang.Thread.run(Thread.java:1623)
23-May-2024 17:33:07.090 WARNING [Catalina-utility-1] org.apache.catalina.loader.WebappClassLoaderBase.clearReferencesThreads The web application [OAuth2Client] appears to have started a thread named [cluster-rtt-ClusterId{value='664f2bde2acd856ca8598d13', description='null'}-oauth2client:27017] but has failed to stop it. This is very likely to create a memory leak. Stack trace of thread:
 java.base/java.lang.Thread.sleep0(Native Method)
 java.base/java.lang.Thread.sleep(Thread.java:484)
 com.mongodb.internal.connection.DefaultServerMonitor.waitForNext(DefaultServerMonitor.java:442)
 com.mongodb.internal.connection.DefaultServerMonitor.access$1500(DefaultServerMonitor.java:68)
 com.mongodb.internal.connection.DefaultServerMonitor$RoundTripTimeRunnable.run(DefaultServerMonitor.java:413)
 java.base/java.lang.Thread.run(Thread.java:1623)
23-May-2024 17:33:07.090 WARNING [Catalina-utility-1] org.apache.catalina.loader.WebappClassLoaderBase.clearReferencesThreads The web application [OAuth2Client] appears to have started a thread named [MaintenanceTimer-5-thread-1] but has failed to stop it. This is very likely to create a memory leak. Stack trace of thread:
 java.base/jdk.internal.misc.Unsafe.park(Native Method)
 java.base/java.util.concurrent.locks.LockSupport.parkNanos(LockSupport.java:269)
 java.base/java.util.concurrent.locks.AbstractQueuedSynchronizer$ConditionObject.awaitNanos(AbstractQueuedSynchronizer.java:1758)
 java.base/java.util.concurrent.ScheduledThreadPoolExecutor$DelayedWorkQueue.take(ScheduledThreadPoolExecutor.java:1182)
 java.base/java.util.concurrent.ScheduledThreadPoolExecutor$DelayedWorkQueue.take(ScheduledThreadPoolExecutor.java:899)
 java.base/java.util.concurrent.ThreadPoolExecutor.getTask(ThreadPoolExecutor.java:1070)
 java.base/java.util.concurrent.ThreadPoolExecutor.runWorker(ThreadPoolExecutor.java:1130)
 java.base/java.util.concurrent.ThreadPoolExecutor$Worker.run(ThreadPoolExecutor.java:642)
 java.base/java.lang.Thread.run(Thread.java:1623)
23-May-2024 17:33:07.091 WARNING [Catalina-utility-1] org.apache.catalina.loader.WebappClassLoaderBase.clearReferencesThreads The web application [OAuth2Client] appears to have started a thread named [cluster-ClusterId{value='664f2fef2acd856ca8598d16', description='null'}-oauth2client:27017] but has failed to stop it. This is very likely to create a memory leak. Stack trace of thread:
 java.base/sun.nio.ch.Net.poll(Native Method)
 java.base/sun.nio.ch.NioSocketImpl.park(NioSocketImpl.java:186)
 java.base/sun.nio.ch.NioSocketImpl.timedRead(NioSocketImpl.java:275)
 java.base/sun.nio.ch.NioSocketImpl.implRead(NioSocketImpl.java:299)
 java.base/sun.nio.ch.NioSocketImpl.read(NioSocketImpl.java:340)
 java.base/sun.nio.ch.NioSocketImpl$1.read(NioSocketImpl.java:789)
 java.base/java.net.Socket$SocketInputStream.read(Socket.java:1025)
 com.mongodb.internal.connection.SocketStream.read(SocketStream.java:175)
 com.mongodb.internal.connection.SocketStream.read(SocketStream.java:200)
 com.mongodb.internal.connection.InternalStreamConnection.receiveResponseBuffers(InternalStreamConnection.java:739)
 com.mongodb.internal.connection.InternalStreamConnection.receiveMessageWithAdditionalTimeout(InternalStreamConnection.java:603)
 com.mongodb.internal.connection.InternalStreamConnection.receiveCommandMessageResponse(InternalStreamConnection.java:451)
 com.mongodb.internal.connection.InternalStreamConnection.receive(InternalStreamConnection.java:404)
 com.mongodb.internal.connection.DefaultServerMonitor$ServerMonitorRunnable.lookupServerDescription(DefaultServerMonitor.java:224)
 com.mongodb.internal.connection.DefaultServerMonitor$ServerMonitorRunnable.run(DefaultServerMonitor.java:156)
 java.base/java.lang.Thread.run(Thread.java:1623)
23-May-2024 17:33:07.091 WARNING [Catalina-utility-1] org.apache.catalina.loader.WebappClassLoaderBase.clearReferencesThreads The web application [OAuth2Client] appears to have started a thread named [cluster-rtt-ClusterId{value='664f2fef2acd856ca8598d16', description='null'}-oauth2client:27017] but has failed to stop it. This is very likely to create a memory leak. Stack trace of thread:
 java.base/java.lang.Thread.sleep0(Native Method)
 java.base/java.lang.Thread.sleep(Thread.java:484)
 com.mongodb.internal.connection.DefaultServerMonitor.waitForNext(DefaultServerMonitor.java:442)
 com.mongodb.internal.connection.DefaultServerMonitor.access$1500(DefaultServerMonitor.java:68)
 com.mongodb.internal.connection.DefaultServerMonitor$RoundTripTimeRunnable.run(DefaultServerMonitor.java:413)
 java.base/java.lang.Thread.run(Thread.java:1623)
23-May-2024 17:33:07.091 WARNING [Catalina-utility-1] org.apache.catalina.loader.WebappClassLoaderBase.clearReferencesThreads The web application [OAuth2Client] appears to have started a thread named [MaintenanceTimer-6-thread-1] but has failed to stop it. This is very likely to create a memory leak. Stack trace of thread:
 java.base/jdk.internal.misc.Unsafe.park(Native Method)
 java.base/java.util.concurrent.locks.LockSupport.parkNanos(LockSupport.java:269)
 java.base/java.util.concurrent.locks.AbstractQueuedSynchronizer$ConditionObject.awaitNanos(AbstractQueuedSynchronizer.java:1758)
 java.base/java.util.concurrent.ScheduledThreadPoolExecutor$DelayedWorkQueue.take(ScheduledThreadPoolExecutor.java:1182)
 java.base/java.util.concurrent.ScheduledThreadPoolExecutor$DelayedWorkQueue.take(ScheduledThreadPoolExecutor.java:899)
 java.base/java.util.concurrent.ThreadPoolExecutor.getTask(ThreadPoolExecutor.java:1070)
 java.base/java.util.concurrent.ThreadPoolExecutor.runWorker(ThreadPoolExecutor.java:1130)
 java.base/java.util.concurrent.ThreadPoolExecutor$Worker.run(ThreadPoolExecutor.java:642)
 java.base/java.lang.Thread.run(Thread.java:1623)
23-May-2024 17:33:07.093 WARNING [Catalina-utility-1] org.apache.catalina.loader.WebappClassLoaderBase.clearReferencesThreads The web application [OAuth2Client] appears to have started a thread named [mysql-cj-abandoned-connection-cleanup] but has failed to stop it. This is very likely to create a memory leak. Stack trace of thread:
 java.base/jdk.internal.misc.Unsafe.park(Native Method)
 java.base/java.util.concurrent.locks.LockSupport.parkNanos(LockSupport.java:269)
 java.base/java.util.concurrent.locks.AbstractQueuedSynchronizer$ConditionObject.await(AbstractQueuedSynchronizer.java:1847)
 java.base/java.lang.ref.ReferenceQueue.await(ReferenceQueue.java:71)
 java.base/java.lang.ref.ReferenceQueue.remove0(ReferenceQueue.java:143)
 java.base/java.lang.ref.ReferenceQueue.remove(ReferenceQueue.java:218)
 com.mysql.cj.jdbc.AbandonedConnectionCleanupThread.run(AbandonedConnectionCleanupThread.java:91)
 java.base/java.util.concurrent.ThreadPoolExecutor.runWorker(ThreadPoolExecutor.java:1144)
 java.base/java.util.concurrent.ThreadPoolExecutor$Worker.run(ThreadPoolExecutor.java:642)
 java.base/java.lang.Thread.run(Thread.java:1623)
23-May-2024 17:33:07.104 SEVERE [Catalina-utility-1] org.apache.catalina.loader.WebappClassLoaderBase.checkThreadLocalMapForLeaks The web application [OAuth2Client] created a ThreadLocal with key of type [java.lang.ThreadLocal] (value [java.lang.ThreadLocal@6fdce11a]) and a value of type [com.mongodb.client.internal.MongoDatabaseImpl] (value [com.mongodb.client.internal.MongoDatabaseImpl@b15f7f6]) but failed to remove it when the web application was stopped. Threads are going to be renewed over time to try and avoid a probable memory leak.
23-May-2024 17:33:07.104 SEVERE [Catalina-utility-1] org.apache.catalina.loader.WebappClassLoaderBase.checkThreadLocalMapForLeaks The web application [OAuth2Client] created a ThreadLocal with key of type [java.lang.ThreadLocal] (value [java.lang.ThreadLocal@6fdce11a]) and a value of type [com.mongodb.client.internal.MongoDatabaseImpl] (value [com.mongodb.client.internal.MongoDatabaseImpl@6d152bf0]) but failed to remove it when the web application was stopped. Threads are going to be renewed over time to try and avoid a probable memory leak.
23-May-2024 17:33:07.106 SEVERE [Catalina-utility-1] org.apache.catalina.loader.WebappClassLoaderBase.checkThreadLocalMapForLeaks The web application [OAuth2Client] created a ThreadLocal with key of type [java.lang.ThreadLocal] (value [java.lang.ThreadLocal@6fdce11a]) and a value of type [com.mongodb.client.internal.MongoDatabaseImpl] (value [com.mongodb.client.internal.MongoDatabaseImpl@53f4caee]) but failed to remove it when the web application was stopped. Threads are going to be renewed over time to try and avoid a probable memory leak.
23-May-2024 17:33:07.106 SEVERE [Catalina-utility-1] org.apache.catalina.loader.WebappClassLoaderBase.checkThreadLocalMapForLeaks The web application [OAuth2Client] created a ThreadLocal with key of type [java.lang.ThreadLocal] (value [java.lang.ThreadLocal@6fdce11a]) and a value of type [com.mongodb.client.internal.MongoDatabaseImpl] (value [com.mongodb.client.internal.MongoDatabaseImpl@5b2825bb]) but failed to remove it when the web application was stopped. Threads are going to be renewed over time to try and avoid a probable memory leak.
23-May-2024 17:33:07.106 SEVERE [Catalina-utility-1] org.apache.catalina.loader.WebappClassLoaderBase.checkThreadLocalMapForLeaks The web application [OAuth2Client] created a ThreadLocal with key of type [java.lang.ThreadLocal] (value [java.lang.ThreadLocal@6fdce11a]) and a value of type [com.mongodb.client.internal.MongoDatabaseImpl] (value [com.mongodb.client.internal.MongoDatabaseImpl@7f26c36f]) but failed to remove it when the web application was stopped. Threads are going to be renewed over time to try and avoid a probable memory leak.
23-May-2024 17:33:07.215 INFO [Catalina-utility-1] org.apache.catalina.startup.HostConfig.deployWAR Deploying web application archive [C:\Tomcat5\webapps\OAuth2Client.war]
23-May-2024 17:33:11.910 INFO [Catalina-utility-1] org.apache.jasper.servlet.TldScanner.scanJars At least one JAR was scanned for TLDs yet contained no TLDs. Enable debug logging for this logger for a complete list of JARs that were scanned but no TLDs were found in them. Skipping unneeded JARs during scanning can improve startup time and JSP compilation time.
23-May-2024 17:33:11.937 INFO [Catalina-utility-1] org.apache.catalina.startup.HostConfig.deployWAR Deployment of web application archive [C:\Tomcat5\webapps\OAuth2Client.war] has finished in [4,719] ms
23-May-2024 17:33:12.084 INFO [mysql-cj-abandoned-connection-cleanup] org.apache.catalina.loader.WebappClassLoaderBase.checkStateForResourceLoading Illegal access: this web application instance has been stopped already. Could not load []. The following stack trace is thrown for debugging purposes as well as to attempt to terminate the thread which caused the illegal access.
	java.lang.IllegalStateException: Illegal access: this web application instance has been stopped already. Could not load []. The following stack trace is thrown for debugging purposes as well as to attempt to terminate the thread which caused the illegal access.
		at org.apache.catalina.loader.WebappClassLoaderBase.checkStateForResourceLoading(WebappClassLoaderBase.java:1432)
		at org.apache.catalina.loader.WebappClassLoaderBase.getResource(WebappClassLoaderBase.java:1057)
		at com.mysql.cj.jdbc.AbandonedConnectionCleanupThread.checkThreadContextClassLoader(AbandonedConnectionCleanupThread.java:123)
		at com.mysql.cj.jdbc.AbandonedConnectionCleanupThread.run(AbandonedConnectionCleanupThread.java:90)
		at java.base/java.util.concurrent.ThreadPoolExecutor.runWorker(ThreadPoolExecutor.java:1144)
		at java.base/java.util.concurrent.ThreadPoolExecutor$Worker.run(ThreadPoolExecutor.java:642)
		at java.base/java.lang.Thread.run(Thread.java:1623)
23-May-2024 18:06:36.716 INFO [https-jsse-nio-8543-exec-16] UserRequestServlet.doGet reached to doGet
23-May-2024 18:06:36.718 INFO [https-jsse-nio-8543-exec-16] UserRequestServlet.doGet session_idE90A227CD4B44AB2AB3E794B05007E1F
SLF4J: Failed to load class "org.slf4j.impl.StaticLoggerBinder".
SLF4J: Defaulting to no-operation (NOP) logger implementation
SLF4J: See http://www.slf4j.org/codes.html#StaticLoggerBinder for further details.
23-May-2024 18:06:37.365 INFO [https-jsse-nio-8543-exec-16] UserAuthorizationHandler.doGet ClientRepository
23-May-2024 18:06:37.526 INFO [https-jsse-nio-8543-exec-16] UserAuthorizationHandler.doGet {"_id": {"$oid": "663a277bfaa9523498eac7cc"}, "client_id": "YqcEqGPFfI77eWW15qZ_ZWM-0o-biww7bmzxaZ2kw4I", "client_secret": "fea2febd80a75cc783e8c0aeaf22b87886c23636c5634894accfebeb1140385d", "client_id_issued_at": {"$date": "2024-05-07T13:07:07Z"}, "jwks_uri": "https://oauth2server:8643/oauth2server/WebKeySet", "redirect_uri": "https://OAuth2Client:8543/OAuth2Client/GetCode"}
23-May-2024 18:06:37.532 INFO [https-jsse-nio-8543-exec-16] UserAuthorizationHandler.doGet YqcEqGPFfI77eWW15qZ_ZWM-0o-biww7bmzxaZ2kw4I
23-May-2024 18:06:37.563 INFO [https-jsse-nio-8543-exec-16] UserAuthorizationHandler.doGet RequestQuery : response_type=code&redirect_uri=https%3A%2F%2FOAuth2Client%3A8543%2FOAuth2Client%2FGetCode&state=P4nRjdepncNtvv6tcydsKJEF3OWq2DS0zzxmSUJx4BE&client_id=YqcEqGPFfI77eWW15qZ_ZWM-0o-biww7bmzxaZ2kw4I&scope=read+write
23-May-2024 18:07:20.137 INFO [https-jsse-nio-8543-exec-18] GetCodeServlet.doGet Code : XSQwqM7Kp2SQEZhIK3MJsN-jASp7u3HUJY93pDFL-GU
23-May-2024 18:07:20.138 INFO [https-jsse-nio-8543-exec-18] GetCodeServlet.doGet State : P4nRjdepncNtvv6tcydsKJEF3OWq2DS0zzxmSUJx4BE
23-May-2024 18:10:27.065 INFO [Thread-2] org.apache.coyote.AbstractProtocol.pause Pausing ProtocolHandler ["http-nio-8509"]
23-May-2024 18:10:27.084 INFO [Thread-2] org.apache.coyote.AbstractProtocol.pause Pausing ProtocolHandler ["https-jsse-nio-8543"]
23-May-2024 18:10:27.100 INFO [Thread-2] org.apache.catalina.core.StandardService.stopInternal Stopping service [Catalina]
23-May-2024 18:10:27.104 SEVERE [Thread-2] org.apache.catalina.mapper.MapperListener.findDefaultHost Unknown default host [localhost] for service [StandardService[Catalina]]. Tomcat will not be able process HTTP/1.0 requests that do not specify a host name.
23-May-2024 18:10:27.116 INFO [Thread-2] org.apache.catalina.core.ApplicationContext.log SessionListener: contextDestroyed()
23-May-2024 18:10:27.116 INFO [Thread-2] org.apache.catalina.core.ApplicationContext.log ContextListener: contextDestroyed()
23-May-2024 18:10:27.506 WARNING [Thread-2] org.apache.catalina.loader.WebappClassLoaderBase.clearReferencesThreads The web application [OAuth2Client] appears to have started a thread named [BufferPoolPruner-1-thread-1] but has failed to stop it. This is very likely to create a memory leak. Stack trace of thread:
 java.base/jdk.internal.misc.Unsafe.park(Native Method)
 java.base/java.util.concurrent.locks.LockSupport.parkNanos(LockSupport.java:269)
 java.base/java.util.concurrent.locks.AbstractQueuedSynchronizer$ConditionObject.awaitNanos(AbstractQueuedSynchronizer.java:1758)
 java.base/java.util.concurrent.ScheduledThreadPoolExecutor$DelayedWorkQueue.take(ScheduledThreadPoolExecutor.java:1182)
 java.base/java.util.concurrent.ScheduledThreadPoolExecutor$DelayedWorkQueue.take(ScheduledThreadPoolExecutor.java:899)
 java.base/java.util.concurrent.ThreadPoolExecutor.getTask(ThreadPoolExecutor.java:1070)
 java.base/java.util.concurrent.ThreadPoolExecutor.runWorker(ThreadPoolExecutor.java:1130)
 java.base/java.util.concurrent.ThreadPoolExecutor$Worker.run(ThreadPoolExecutor.java:642)
 java.base/java.lang.Thread.run(Thread.java:1623)
23-May-2024 18:10:27.507 WARNING [Thread-2] org.apache.catalina.loader.WebappClassLoaderBase.clearReferencesThreads The web application [OAuth2Client] appears to have started a thread named [cluster-ClusterId{value='664f38553028d7088378f6ae', description='null'}-oauth2client:27017] but has failed to stop it. This is very likely to create a memory leak. Stack trace of thread:
 java.base/sun.nio.ch.Net.poll(Native Method)
 java.base/sun.nio.ch.NioSocketImpl.park(NioSocketImpl.java:186)
 java.base/sun.nio.ch.NioSocketImpl.timedRead(NioSocketImpl.java:275)
 java.base/sun.nio.ch.NioSocketImpl.implRead(NioSocketImpl.java:299)
 java.base/sun.nio.ch.NioSocketImpl.read(NioSocketImpl.java:340)
 java.base/sun.nio.ch.NioSocketImpl$1.read(NioSocketImpl.java:789)
 java.base/java.net.Socket$SocketInputStream.read(Socket.java:1025)
 com.mongodb.internal.connection.SocketStream.read(SocketStream.java:175)
 com.mongodb.internal.connection.SocketStream.read(SocketStream.java:200)
 com.mongodb.internal.connection.InternalStreamConnection.receiveResponseBuffers(InternalStreamConnection.java:739)
 com.mongodb.internal.connection.InternalStreamConnection.receiveMessageWithAdditionalTimeout(InternalStreamConnection.java:603)
 com.mongodb.internal.connection.InternalStreamConnection.receiveCommandMessageResponse(InternalStreamConnection.java:451)
 com.mongodb.internal.connection.InternalStreamConnection.receive(InternalStreamConnection.java:404)
 com.mongodb.internal.connection.DefaultServerMonitor$ServerMonitorRunnable.lookupServerDescription(DefaultServerMonitor.java:224)
 com.mongodb.internal.connection.DefaultServerMonitor$ServerMonitorRunnable.run(DefaultServerMonitor.java:156)
 java.base/java.lang.Thread.run(Thread.java:1623)
23-May-2024 18:10:27.507 WARNING [Thread-2] org.apache.catalina.loader.WebappClassLoaderBase.clearReferencesThreads The web application [OAuth2Client] appears to have started a thread named [cluster-rtt-ClusterId{value='664f38553028d7088378f6ae', description='null'}-oauth2client:27017] but has failed to stop it. This is very likely to create a memory leak. Stack trace of thread:
 java.base/java.lang.Thread.sleep0(Native Method)
 java.base/java.lang.Thread.sleep(Thread.java:484)
 com.mongodb.internal.connection.DefaultServerMonitor.waitForNext(DefaultServerMonitor.java:442)
 com.mongodb.internal.connection.DefaultServerMonitor.access$1500(DefaultServerMonitor.java:68)
 com.mongodb.internal.connection.DefaultServerMonitor$RoundTripTimeRunnable.run(DefaultServerMonitor.java:413)
 java.base/java.lang.Thread.run(Thread.java:1623)
23-May-2024 18:10:27.507 WARNING [Thread-2] org.apache.catalina.loader.WebappClassLoaderBase.clearReferencesThreads The web application [OAuth2Client] appears to have started a thread named [MaintenanceTimer-2-thread-1] but has failed to stop it. This is very likely to create a memory leak. Stack trace of thread:
 java.base/jdk.internal.misc.Unsafe.park(Native Method)
 java.base/java.util.concurrent.locks.LockSupport.parkNanos(LockSupport.java:269)
 java.base/java.util.concurrent.locks.AbstractQueuedSynchronizer$ConditionObject.awaitNanos(AbstractQueuedSynchronizer.java:1758)
 java.base/java.util.concurrent.ScheduledThreadPoolExecutor$DelayedWorkQueue.take(ScheduledThreadPoolExecutor.java:1182)
 java.base/java.util.concurrent.ScheduledThreadPoolExecutor$DelayedWorkQueue.take(ScheduledThreadPoolExecutor.java:899)
 java.base/java.util.concurrent.ThreadPoolExecutor.getTask(ThreadPoolExecutor.java:1070)
 java.base/java.util.concurrent.ThreadPoolExecutor.runWorker(ThreadPoolExecutor.java:1130)
 java.base/java.util.concurrent.ThreadPoolExecutor$Worker.run(ThreadPoolExecutor.java:642)
 java.base/java.lang.Thread.run(Thread.java:1623)
23-May-2024 18:10:27.508 WARNING [Thread-2] org.apache.catalina.loader.WebappClassLoaderBase.clearReferencesThreads The web application [OAuth2Client] appears to have started a thread named [mysql-cj-abandoned-connection-cleanup] but has failed to stop it. This is very likely to create a memory leak. Stack trace of thread:
 java.base/java.io.WinNTFileSystem.getBooleanAttributes0(Native Method)
 java.base/java.io.WinNTFileSystem.getBooleanAttributes(WinNTFileSystem.java:588)
 java.base/java.io.FileSystem.hasBooleanAttributes(FileSystem.java:125)
 java.base/java.io.File.exists(File.java:836)
 org.apache.catalina.webresources.FileResource.getURL(FileResource.java:251)
 org.apache.catalina.webresources.CachedResource.getURL(CachedResource.java:338)
 org.apache.catalina.loader.WebappClassLoaderBase.findResource(WebappClassLoaderBase.java:956)
 org.apache.catalina.loader.WebappClassLoaderBase.getResource(WebappClassLoaderBase.java:1078)
 com.mysql.cj.jdbc.AbandonedConnectionCleanupThread.checkThreadContextClassLoader(AbandonedConnectionCleanupThread.java:123)
 com.mysql.cj.jdbc.AbandonedConnectionCleanupThread.run(AbandonedConnectionCleanupThread.java:90)
 java.base/java.util.concurrent.ThreadPoolExecutor.runWorker(ThreadPoolExecutor.java:1144)
 java.base/java.util.concurrent.ThreadPoolExecutor$Worker.run(ThreadPoolExecutor.java:642)
 java.base/java.lang.Thread.run(Thread.java:1623)
23-May-2024 18:10:27.509 SEVERE [Thread-2] org.apache.catalina.loader.WebappClassLoaderBase.checkThreadLocalMapForLeaks The web application [OAuth2Client] created a ThreadLocal with key of type [java.lang.ThreadLocal] (value [java.lang.ThreadLocal@18b12253]) and a value of type [com.mongodb.client.internal.MongoDatabaseImpl] (value [com.mongodb.client.internal.MongoDatabaseImpl@7530e843]) but failed to remove it when the web application was stopped. Threads are going to be renewed over time to try and avoid a probable memory leak.
23-May-2024 18:10:27.517 INFO [Thread-2] org.apache.coyote.AbstractProtocol.stop Stopping ProtocolHandler ["http-nio-8509"]
23-May-2024 18:10:27.522 INFO [Thread-2] org.apache.coyote.AbstractProtocol.stop Stopping ProtocolHandler ["https-jsse-nio-8543"]
23-May-2024 18:10:27.549 INFO [Thread-2] org.apache.coyote.AbstractProtocol.destroy Destroying ProtocolHandler ["http-nio-8509"]
23-May-2024 18:10:27.550 INFO [Thread-2] org.apache.coyote.AbstractProtocol.destroy Destroying ProtocolHandler ["https-jsse-nio-8543"]
